[0.868s] Invoking command in '/home/azakaria/Documents/sim_v2/ros2_ws/src/camera_pkg': CONDA_PROMPT_MODIFIER=(base) DEBUGINFOD_URLS=https://debuginfod.ubuntu.com PYTHONPATH=/home/azakaria/Documents/sim_v2/ros2_ws/build/camera_pkg/prefix_override:/usr/lib/python3/dist-packages/colcon_core/task/python/colcon_distutils_commands:/home/azakaria/Documents/sim_v2/ros2_ws/install/camera_pkg/lib/python3.12/site-packages:${PYTHONPATH} /usr/bin/python3 -W ignore:setup.py install is deprecated setup.py egg_info --egg-base ../../build/camera_pkg build --build-base /home/azakaria/Documents/sim_v2/ros2_ws/build/camera_pkg/build install --record /home/azakaria/Documents/sim_v2/ros2_ws/build/camera_pkg/install.log --single-version-externally-managed install_data
[1.053s] running egg_info
[1.067s] writing ../../build/camera_pkg/camera_pkg.egg-info/PKG-INFO
[1.067s] writing dependency_links to ../../build/camera_pkg/camera_pkg.egg-info/dependency_links.txt
[1.067s] writing entry points to ../../build/camera_pkg/camera_pkg.egg-info/entry_points.txt
[1.067s] writing requirements to ../../build/camera_pkg/camera_pkg.egg-info/requires.txt
[1.067s] writing top-level names to ../../build/camera_pkg/camera_pkg.egg-info/top_level.txt
[1.096s] reading manifest file '../../build/camera_pkg/camera_pkg.egg-info/SOURCES.txt'
[1.096s] writing manifest file '../../build/camera_pkg/camera_pkg.egg-info/SOURCES.txt'
[1.096s] running build
[1.096s] running build_py
[1.096s] running install
[1.101s] running install_lib
[1.116s] running install_data
[1.116s] running install_egg_info
[1.134s] removing '/home/azakaria/Documents/sim_v2/ros2_ws/install/camera_pkg/lib/python3.12/site-packages/camera_pkg-0.0.0-py3.12.egg-info' (and everything under it)
[1.134s] Copying ../../build/camera_pkg/camera_pkg.egg-info to /home/azakaria/Documents/sim_v2/ros2_ws/install/camera_pkg/lib/python3.12/site-packages/camera_pkg-0.0.0-py3.12.egg-info
[1.134s] running install_scripts
[1.227s] Installing camera_node script to /home/azakaria/Documents/sim_v2/ros2_ws/install/camera_pkg/lib/camera_pkg
[1.227s] writing list of installed files to '/home/azakaria/Documents/sim_v2/ros2_ws/build/camera_pkg/install.log'
[1.248s] Invoked command in '/home/azakaria/Documents/sim_v2/ros2_ws/src/camera_pkg' returned '0': CONDA_PROMPT_MODIFIER=(base) DEBUGINFOD_URLS=https://debuginfod.ubuntu.com PYTHONPATH=/home/azakaria/Documents/sim_v2/ros2_ws/build/camera_pkg/prefix_override:/usr/lib/python3/dist-packages/colcon_core/task/python/colcon_distutils_commands:/home/azakaria/Documents/sim_v2/ros2_ws/install/camera_pkg/lib/python3.12/site-packages:${PYTHONPATH} /usr/bin/python3 -W ignore:setup.py install is deprecated setup.py egg_info --egg-base ../../build/camera_pkg build --build-base /home/azakaria/Documents/sim_v2/ros2_ws/build/camera_pkg/build install --record /home/azakaria/Documents/sim_v2/ros2_ws/build/camera_pkg/install.log --single-version-externally-managed install_data
