running egg_info
writing ../../build/static_camera/static_camera.egg-info/PKG-INFO
writing dependency_links to ../../build/static_camera/static_camera.egg-info/dependency_links.txt
writing entry points to ../../build/static_camera/static_camera.egg-info/entry_points.txt
writing requirements to ../../build/static_camera/static_camera.egg-info/requires.txt
writing top-level names to ../../build/static_camera/static_camera.egg-info/top_level.txt
reading manifest file '../../build/static_camera/static_camera.egg-info/SOURCES.txt'
writing manifest file '../../build/static_camera/static_camera.egg-info/SOURCES.txt'
running build
running build_py
copying static_camera/camera_subscriber.py -> /home/azakaria/Documents/sim_v2/ros2_ws/build/static_camera/build/lib/static_camera
running install
running install_lib
copying /home/azakaria/Documents/sim_v2/ros2_ws/build/static_camera/build/lib/static_camera/camera_subscriber.py -> /home/azakaria/Documents/sim_v2/ros2_ws/install/static_camera/lib/python3.12/site-packages/static_camera
byte-compiling /home/azakaria/Documents/sim_v2/ros2_ws/install/static_camera/lib/python3.12/site-packages/static_camera/camera_subscriber.py to camera_subscriber.cpython-312.pyc
running install_data
running install_egg_info
removing '/home/azakaria/Documents/sim_v2/ros2_ws/install/static_camera/lib/python3.12/site-packages/static_camera-0.0.0-py3.12.egg-info' (and everything under it)
Copying ../../build/static_camera/static_camera.egg-info to /home/azakaria/Documents/sim_v2/ros2_ws/install/static_camera/lib/python3.12/site-packages/static_camera-0.0.0-py3.12.egg-info
running install_scripts
Installing camera_subscriber script to /home/azakaria/Documents/sim_v2/ros2_ws/install/static_camera/lib/static_camera
writing list of installed files to '/home/azakaria/Documents/sim_v2/ros2_ws/build/static_camera/install.log'
