[0.856s] Invoking command in '/home/azakaria/Documents/sim_v2/ros2_ws/src/ev3_motor_pkg': CONDA_PROMPT_MODIFIER=(base) DEBUGINFOD_URLS=https://debuginfod.ubuntu.com PYTHONPATH=/home/azakaria/Documents/sim_v2/ros2_ws/build/ev3_motor_pkg/prefix_override:/usr/lib/python3/dist-packages/colcon_core/task/python/colcon_distutils_commands:/home/azakaria/Documents/sim_v2/ros2_ws/install/ev3_motor_pkg/lib/python3.12/site-packages:${PYTHONPATH} /usr/bin/python3 -W ignore:setup.py install is deprecated setup.py egg_info --egg-base ../../build/ev3_motor_pkg build --build-base /home/azakaria/Documents/sim_v2/ros2_ws/build/ev3_motor_pkg/build install --record /home/azakaria/Documents/sim_v2/ros2_ws/build/ev3_motor_pkg/install.log --single-version-externally-managed install_data
[1.039s] running egg_info
[1.039s] creating ../../build/ev3_motor_pkg/ev3_motor_pkg.egg-info
[1.053s] writing ../../build/ev3_motor_pkg/ev3_motor_pkg.egg-info/PKG-INFO
[1.053s] writing dependency_links to ../../build/ev3_motor_pkg/ev3_motor_pkg.egg-info/dependency_links.txt
[1.053s] writing entry points to ../../build/ev3_motor_pkg/ev3_motor_pkg.egg-info/entry_points.txt
[1.053s] writing requirements to ../../build/ev3_motor_pkg/ev3_motor_pkg.egg-info/requires.txt
[1.053s] writing top-level names to ../../build/ev3_motor_pkg/ev3_motor_pkg.egg-info/top_level.txt
[1.053s] writing manifest file '../../build/ev3_motor_pkg/ev3_motor_pkg.egg-info/SOURCES.txt'
[1.082s] reading manifest file '../../build/ev3_motor_pkg/ev3_motor_pkg.egg-info/SOURCES.txt'
[1.082s] writing manifest file '../../build/ev3_motor_pkg/ev3_motor_pkg.egg-info/SOURCES.txt'
[1.082s] running build
[1.082s] running build_py
[1.082s] creating /home/azakaria/Documents/sim_v2/ros2_ws/build/ev3_motor_pkg/build
[1.082s] creating /home/azakaria/Documents/sim_v2/ros2_ws/build/ev3_motor_pkg/build/lib
[1.082s] creating /home/azakaria/Documents/sim_v2/ros2_ws/build/ev3_motor_pkg/build/lib/ev3_motor_pkg
[1.082s] copying ev3_motor_pkg/motor_controller.py -> /home/azakaria/Documents/sim_v2/ros2_ws/build/ev3_motor_pkg/build/lib/ev3_motor_pkg
[1.083s] copying ev3_motor_pkg/__init__.py -> /home/azakaria/Documents/sim_v2/ros2_ws/build/ev3_motor_pkg/build/lib/ev3_motor_pkg
[1.083s] running install
[1.087s] running install_lib
[1.101s] creating /home/azakaria/Documents/sim_v2/ros2_ws/install/ev3_motor_pkg/lib/python3.12/site-packages/ev3_motor_pkg
[1.101s] copying /home/azakaria/Documents/sim_v2/ros2_ws/build/ev3_motor_pkg/build/lib/ev3_motor_pkg/motor_controller.py -> /home/azakaria/Documents/sim_v2/ros2_ws/install/ev3_motor_pkg/lib/python3.12/site-packages/ev3_motor_pkg
[1.101s] copying /home/azakaria/Documents/sim_v2/ros2_ws/build/ev3_motor_pkg/build/lib/ev3_motor_pkg/__init__.py -> /home/azakaria/Documents/sim_v2/ros2_ws/install/ev3_motor_pkg/lib/python3.12/site-packages/ev3_motor_pkg
[1.102s] byte-compiling /home/azakaria/Documents/sim_v2/ros2_ws/install/ev3_motor_pkg/lib/python3.12/site-packages/ev3_motor_pkg/motor_controller.py to motor_controller.cpython-312.pyc
[1.102s] byte-compiling /home/azakaria/Documents/sim_v2/ros2_ws/install/ev3_motor_pkg/lib/python3.12/site-packages/ev3_motor_pkg/__init__.py to __init__.cpython-312.pyc
[1.102s] running install_data
[1.102s] creating /home/azakaria/Documents/sim_v2/ros2_ws/install/ev3_motor_pkg/share/ament_index
[1.102s] creating /home/azakaria/Documents/sim_v2/ros2_ws/install/ev3_motor_pkg/share/ament_index/resource_index
[1.102s] creating /home/azakaria/Documents/sim_v2/ros2_ws/install/ev3_motor_pkg/share/ament_index/resource_index/packages
[1.103s] copying resource/ev3_motor_pkg -> /home/azakaria/Documents/sim_v2/ros2_ws/install/ev3_motor_pkg/share/ament_index/resource_index/packages
[1.103s] copying package.xml -> /home/azakaria/Documents/sim_v2/ros2_ws/install/ev3_motor_pkg/share/ev3_motor_pkg
[1.103s] running install_egg_info
[1.118s] Copying ../../build/ev3_motor_pkg/ev3_motor_pkg.egg-info to /home/azakaria/Documents/sim_v2/ros2_ws/install/ev3_motor_pkg/lib/python3.12/site-packages/ev3_motor_pkg-0.0.0-py3.12.egg-info
[1.118s] running install_scripts
[1.209s] Installing motor_controller script to /home/azakaria/Documents/sim_v2/ros2_ws/install/ev3_motor_pkg/lib/ev3_motor_pkg
[1.210s] writing list of installed files to '/home/azakaria/Documents/sim_v2/ros2_ws/build/ev3_motor_pkg/install.log'
[1.230s] Invoked command in '/home/azakaria/Documents/sim_v2/ros2_ws/src/ev3_motor_pkg' returned '0': CONDA_PROMPT_MODIFIER=(base) DEBUGINFOD_URLS=https://debuginfod.ubuntu.com PYTHONPATH=/home/azakaria/Documents/sim_v2/ros2_ws/build/ev3_motor_pkg/prefix_override:/usr/lib/python3/dist-packages/colcon_core/task/python/colcon_distutils_commands:/home/azakaria/Documents/sim_v2/ros2_ws/install/ev3_motor_pkg/lib/python3.12/site-packages:${PYTHONPATH} /usr/bin/python3 -W ignore:setup.py install is deprecated setup.py egg_info --egg-base ../../build/ev3_motor_pkg build --build-base /home/azakaria/Documents/sim_v2/ros2_ws/build/ev3_motor_pkg/build install --record /home/azakaria/Documents/sim_v2/ros2_ws/build/ev3_motor_pkg/install.log --single-version-externally-managed install_data
