[0.736s] Invoking command in '/home/azakaria/Documents/sim_v2/ros2_ws/src/robot_description': CONDA_PROMPT_MODIFIER=(base) DEBUGINFOD_URLS=https://debuginfod.ubuntu.com PYTHONPATH=/home/azakaria/Documents/sim_v2/ros2_ws/build/robot_description/prefix_override:/usr/lib/python3/dist-packages/colcon_core/task/python/colcon_distutils_commands:/home/azakaria/Documents/sim_v2/ros2_ws/install/robot_description/lib/python3.12/site-packages:${PYTHONPATH} /usr/bin/python3 -W ignore:setup.py install is deprecated setup.py egg_info --egg-base ../../build/robot_description build --build-base /home/azakaria/Documents/sim_v2/ros2_ws/build/robot_description/build install --record /home/azakaria/Documents/sim_v2/ros2_ws/build/robot_description/install.log --single-version-externally-managed install_data
[0.932s] running egg_info
[0.947s] writing ../../build/robot_description/robot_description.egg-info/PKG-INFO
[0.947s] writing dependency_links to ../../build/robot_description/robot_description.egg-info/dependency_links.txt
[0.947s] writing entry points to ../../build/robot_description/robot_description.egg-info/entry_points.txt
[0.947s] writing requirements to ../../build/robot_description/robot_description.egg-info/requires.txt
[0.947s] writing top-level names to ../../build/robot_description/robot_description.egg-info/top_level.txt
[0.977s] reading manifest file '../../build/robot_description/robot_description.egg-info/SOURCES.txt'
[0.979s] writing manifest file '../../build/robot_description/robot_description.egg-info/SOURCES.txt'
[0.979s] running build
[0.979s] running build_py
[0.979s] running install
[0.984s] running install_lib
[0.999s] running install_data
[0.999s] copying launch/project_world.launch.py -> /home/azakaria/Documents/sim_v2/ros2_ws/install/robot_description/share/robot_description/launch
[1.001s] running install_egg_info
[1.016s] removing '/home/azakaria/Documents/sim_v2/ros2_ws/install/robot_description/lib/python3.12/site-packages/robot_description-0.0.0-py3.12.egg-info' (and everything under it)
[1.016s] Copying ../../build/robot_description/robot_description.egg-info to /home/azakaria/Documents/sim_v2/ros2_ws/install/robot_description/lib/python3.12/site-packages/robot_description-0.0.0-py3.12.egg-info
[1.017s] running install_scripts
[1.108s] Installing mape_node script to /home/azakaria/Documents/sim_v2/ros2_ws/install/robot_description/lib/robot_description
[1.109s] writing list of installed files to '/home/azakaria/Documents/sim_v2/ros2_ws/build/robot_description/install.log'
[1.128s] Invoked command in '/home/azakaria/Documents/sim_v2/ros2_ws/src/robot_description' returned '0': CONDA_PROMPT_MODIFIER=(base) DEBUGINFOD_URLS=https://debuginfod.ubuntu.com PYTHONPATH=/home/azakaria/Documents/sim_v2/ros2_ws/build/robot_description/prefix_override:/usr/lib/python3/dist-packages/colcon_core/task/python/colcon_distutils_commands:/home/azakaria/Documents/sim_v2/ros2_ws/install/robot_description/lib/python3.12/site-packages:${PYTHONPATH} /usr/bin/python3 -W ignore:setup.py install is deprecated setup.py egg_info --egg-base ../../build/robot_description build --build-base /home/azakaria/Documents/sim_v2/ros2_ws/build/robot_description/build install --record /home/azakaria/Documents/sim_v2/ros2_ws/build/robot_description/install.log --single-version-externally-managed install_data
