[0.589s] Invoking command in '/home/azakaria/Documents/sim_v2/ros2_ws/src/robot_description': CONDA_PROMPT_MODIFIER=(base) DEBUGINFOD_URLS=https://debuginfod.ubuntu.com PYTHONPATH=/home/azakaria/Documents/sim_v2/ros2_ws/build/robot_description/prefix_override:/usr/lib/python3/dist-packages/colcon_core/task/python/colcon_distutils_commands:/home/azakaria/Documents/sim_v2/ros2_ws/install/robot_description/lib/python3.12/site-packages:${PYTHONPATH} /usr/bin/python3 -W ignore:setup.py install is deprecated setup.py egg_info --egg-base ../../build/robot_description build --build-base /home/azakaria/Documents/sim_v2/ros2_ws/build/robot_description/build install --record /home/azakaria/Documents/sim_v2/ros2_ws/build/robot_description/install.log --single-version-externally-managed install_data
[0.785s] running egg_info
[0.800s] writing ../../build/robot_description/robot_description.egg-info/PKG-INFO
[0.800s] writing dependency_links to ../../build/robot_description/robot_description.egg-info/dependency_links.txt
[0.800s] writing entry points to ../../build/robot_description/robot_description.egg-info/entry_points.txt
[0.800s] writing requirements to ../../build/robot_description/robot_description.egg-info/requires.txt
[0.800s] writing top-level names to ../../build/robot_description/robot_description.egg-info/top_level.txt
[0.831s] reading manifest file '../../build/robot_description/robot_description.egg-info/SOURCES.txt'
[0.833s] writing manifest file '../../build/robot_description/robot_description.egg-info/SOURCES.txt'
[0.833s] running build
[0.833s] running build_py
[0.833s] running install
[0.838s] running install_lib
[0.854s] running install_data
[0.854s] copying launch/mape.launch.py -> /home/azakaria/Documents/sim_v2/ros2_ws/install/robot_description/share/robot_description/launch
[0.856s] running install_egg_info
[0.872s] removing '/home/azakaria/Documents/sim_v2/ros2_ws/install/robot_description/lib/python3.12/site-packages/robot_description-0.0.0-py3.12.egg-info' (and everything under it)
[0.872s] Copying ../../build/robot_description/robot_description.egg-info to /home/azakaria/Documents/sim_v2/ros2_ws/install/robot_description/lib/python3.12/site-packages/robot_description-0.0.0-py3.12.egg-info
[0.873s] running install_scripts
[0.970s] Installing aruco_detection_pose_estimation script to /home/azakaria/Documents/sim_v2/ros2_ws/install/robot_description/lib/robot_description
[0.970s] Installing camera_subscriber script to /home/azakaria/Documents/sim_v2/ros2_ws/install/robot_description/lib/robot_description
[0.970s] Installing mape script to /home/azakaria/Documents/sim_v2/ros2_ws/install/robot_description/lib/robot_description
[0.970s] Installing obstacle_avoidance script to /home/azakaria/Documents/sim_v2/ros2_ws/install/robot_description/lib/robot_description
[0.971s] writing list of installed files to '/home/azakaria/Documents/sim_v2/ros2_ws/build/robot_description/install.log'
[0.988s] Invoked command in '/home/azakaria/Documents/sim_v2/ros2_ws/src/robot_description' returned '0': CONDA_PROMPT_MODIFIER=(base) DEBUGINFOD_URLS=https://debuginfod.ubuntu.com PYTHONPATH=/home/azakaria/Documents/sim_v2/ros2_ws/build/robot_description/prefix_override:/usr/lib/python3/dist-packages/colcon_core/task/python/colcon_distutils_commands:/home/azakaria/Documents/sim_v2/ros2_ws/install/robot_description/lib/python3.12/site-packages:${PYTHONPATH} /usr/bin/python3 -W ignore:setup.py install is deprecated setup.py egg_info --egg-base ../../build/robot_description build --build-base /home/azakaria/Documents/sim_v2/ros2_ws/build/robot_description/build install --record /home/azakaria/Documents/sim_v2/ros2_ws/build/robot_description/install.log --single-version-externally-managed install_data
