[0.704s] Invoking command in '/home/azakaria/Documents/sim_v2/ros2_ws/src/static_camera': CONDA_PROMPT_MODIFIER=(base) DEBUGINFOD_URLS=https://debuginfod.ubuntu.com PYTHONPATH=/home/azakaria/Documents/sim_v2/ros2_ws/build/static_camera/prefix_override:/usr/lib/python3/dist-packages/colcon_core/task/python/colcon_distutils_commands:/home/azakaria/Documents/sim_v2/ros2_ws/install/static_camera/lib/python3.12/site-packages:${PYTHONPATH} /usr/bin/python3 -W ignore:setup.py install is deprecated setup.py egg_info --egg-base ../../build/static_camera build --build-base /home/azakaria/Documents/sim_v2/ros2_ws/build/static_camera/build install --record /home/azakaria/Documents/sim_v2/ros2_ws/build/static_camera/install.log --single-version-externally-managed install_data
[0.896s] running egg_info
[0.912s] writing ../../build/static_camera/static_camera.egg-info/PKG-INFO
[0.912s] writing dependency_links to ../../build/static_camera/static_camera.egg-info/dependency_links.txt
[0.912s] writing entry points to ../../build/static_camera/static_camera.egg-info/entry_points.txt
[0.912s] writing requirements to ../../build/static_camera/static_camera.egg-info/requires.txt
[0.912s] writing top-level names to ../../build/static_camera/static_camera.egg-info/top_level.txt
[0.942s] reading manifest file '../../build/static_camera/static_camera.egg-info/SOURCES.txt'
[0.943s] writing manifest file '../../build/static_camera/static_camera.egg-info/SOURCES.txt'
[0.943s] running build
[0.943s] running build_py
[0.943s] running install
[0.947s] running install_lib
[0.963s] running install_data
[0.963s] copying launch/spawn_static_cam2.launch.py -> /home/azakaria/Documents/sim_v2/ros2_ws/install/static_camera/share/static_camera/launch
[0.963s] running install_egg_info
[0.979s] removing '/home/azakaria/Documents/sim_v2/ros2_ws/install/static_camera/lib/python3.12/site-packages/static_camera-0.0.0-py3.12.egg-info' (and everything under it)
[0.979s] Copying ../../build/static_camera/static_camera.egg-info to /home/azakaria/Documents/sim_v2/ros2_ws/install/static_camera/lib/python3.12/site-packages/static_camera-0.0.0-py3.12.egg-info
[0.980s] running install_scripts
[1.078s] Installing camera_subscriber script to /home/azakaria/Documents/sim_v2/ros2_ws/install/static_camera/lib/static_camera
[1.078s] writing list of installed files to '/home/azakaria/Documents/sim_v2/ros2_ws/build/static_camera/install.log'
[1.097s] Invoked command in '/home/azakaria/Documents/sim_v2/ros2_ws/src/static_camera' returned '0': CONDA_PROMPT_MODIFIER=(base) DEBUGINFOD_URLS=https://debuginfod.ubuntu.com PYTHONPATH=/home/azakaria/Documents/sim_v2/ros2_ws/build/static_camera/prefix_override:/usr/lib/python3/dist-packages/colcon_core/task/python/colcon_distutils_commands:/home/azakaria/Documents/sim_v2/ros2_ws/install/static_camera/lib/python3.12/site-packages:${PYTHONPATH} /usr/bin/python3 -W ignore:setup.py install is deprecated setup.py egg_info --egg-base ../../build/static_camera build --build-base /home/azakaria/Documents/sim_v2/ros2_ws/build/static_camera/build install --record /home/azakaria/Documents/sim_v2/ros2_ws/build/static_camera/install.log --single-version-externally-managed install_data
