running egg_info
writing ../../build/marker_detection_pkg/marker_detection_pkg.egg-info/PKG-INFO
writing dependency_links to ../../build/marker_detection_pkg/marker_detection_pkg.egg-info/dependency_links.txt
writing entry points to ../../build/marker_detection_pkg/marker_detection_pkg.egg-info/entry_points.txt
writing requirements to ../../build/marker_detection_pkg/marker_detection_pkg.egg-info/requires.txt
writing top-level names to ../../build/marker_detection_pkg/marker_detection_pkg.egg-info/top_level.txt
reading manifest file '../../build/marker_detection_pkg/marker_detection_pkg.egg-info/SOURCES.txt'
writing manifest file '../../build/marker_detection_pkg/marker_detection_pkg.egg-info/SOURCES.txt'
running build
running build_py
copying marker_detection_pkg/marker_detector.py -> /home/azakaria/Documents/sim_v2/ros2_ws/build/marker_detection_pkg/build/lib/marker_detection_pkg
running install
running install_lib
copying /home/azakaria/Documents/sim_v2/ros2_ws/build/marker_detection_pkg/build/lib/marker_detection_pkg/marker_detector.py -> /home/azakaria/Documents/sim_v2/ros2_ws/install/marker_detection_pkg/lib/python3.12/site-packages/marker_detection_pkg
byte-compiling /home/azakaria/Documents/sim_v2/ros2_ws/install/marker_detection_pkg/lib/python3.12/site-packages/marker_detection_pkg/marker_detector.py to marker_detector.cpython-312.pyc
running install_data
running install_egg_info
removing '/home/azakaria/Documents/sim_v2/ros2_ws/install/marker_detection_pkg/lib/python3.12/site-packages/marker_detection_pkg-0.0.0-py3.12.egg-info' (and everything under it)
Copying ../../build/marker_detection_pkg/marker_detection_pkg.egg-info to /home/azakaria/Documents/sim_v2/ros2_ws/install/marker_detection_pkg/lib/python3.12/site-packages/marker_detection_pkg-0.0.0-py3.12.egg-info
running install_scripts
Installing marker_detector script to /home/azakaria/Documents/sim_v2/ros2_ws/install/marker_detection_pkg/lib/marker_detection_pkg
writing list of installed files to '/home/azakaria/Documents/sim_v2/ros2_ws/build/marker_detection_pkg/install.log'
