[0.550s] Invoking command in '/home/azakaria/Documents/sim_v2/ros2_ws/src/robot_description': CONDA_PROMPT_MODIFIER=(base) DEBUGINFOD_URLS=https://debuginfod.ubuntu.com PYTHONPATH=/home/azakaria/Documents/sim_v2/ros2_ws/build/robot_description/prefix_override:/usr/lib/python3/dist-packages/colcon_core/task/python/colcon_distutils_commands:/home/azakaria/Documents/sim_v2/ros2_ws/install/robot_description/lib/python3.12/site-packages:${PYTHONPATH} /usr/bin/python3 -W ignore:setup.py install is deprecated setup.py egg_info --egg-base ../../build/robot_description build --build-base /home/azakaria/Documents/sim_v2/ros2_ws/build/robot_description/build install --record /home/azakaria/Documents/sim_v2/ros2_ws/build/robot_description/install.log --single-version-externally-managed install_data
[0.735s] running egg_info
[0.749s] writing ../../build/robot_description/robot_description.egg-info/PKG-INFO
[0.749s] writing dependency_links to ../../build/robot_description/robot_description.egg-info/dependency_links.txt
[0.749s] writing entry points to ../../build/robot_description/robot_description.egg-info/entry_points.txt
[0.749s] writing requirements to ../../build/robot_description/robot_description.egg-info/requires.txt
[0.749s] writing top-level names to ../../build/robot_description/robot_description.egg-info/top_level.txt
[0.777s] reading manifest file '../../build/robot_description/robot_description.egg-info/SOURCES.txt'
[0.779s] writing manifest file '../../build/robot_description/robot_description.egg-info/SOURCES.txt'
[0.779s] running build
[0.779s] running build_py
[0.779s] running install
[0.783s] running install_lib
[0.797s] running install_data
[0.797s] copying worlds/project_world.sdf -> /home/azakaria/Documents/sim_v2/ros2_ws/install/robot_description/share/robot_description/worlds
[0.798s] creating /home/azakaria/Documents/sim_v2/ros2_ws/install/robot_description/share/robot_description/models/aruco_marker
[0.798s] copying models/aruco_marker/model.config -> /home/azakaria/Documents/sim_v2/ros2_ws/install/robot_description/share/robot_description/models/aruco_marker
[0.798s] copying models/aruco_marker/model.sdf -> /home/azakaria/Documents/sim_v2/ros2_ws/install/robot_description/share/robot_description/models/aruco_marker
[0.798s] creating /home/azakaria/Documents/sim_v2/ros2_ws/install/robot_description/share/robot_description/models/aruco_marker/materials
[0.799s] creating /home/azakaria/Documents/sim_v2/ros2_ws/install/robot_description/share/robot_description/models/aruco_marker/materials/scripts
[0.799s] copying models/aruco_marker/materials/scripts/marker.material -> /home/azakaria/Documents/sim_v2/ros2_ws/install/robot_description/share/robot_description/models/aruco_marker/materials/scripts
[0.799s] creating /home/azakaria/Documents/sim_v2/ros2_ws/install/robot_description/share/robot_description/models/aruco_marker/materials/textures
[0.799s] copying models/aruco_marker/materials/textures/marker.png -> /home/azakaria/Documents/sim_v2/ros2_ws/install/robot_description/share/robot_description/models/aruco_marker/materials/textures
[0.799s] running install_egg_info
[0.814s] removing '/home/azakaria/Documents/sim_v2/ros2_ws/install/robot_description/lib/python3.12/site-packages/robot_description-0.0.0-py3.12.egg-info' (and everything under it)
[0.814s] Copying ../../build/robot_description/robot_description.egg-info to /home/azakaria/Documents/sim_v2/ros2_ws/install/robot_description/lib/python3.12/site-packages/robot_description-0.0.0-py3.12.egg-info
[0.815s] running install_scripts
[0.907s] Installing camera_subscriber script to /home/azakaria/Documents/sim_v2/ros2_ws/install/robot_description/lib/robot_description
[0.907s] Installing obstacle_avoidance script to /home/azakaria/Documents/sim_v2/ros2_ws/install/robot_description/lib/robot_description
[0.907s] writing list of installed files to '/home/azakaria/Documents/sim_v2/ros2_ws/build/robot_description/install.log'
[0.924s] Invoked command in '/home/azakaria/Documents/sim_v2/ros2_ws/src/robot_description' returned '0': CONDA_PROMPT_MODIFIER=(base) DEBUGINFOD_URLS=https://debuginfod.ubuntu.com PYTHONPATH=/home/azakaria/Documents/sim_v2/ros2_ws/build/robot_description/prefix_override:/usr/lib/python3/dist-packages/colcon_core/task/python/colcon_distutils_commands:/home/azakaria/Documents/sim_v2/ros2_ws/install/robot_description/lib/python3.12/site-packages:${PYTHONPATH} /usr/bin/python3 -W ignore:setup.py install is deprecated setup.py egg_info --egg-base ../../build/robot_description build --build-base /home/azakaria/Documents/sim_v2/ros2_ws/build/robot_description/build install --record /home/azakaria/Documents/sim_v2/ros2_ws/build/robot_description/install.log --single-version-externally-managed install_data
