[0.701s] Invoking command in '/home/azakaria/Documents/sim_v2/ros2_ws/src/static_camera': CONDA_PROMPT_MODIFIER=(base) DEBUGINFOD_URLS=https://debuginfod.ubuntu.com PYTHONPATH=/home/azakaria/Documents/sim_v2/ros2_ws/build/static_camera/prefix_override:/usr/lib/python3/dist-packages/colcon_core/task/python/colcon_distutils_commands:/home/azakaria/Documents/sim_v2/ros2_ws/install/static_camera/lib/python3.12/site-packages:${PYTHONPATH} /usr/bin/python3 -W ignore:setup.py install is deprecated setup.py egg_info --egg-base ../../build/static_camera build --build-base /home/azakaria/Documents/sim_v2/ros2_ws/build/static_camera/build install --record /home/azakaria/Documents/sim_v2/ros2_ws/build/static_camera/install.log --single-version-externally-managed install_data
[0.884s] running egg_info
[0.900s] writing ../../build/static_camera/static_camera.egg-info/PKG-INFO
[0.900s] writing dependency_links to ../../build/static_camera/static_camera.egg-info/dependency_links.txt
[0.900s] writing requirements to ../../build/static_camera/static_camera.egg-info/requires.txt
[0.900s] writing top-level names to ../../build/static_camera/static_camera.egg-info/top_level.txt
[0.929s] reading manifest file '../../build/static_camera/static_camera.egg-info/SOURCES.txt'
[0.929s] writing manifest file '../../build/static_camera/static_camera.egg-info/SOURCES.txt'
[0.930s] running build
[0.930s] running build_py
[0.930s] running install
[0.934s] running install_lib
[0.949s] running install_data
[0.949s] copying launch/spawn_static_cam.launch.py -> /home/azakaria/Documents/sim_v2/ros2_ws/install/static_camera/share/static_camera/launch
[0.949s] copying models/camera.sdf.xacro -> /home/azakaria/Documents/sim_v2/ros2_ws/install/static_camera/share/static_camera/models
[0.949s] running install_egg_info
[0.964s] removing '/home/azakaria/Documents/sim_v2/ros2_ws/install/static_camera/lib/python3.12/site-packages/static_camera-0.0.0-py3.12.egg-info' (and everything under it)
[0.964s] Copying ../../build/static_camera/static_camera.egg-info to /home/azakaria/Documents/sim_v2/ros2_ws/install/static_camera/lib/python3.12/site-packages/static_camera-0.0.0-py3.12.egg-info
[0.965s] running install_scripts
[1.058s] writing list of installed files to '/home/azakaria/Documents/sim_v2/ros2_ws/build/static_camera/install.log'
[1.083s] Invoked command in '/home/azakaria/Documents/sim_v2/ros2_ws/src/static_camera' returned '0': CONDA_PROMPT_MODIFIER=(base) DEBUGINFOD_URLS=https://debuginfod.ubuntu.com PYTHONPATH=/home/azakaria/Documents/sim_v2/ros2_ws/build/static_camera/prefix_override:/usr/lib/python3/dist-packages/colcon_core/task/python/colcon_distutils_commands:/home/azakaria/Documents/sim_v2/ros2_ws/install/static_camera/lib/python3.12/site-packages:${PYTHONPATH} /usr/bin/python3 -W ignore:setup.py install is deprecated setup.py egg_info --egg-base ../../build/static_camera build --build-base /home/azakaria/Documents/sim_v2/ros2_ws/build/static_camera/build install --record /home/azakaria/Documents/sim_v2/ros2_ws/build/static_camera/install.log --single-version-externally-managed install_data
