[0.542s] Invoking command in '/home/azakaria/Documents/sim_v2/ros2_ws/src/robot_description': CONDA_PROMPT_MODIFIER=(base) DEBUGINFOD_URLS=https://debuginfod.ubuntu.com PYTHONPATH=/home/azakaria/Documents/sim_v2/ros2_ws/build/robot_description/prefix_override:/usr/lib/python3/dist-packages/colcon_core/task/python/colcon_distutils_commands:/home/azakaria/Documents/sim_v2/ros2_ws/install/robot_description/lib/python3.12/site-packages:${PYTHONPATH} /usr/bin/python3 -W ignore:setup.py install is deprecated setup.py egg_info --egg-base ../../build/robot_description build --build-base /home/azakaria/Documents/sim_v2/ros2_ws/build/robot_description/build install --record /home/azakaria/Documents/sim_v2/ros2_ws/build/robot_description/install.log --single-version-externally-managed install_data
[0.723s] running egg_info
[0.736s] writing ../../build/robot_description/robot_description.egg-info/PKG-INFO
[0.737s] writing dependency_links to ../../build/robot_description/robot_description.egg-info/dependency_links.txt
[0.737s] writing entry points to ../../build/robot_description/robot_description.egg-info/entry_points.txt
[0.737s] writing requirements to ../../build/robot_description/robot_description.egg-info/requires.txt
[0.737s] writing top-level names to ../../build/robot_description/robot_description.egg-info/top_level.txt
[0.765s] reading manifest file '../../build/robot_description/robot_description.egg-info/SOURCES.txt'
[0.767s] writing manifest file '../../build/robot_description/robot_description.egg-info/SOURCES.txt'
[0.767s] running build
[0.767s] running build_py
[0.767s] running install
[0.771s] running install_lib
[0.785s] running install_data
[0.786s] copying models/marker0/model.config -> /home/azakaria/Documents/sim_v2/ros2_ws/install/robot_description/share/robot_description/models/marker0
[0.786s] copying models/marker0/model-1_4.sdf -> /home/azakaria/Documents/sim_v2/ros2_ws/install/robot_description/share/robot_description/models/marker0
[0.786s] copying models/marker0/model.sdf -> /home/azakaria/Documents/sim_v2/ros2_ws/install/robot_description/share/robot_description/models/marker0
[0.786s] copying models/marker0/model-1_5.sdf -> /home/azakaria/Documents/sim_v2/ros2_ws/install/robot_description/share/robot_description/models/marker0
[0.786s] copying models/marker0/materials/textures/Marker0.png -> /home/azakaria/Documents/sim_v2/ros2_ws/install/robot_description/share/robot_description/models/marker0/materials/textures
[0.787s] copying models/marker0/meshes/Marker0.dae -> /home/azakaria/Documents/sim_v2/ros2_ws/install/robot_description/share/robot_description/models/marker0/meshes
[0.787s] copying models/marker1/model.config -> /home/azakaria/Documents/sim_v2/ros2_ws/install/robot_description/share/robot_description/models/marker1
[0.787s] copying models/marker1/model-1_4.sdf -> /home/azakaria/Documents/sim_v2/ros2_ws/install/robot_description/share/robot_description/models/marker1
[0.787s] copying models/marker1/model.sdf -> /home/azakaria/Documents/sim_v2/ros2_ws/install/robot_description/share/robot_description/models/marker1
[0.787s] copying models/marker1/model-1_5.sdf -> /home/azakaria/Documents/sim_v2/ros2_ws/install/robot_description/share/robot_description/models/marker1
[0.787s] copying models/marker1/materials/textures/Marker1.png -> /home/azakaria/Documents/sim_v2/ros2_ws/install/robot_description/share/robot_description/models/marker1/materials/textures
[0.787s] copying models/marker1/meshes/Marker1.dae -> /home/azakaria/Documents/sim_v2/ros2_ws/install/robot_description/share/robot_description/models/marker1/meshes
[0.787s] copying models/marker10/model.config -> /home/azakaria/Documents/sim_v2/ros2_ws/install/robot_description/share/robot_description/models/marker10
[0.787s] copying models/marker10/model-1_4.sdf -> /home/azakaria/Documents/sim_v2/ros2_ws/install/robot_description/share/robot_description/models/marker10
[0.787s] copying models/marker10/model.sdf -> /home/azakaria/Documents/sim_v2/ros2_ws/install/robot_description/share/robot_description/models/marker10
[0.787s] copying models/marker10/model-1_5.sdf -> /home/azakaria/Documents/sim_v2/ros2_ws/install/robot_description/share/robot_description/models/marker10
[0.787s] copying models/marker10/materials/textures/Marker10.png -> /home/azakaria/Documents/sim_v2/ros2_ws/install/robot_description/share/robot_description/models/marker10/materials/textures
[0.787s] copying models/marker10/meshes/Marker10.dae -> /home/azakaria/Documents/sim_v2/ros2_ws/install/robot_description/share/robot_description/models/marker10/meshes
[0.787s] copying models/marker2/model.config -> /home/azakaria/Documents/sim_v2/ros2_ws/install/robot_description/share/robot_description/models/marker2
[0.787s] copying models/marker2/model-1_4.sdf -> /home/azakaria/Documents/sim_v2/ros2_ws/install/robot_description/share/robot_description/models/marker2
[0.788s] copying models/marker2/model.sdf -> /home/azakaria/Documents/sim_v2/ros2_ws/install/robot_description/share/robot_description/models/marker2
[0.788s] copying models/marker2/model-1_5.sdf -> /home/azakaria/Documents/sim_v2/ros2_ws/install/robot_description/share/robot_description/models/marker2
[0.788s] copying models/marker2/materials/textures/Marker2.png -> /home/azakaria/Documents/sim_v2/ros2_ws/install/robot_description/share/robot_description/models/marker2/materials/textures
[0.788s] copying models/marker2/meshes/Marker2.dae -> /home/azakaria/Documents/sim_v2/ros2_ws/install/robot_description/share/robot_description/models/marker2/meshes
[0.788s] copying models/marker3/model.config -> /home/azakaria/Documents/sim_v2/ros2_ws/install/robot_description/share/robot_description/models/marker3
[0.788s] copying models/marker3/model-1_4.sdf -> /home/azakaria/Documents/sim_v2/ros2_ws/install/robot_description/share/robot_description/models/marker3
[0.788s] copying models/marker3/model.sdf -> /home/azakaria/Documents/sim_v2/ros2_ws/install/robot_description/share/robot_description/models/marker3
[0.788s] copying models/marker3/model-1_5.sdf -> /home/azakaria/Documents/sim_v2/ros2_ws/install/robot_description/share/robot_description/models/marker3
[0.788s] copying models/marker3/materials/textures/Marker3.png -> /home/azakaria/Documents/sim_v2/ros2_ws/install/robot_description/share/robot_description/models/marker3/materials/textures
[0.788s] copying models/marker3/meshes/Marker3.dae -> /home/azakaria/Documents/sim_v2/ros2_ws/install/robot_description/share/robot_description/models/marker3/meshes
[0.788s] copying models/marker4/model.config -> /home/azakaria/Documents/sim_v2/ros2_ws/install/robot_description/share/robot_description/models/marker4
[0.788s] copying models/marker4/model-1_4.sdf -> /home/azakaria/Documents/sim_v2/ros2_ws/install/robot_description/share/robot_description/models/marker4
[0.788s] copying models/marker4/model.sdf -> /home/azakaria/Documents/sim_v2/ros2_ws/install/robot_description/share/robot_description/models/marker4
[0.789s] copying models/marker4/model-1_5.sdf -> /home/azakaria/Documents/sim_v2/ros2_ws/install/robot_description/share/robot_description/models/marker4
[0.789s] copying models/marker4/materials/textures/Marker4.png -> /home/azakaria/Documents/sim_v2/ros2_ws/install/robot_description/share/robot_description/models/marker4/materials/textures
[0.789s] copying models/marker4/meshes/Marker4.dae -> /home/azakaria/Documents/sim_v2/ros2_ws/install/robot_description/share/robot_description/models/marker4/meshes
[0.789s] copying models/marker5/model.config -> /home/azakaria/Documents/sim_v2/ros2_ws/install/robot_description/share/robot_description/models/marker5
[0.789s] copying models/marker5/model-1_4.sdf -> /home/azakaria/Documents/sim_v2/ros2_ws/install/robot_description/share/robot_description/models/marker5
[0.789s] copying models/marker5/model.sdf -> /home/azakaria/Documents/sim_v2/ros2_ws/install/robot_description/share/robot_description/models/marker5
[0.789s] copying models/marker5/model-1_5.sdf -> /home/azakaria/Documents/sim_v2/ros2_ws/install/robot_description/share/robot_description/models/marker5
[0.789s] copying models/marker5/materials/textures/Marker5.png -> /home/azakaria/Documents/sim_v2/ros2_ws/install/robot_description/share/robot_description/models/marker5/materials/textures
[0.789s] copying models/marker5/meshes/Marker5.dae -> /home/azakaria/Documents/sim_v2/ros2_ws/install/robot_description/share/robot_description/models/marker5/meshes
[0.789s] copying models/marker6/model.config -> /home/azakaria/Documents/sim_v2/ros2_ws/install/robot_description/share/robot_description/models/marker6
[0.789s] copying models/marker6/model-1_4.sdf -> /home/azakaria/Documents/sim_v2/ros2_ws/install/robot_description/share/robot_description/models/marker6
[0.789s] copying models/marker6/model.sdf -> /home/azakaria/Documents/sim_v2/ros2_ws/install/robot_description/share/robot_description/models/marker6
[0.789s] copying models/marker6/model-1_5.sdf -> /home/azakaria/Documents/sim_v2/ros2_ws/install/robot_description/share/robot_description/models/marker6
[0.790s] copying models/marker6/materials/textures/Marker6.png -> /home/azakaria/Documents/sim_v2/ros2_ws/install/robot_description/share/robot_description/models/marker6/materials/textures
[0.790s] copying models/marker6/meshes/Marker6.dae -> /home/azakaria/Documents/sim_v2/ros2_ws/install/robot_description/share/robot_description/models/marker6/meshes
[0.790s] copying models/marker7/model.config -> /home/azakaria/Documents/sim_v2/ros2_ws/install/robot_description/share/robot_description/models/marker7
[0.790s] copying models/marker7/model-1_4.sdf -> /home/azakaria/Documents/sim_v2/ros2_ws/install/robot_description/share/robot_description/models/marker7
[0.790s] copying models/marker7/model.sdf -> /home/azakaria/Documents/sim_v2/ros2_ws/install/robot_description/share/robot_description/models/marker7
[0.790s] copying models/marker7/model-1_5.sdf -> /home/azakaria/Documents/sim_v2/ros2_ws/install/robot_description/share/robot_description/models/marker7
[0.790s] copying models/marker7/materials/textures/Marker7.png -> /home/azakaria/Documents/sim_v2/ros2_ws/install/robot_description/share/robot_description/models/marker7/materials/textures
[0.790s] copying models/marker7/meshes/Marker7.dae -> /home/azakaria/Documents/sim_v2/ros2_ws/install/robot_description/share/robot_description/models/marker7/meshes
[0.790s] copying models/marker8/model.config -> /home/azakaria/Documents/sim_v2/ros2_ws/install/robot_description/share/robot_description/models/marker8
[0.790s] copying models/marker8/model-1_4.sdf -> /home/azakaria/Documents/sim_v2/ros2_ws/install/robot_description/share/robot_description/models/marker8
[0.790s] copying models/marker8/model.sdf -> /home/azakaria/Documents/sim_v2/ros2_ws/install/robot_description/share/robot_description/models/marker8
[0.790s] copying models/marker8/model-1_5.sdf -> /home/azakaria/Documents/sim_v2/ros2_ws/install/robot_description/share/robot_description/models/marker8
[0.790s] copying models/marker8/materials/textures/Marker8.png -> /home/azakaria/Documents/sim_v2/ros2_ws/install/robot_description/share/robot_description/models/marker8/materials/textures
[0.791s] copying models/marker8/meshes/Marker8.dae -> /home/azakaria/Documents/sim_v2/ros2_ws/install/robot_description/share/robot_description/models/marker8/meshes
[0.791s] copying models/marker9/model.config -> /home/azakaria/Documents/sim_v2/ros2_ws/install/robot_description/share/robot_description/models/marker9
[0.791s] copying models/marker9/model-1_4.sdf -> /home/azakaria/Documents/sim_v2/ros2_ws/install/robot_description/share/robot_description/models/marker9
[0.791s] copying models/marker9/model.sdf -> /home/azakaria/Documents/sim_v2/ros2_ws/install/robot_description/share/robot_description/models/marker9
[0.791s] copying models/marker9/model-1_5.sdf -> /home/azakaria/Documents/sim_v2/ros2_ws/install/robot_description/share/robot_description/models/marker9
[0.791s] copying models/marker9/materials/textures/Marker9.png -> /home/azakaria/Documents/sim_v2/ros2_ws/install/robot_description/share/robot_description/models/marker9/materials/textures
[0.791s] copying models/marker9/meshes/Marker9.dae -> /home/azakaria/Documents/sim_v2/ros2_ws/install/robot_description/share/robot_description/models/marker9/meshes
[0.791s] running install_egg_info
[0.806s] removing '/home/azakaria/Documents/sim_v2/ros2_ws/install/robot_description/lib/python3.12/site-packages/robot_description-0.0.0-py3.12.egg-info' (and everything under it)
[0.807s] Copying ../../build/robot_description/robot_description.egg-info to /home/azakaria/Documents/sim_v2/ros2_ws/install/robot_description/lib/python3.12/site-packages/robot_description-0.0.0-py3.12.egg-info
[0.807s] running install_scripts
[0.898s] Installing aruco_detection_pose_estimation script to /home/azakaria/Documents/sim_v2/ros2_ws/install/robot_description/lib/robot_description
[0.898s] Installing camera_subscriber script to /home/azakaria/Documents/sim_v2/ros2_ws/install/robot_description/lib/robot_description
[0.898s] Installing obstacle_avoidance script to /home/azakaria/Documents/sim_v2/ros2_ws/install/robot_description/lib/robot_description
[0.898s] writing list of installed files to '/home/azakaria/Documents/sim_v2/ros2_ws/build/robot_description/install.log'
[0.918s] Invoked command in '/home/azakaria/Documents/sim_v2/ros2_ws/src/robot_description' returned '0': CONDA_PROMPT_MODIFIER=(base) DEBUGINFOD_URLS=https://debuginfod.ubuntu.com PYTHONPATH=/home/azakaria/Documents/sim_v2/ros2_ws/build/robot_description/prefix_override:/usr/lib/python3/dist-packages/colcon_core/task/python/colcon_distutils_commands:/home/azakaria/Documents/sim_v2/ros2_ws/install/robot_description/lib/python3.12/site-packages:${PYTHONPATH} /usr/bin/python3 -W ignore:setup.py install is deprecated setup.py egg_info --egg-base ../../build/robot_description build --build-base /home/azakaria/Documents/sim_v2/ros2_ws/build/robot_description/build install --record /home/azakaria/Documents/sim_v2/ros2_ws/build/robot_description/install.log --single-version-externally-managed install_data
