[0.768s] Invoking command in '/home/azakaria/Documents/sim_v2/ros2_ws/src/static_camera': CONDA_PROMPT_MODIFIER=(base) DEBUGINFOD_URLS=https://debuginfod.ubuntu.com PYTHONPATH=/home/azakaria/Documents/sim_v2/ros2_ws/build/static_camera/prefix_override:/usr/lib/python3/dist-packages/colcon_core/task/python/colcon_distutils_commands:/home/azakaria/Documents/sim_v2/ros2_ws/install/static_camera/lib/python3.12/site-packages:${PYTHONPATH} /usr/bin/python3 -W ignore:setup.py install is deprecated setup.py egg_info --egg-base ../../build/static_camera build --build-base /home/azakaria/Documents/sim_v2/ros2_ws/build/static_camera/build install --record /home/azakaria/Documents/sim_v2/ros2_ws/build/static_camera/install.log --single-version-externally-managed install_data
[1.651s] running egg_info
[1.735s] writing ../../build/static_camera/static_camera.egg-info/PKG-INFO
[1.736s] writing dependency_links to ../../build/static_camera/static_camera.egg-info/dependency_links.txt
[1.736s] writing requirements to ../../build/static_camera/static_camera.egg-info/requires.txt
[1.737s] writing top-level names to ../../build/static_camera/static_camera.egg-info/top_level.txt
[1.905s] reading manifest file '../../build/static_camera/static_camera.egg-info/SOURCES.txt'
[1.909s] writing manifest file '../../build/static_camera/static_camera.egg-info/SOURCES.txt'
[1.909s] running build
[1.909s] running build_py
[1.911s] running install
[1.935s] running install_lib
[2.023s] running install_data
[2.024s] copying models/camera.sdf.xacro -> /home/azakaria/Documents/sim_v2/ros2_ws/install/static_camera/share/static_camera/models
[2.024s] running install_egg_info
[2.111s] removing '/home/azakaria/Documents/sim_v2/ros2_ws/install/static_camera/lib/python3.12/site-packages/static_camera-0.0.0-py3.12.egg-info' (and everything under it)
[2.112s] Copying ../../build/static_camera/static_camera.egg-info to /home/azakaria/Documents/sim_v2/ros2_ws/install/static_camera/lib/python3.12/site-packages/static_camera-0.0.0-py3.12.egg-info
[2.115s] running install_scripts
[2.538s] writing list of installed files to '/home/azakaria/Documents/sim_v2/ros2_ws/build/static_camera/install.log'
[2.577s] Invoked command in '/home/azakaria/Documents/sim_v2/ros2_ws/src/static_camera' returned '0': CONDA_PROMPT_MODIFIER=(base) DEBUGINFOD_URLS=https://debuginfod.ubuntu.com PYTHONPATH=/home/azakaria/Documents/sim_v2/ros2_ws/build/static_camera/prefix_override:/usr/lib/python3/dist-packages/colcon_core/task/python/colcon_distutils_commands:/home/azakaria/Documents/sim_v2/ros2_ws/install/static_camera/lib/python3.12/site-packages:${PYTHONPATH} /usr/bin/python3 -W ignore:setup.py install is deprecated setup.py egg_info --egg-base ../../build/static_camera build --build-base /home/azakaria/Documents/sim_v2/ros2_ws/build/static_camera/build install --record /home/azakaria/Documents/sim_v2/ros2_ws/build/static_camera/install.log --single-version-externally-managed install_data
