/home/azakaria/Documents/sim_v2/ros2_ws/install/robot_description/lib/python3.12/site-packages/robot_description/__init__.py
/home/azakaria/Documents/sim_v2/ros2_ws/install/robot_description/lib/python3.12/site-packages/robot_description/camera_subscriber.py
/home/azakaria/Documents/sim_v2/ros2_ws/install/robot_description/lib/python3.12/site-packages/robot_description/obstacle_avoidance.py
/home/azakaria/Documents/sim_v2/ros2_ws/install/robot_description/lib/python3.12/site-packages/robot_description/__pycache__/__init__.cpython-312.pyc
/home/azakaria/Documents/sim_v2/ros2_ws/install/robot_description/lib/python3.12/site-packages/robot_description/__pycache__/camera_subscriber.cpython-312.pyc
/home/azakaria/Documents/sim_v2/ros2_ws/install/robot_description/lib/python3.12/site-packages/robot_description/__pycache__/obstacle_avoidance.cpython-312.pyc
/home/azakaria/Documents/sim_v2/ros2_ws/install/robot_description/share/ament_index/resource_index/packages/robot_description
/home/azakaria/Documents/sim_v2/ros2_ws/install/robot_description/share/robot_description/package.xml
/home/azakaria/Documents/sim_v2/ros2_ws/install/robot_description/share/robot_description/urdf/robot.urdf
/home/azakaria/Documents/sim_v2/ros2_ws/install/robot_description/share/robot_description/urdf/robot.xacro
/home/azakaria/Documents/sim_v2/ros2_ws/install/robot_description/share/robot_description/urdf/robot.gazebo
/home/azakaria/Documents/sim_v2/ros2_ws/install/robot_description/share/robot_description/rviz/config.rviz
/home/azakaria/Documents/sim_v2/ros2_ws/install/robot_description/share/robot_description/meshes/chassis.stl
/home/azakaria/Documents/sim_v2/ros2_ws/install/robot_description/share/robot_description/meshes/wheel.stl
/home/azakaria/Documents/sim_v2/ros2_ws/install/robot_description/share/robot_description/worlds/project_world.sdf
/home/azakaria/Documents/sim_v2/ros2_ws/install/robot_description/share/robot_description/launch/rviz.launch.py
/home/azakaria/Documents/sim_v2/ros2_ws/install/robot_description/share/robot_description/launch/project_world.launch.py
/home/azakaria/Documents/sim_v2/ros2_ws/install/robot_description/share/robot_description/launch/empty_world.launch.py
/home/azakaria/Documents/sim_v2/ros2_ws/install/robot_description/share/robot_description/launch/project.launch.py
/home/azakaria/Documents/sim_v2/ros2_ws/install/robot_description/share/robot_description/launch/spawn.launch.py
/home/azakaria/Documents/sim_v2/ros2_ws/install/robot_description/share/robot_description/models/Camera/model.config
/home/azakaria/Documents/sim_v2/ros2_ws/install/robot_description/share/robot_description/models/Camera/model.sdf
/home/azakaria/Documents/sim_v2/ros2_ws/install/robot_description/share/robot_description/models/Chair/model.config
/home/azakaria/Documents/sim_v2/ros2_ws/install/robot_description/share/robot_description/models/Chair/model.sdf
/home/azakaria/Documents/sim_v2/ros2_ws/install/robot_description/share/robot_description/models/Chair/meshes/Chair_Normal.png
/home/azakaria/Documents/sim_v2/ros2_ws/install/robot_description/share/robot_description/models/Chair/meshes/Chair_Diffuse.png
/home/azakaria/Documents/sim_v2/ros2_ws/install/robot_description/share/robot_description/models/Chair/meshes/Chair_SpecGloss.png
/home/azakaria/Documents/sim_v2/ros2_ws/install/robot_description/share/robot_description/models/Chair/meshes/Chair.png
/home/azakaria/Documents/sim_v2/ros2_ws/install/robot_description/share/robot_description/models/Chair/meshes/Chair.mtl
/home/azakaria/Documents/sim_v2/ros2_ws/install/robot_description/share/robot_description/models/Chair/meshes/Chair.obj
/home/azakaria/Documents/sim_v2/ros2_ws/install/robot_description/share/robot_description/models/Chair/thumbnails/4.png
/home/azakaria/Documents/sim_v2/ros2_ws/install/robot_description/share/robot_description/models/Chair/thumbnails/3.png
/home/azakaria/Documents/sim_v2/ros2_ws/install/robot_description/share/robot_description/models/Chair/thumbnails/5.png
/home/azakaria/Documents/sim_v2/ros2_ws/install/robot_description/share/robot_description/models/Chair/thumbnails/1.png
/home/azakaria/Documents/sim_v2/ros2_ws/install/robot_description/share/robot_description/models/Chair/thumbnails/2.png
/home/azakaria/Documents/sim_v2/ros2_ws/install/robot_description/share/robot_description/models/ChildVisitor/model.config
/home/azakaria/Documents/sim_v2/ros2_ws/install/robot_description/share/robot_description/models/ChildVisitor/model.sdf
/home/azakaria/Documents/sim_v2/ros2_ws/install/robot_description/share/robot_description/models/ChildVisitor/meshes/VisitorKidWalk.dae
/home/azakaria/Documents/sim_v2/ros2_ws/install/robot_description/share/robot_description/models/ChildVisitor/meshes/VisitorKid.png
/home/azakaria/Documents/sim_v2/ros2_ws/install/robot_description/share/robot_description/models/Desk/model.config
/home/azakaria/Documents/sim_v2/ros2_ws/install/robot_description/share/robot_description/models/Desk/model.sdf
/home/azakaria/Documents/sim_v2/ros2_ws/install/robot_description/share/robot_description/models/Desk/meshes/Desk_Diffuse.png
/home/azakaria/Documents/sim_v2/ros2_ws/install/robot_description/share/robot_description/models/Desk/meshes/desk.mtl
/home/azakaria/Documents/sim_v2/ros2_ws/install/robot_description/share/robot_description/models/Desk/meshes/desk.obj
/home/azakaria/Documents/sim_v2/ros2_ws/install/robot_description/share/robot_description/models/Desk/thumbnails/4.png
/home/azakaria/Documents/sim_v2/ros2_ws/install/robot_description/share/robot_description/models/Desk/thumbnails/3.png
/home/azakaria/Documents/sim_v2/ros2_ws/install/robot_description/share/robot_description/models/Desk/thumbnails/5.png
/home/azakaria/Documents/sim_v2/ros2_ws/install/robot_description/share/robot_description/models/Desk/thumbnails/1.png
/home/azakaria/Documents/sim_v2/ros2_ws/install/robot_description/share/robot_description/models/Desk/thumbnails/2.png
/home/azakaria/Documents/sim_v2/ros2_ws/install/robot_description/share/robot_description/models/FemaleVisitor/model.config
/home/azakaria/Documents/sim_v2/ros2_ws/install/robot_description/share/robot_description/models/FemaleVisitor/model.sdf
/home/azakaria/Documents/sim_v2/ros2_ws/install/robot_description/share/robot_description/models/FemaleVisitor/meshes/FemaleVisitor.png
/home/azakaria/Documents/sim_v2/ros2_ws/install/robot_description/share/robot_description/models/FemaleVisitor/meshes/FemaleVisitorWalk.dae
/home/azakaria/Documents/sim_v2/ros2_ws/install/robot_description/share/robot_description/models/FemaleVisitor/meshes/Handbag.png
/home/azakaria/Documents/sim_v2/ros2_ws/install/robot_description/share/robot_description/models/MaleVisitor/model.config
/home/azakaria/Documents/sim_v2/ros2_ws/install/robot_description/share/robot_description/models/MaleVisitor/model.sdf
/home/azakaria/Documents/sim_v2/ros2_ws/install/robot_description/share/robot_description/models/MaleVisitor/materials/textures/MaleVisitor.png
/home/azakaria/Documents/sim_v2/ros2_ws/install/robot_description/share/robot_description/models/MaleVisitor/meshes/MaleVisitorWalk.dae
/home/azakaria/Documents/sim_v2/ros2_ws/install/robot_description/share/robot_description/models/MaleVisitor/thumbnails/1.png
/home/azakaria/Documents/sim_v2/ros2_ws/install/robot_description/share/robot_description/models/MaleVisitor/thumbnails/2.png
/home/azakaria/Documents/sim_v2/ros2_ws/install/robot_description/share/robot_description/models/Sofa/model.config
/home/azakaria/Documents/sim_v2/ros2_ws/install/robot_description/share/robot_description/models/Sofa/model.sdf
/home/azakaria/Documents/sim_v2/ros2_ws/install/robot_description/share/robot_description/models/Sofa/meshes/Sofa.obj
/home/azakaria/Documents/sim_v2/ros2_ws/install/robot_description/share/robot_description/models/Sofa/meshes/Sofa.mtl
/home/azakaria/Documents/sim_v2/ros2_ws/install/robot_description/share/robot_description/models/Sofa/meshes/SofaDiffuse.png
/home/azakaria/Documents/sim_v2/ros2_ws/install/robot_description/share/robot_description/models/Sofa/thumbnails/4.png
/home/azakaria/Documents/sim_v2/ros2_ws/install/robot_description/share/robot_description/models/Sofa/thumbnails/3.png
/home/azakaria/Documents/sim_v2/ros2_ws/install/robot_description/share/robot_description/models/Sofa/thumbnails/5.png
/home/azakaria/Documents/sim_v2/ros2_ws/install/robot_description/share/robot_description/models/Sofa/thumbnails/1.png
/home/azakaria/Documents/sim_v2/ros2_ws/install/robot_description/share/robot_description/models/Sofa/thumbnails/2.png
/home/azakaria/Documents/sim_v2/ros2_ws/install/robot_description/share/robot_description/models/TVStand/model.config
/home/azakaria/Documents/sim_v2/ros2_ws/install/robot_description/share/robot_description/models/TVStand/model.sdf
/home/azakaria/Documents/sim_v2/ros2_ws/install/robot_description/share/robot_description/models/TVStand/meshes/TVStand_Col.obj
/home/azakaria/Documents/sim_v2/ros2_ws/install/robot_description/share/robot_description/models/TVStand/meshes/TVStand.mtl
/home/azakaria/Documents/sim_v2/ros2_ws/install/robot_description/share/robot_description/models/TVStand/meshes/TVStand_Diffuse.png
/home/azakaria/Documents/sim_v2/ros2_ws/install/robot_description/share/robot_description/models/TVStand/meshes/TVStand_Col.mtl
/home/azakaria/Documents/sim_v2/ros2_ws/install/robot_description/share/robot_description/models/TVStand/meshes/TVStand.obj
/home/azakaria/Documents/sim_v2/ros2_ws/install/robot_description/share/robot_description/models/TVStand/thumbnails/4.png
/home/azakaria/Documents/sim_v2/ros2_ws/install/robot_description/share/robot_description/models/TVStand/thumbnails/3.png
/home/azakaria/Documents/sim_v2/ros2_ws/install/robot_description/share/robot_description/models/TVStand/thumbnails/5.png
/home/azakaria/Documents/sim_v2/ros2_ws/install/robot_description/share/robot_description/models/TVStand/thumbnails/1.png
/home/azakaria/Documents/sim_v2/ros2_ws/install/robot_description/share/robot_description/models/TVStand/thumbnails/2.png
/home/azakaria/Documents/sim_v2/ros2_ws/install/robot_description/share/robot_description/models/Wall/model.config
/home/azakaria/Documents/sim_v2/ros2_ws/install/robot_description/share/robot_description/models/Wall/model.sdf
/home/azakaria/Documents/sim_v2/ros2_ws/install/robot_description/share/robot_description/models/marker0/model.config
/home/azakaria/Documents/sim_v2/ros2_ws/install/robot_description/share/robot_description/models/marker0/model-1_4.sdf
/home/azakaria/Documents/sim_v2/ros2_ws/install/robot_description/share/robot_description/models/marker0/model.sdf
/home/azakaria/Documents/sim_v2/ros2_ws/install/robot_description/share/robot_description/models/marker0/model-1_5.sdf
/home/azakaria/Documents/sim_v2/ros2_ws/install/robot_description/share/robot_description/models/marker0/materials/textures/Marker0.png
/home/azakaria/Documents/sim_v2/ros2_ws/install/robot_description/share/robot_description/models/marker0/meshes/Marker0.dae
/home/azakaria/Documents/sim_v2/ros2_ws/install/robot_description/share/robot_description/models/marker1/model.config
/home/azakaria/Documents/sim_v2/ros2_ws/install/robot_description/share/robot_description/models/marker1/model-1_4.sdf
/home/azakaria/Documents/sim_v2/ros2_ws/install/robot_description/share/robot_description/models/marker1/model.sdf
/home/azakaria/Documents/sim_v2/ros2_ws/install/robot_description/share/robot_description/models/marker1/model-1_5.sdf
/home/azakaria/Documents/sim_v2/ros2_ws/install/robot_description/share/robot_description/models/marker1/materials/textures/Marker1.png
/home/azakaria/Documents/sim_v2/ros2_ws/install/robot_description/share/robot_description/models/marker1/meshes/Marker1.dae
/home/azakaria/Documents/sim_v2/ros2_ws/install/robot_description/share/robot_description/models/marker2/model.config
/home/azakaria/Documents/sim_v2/ros2_ws/install/robot_description/share/robot_description/models/marker2/model-1_4.sdf
/home/azakaria/Documents/sim_v2/ros2_ws/install/robot_description/share/robot_description/models/marker2/model.sdf
/home/azakaria/Documents/sim_v2/ros2_ws/install/robot_description/share/robot_description/models/marker2/model-1_5.sdf
/home/azakaria/Documents/sim_v2/ros2_ws/install/robot_description/share/robot_description/models/marker2/materials/textures/Marker2.png
/home/azakaria/Documents/sim_v2/ros2_ws/install/robot_description/share/robot_description/models/marker2/meshes/Marker2.dae
/home/azakaria/Documents/sim_v2/ros2_ws/install/robot_description/share/robot_description/models/marker3/model.config
/home/azakaria/Documents/sim_v2/ros2_ws/install/robot_description/share/robot_description/models/marker3/model-1_4.sdf
/home/azakaria/Documents/sim_v2/ros2_ws/install/robot_description/share/robot_description/models/marker3/model.sdf
/home/azakaria/Documents/sim_v2/ros2_ws/install/robot_description/share/robot_description/models/marker3/model-1_5.sdf
/home/azakaria/Documents/sim_v2/ros2_ws/install/robot_description/share/robot_description/models/marker3/materials/textures/Marker3.png
/home/azakaria/Documents/sim_v2/ros2_ws/install/robot_description/share/robot_description/models/marker3/meshes/Marker3.dae
/home/azakaria/Documents/sim_v2/ros2_ws/install/robot_description/share/robot_description/models/marker4/model.config
/home/azakaria/Documents/sim_v2/ros2_ws/install/robot_description/share/robot_description/models/marker4/model-1_4.sdf
/home/azakaria/Documents/sim_v2/ros2_ws/install/robot_description/share/robot_description/models/marker4/model.sdf
/home/azakaria/Documents/sim_v2/ros2_ws/install/robot_description/share/robot_description/models/marker4/model-1_5.sdf
/home/azakaria/Documents/sim_v2/ros2_ws/install/robot_description/share/robot_description/models/marker4/materials/textures/Marker4.png
/home/azakaria/Documents/sim_v2/ros2_ws/install/robot_description/share/robot_description/models/marker4/meshes/Marker4.dae
/home/azakaria/Documents/sim_v2/ros2_ws/install/robot_description/lib/python3.12/site-packages/robot_description-0.0.0-py3.12.egg-info/top_level.txt
/home/azakaria/Documents/sim_v2/ros2_ws/install/robot_description/lib/python3.12/site-packages/robot_description-0.0.0-py3.12.egg-info/zip-safe
/home/azakaria/Documents/sim_v2/ros2_ws/install/robot_description/lib/python3.12/site-packages/robot_description-0.0.0-py3.12.egg-info/entry_points.txt
/home/azakaria/Documents/sim_v2/ros2_ws/install/robot_description/lib/python3.12/site-packages/robot_description-0.0.0-py3.12.egg-info/SOURCES.txt
/home/azakaria/Documents/sim_v2/ros2_ws/install/robot_description/lib/python3.12/site-packages/robot_description-0.0.0-py3.12.egg-info/PKG-INFO
/home/azakaria/Documents/sim_v2/ros2_ws/install/robot_description/lib/python3.12/site-packages/robot_description-0.0.0-py3.12.egg-info/requires.txt
/home/azakaria/Documents/sim_v2/ros2_ws/install/robot_description/lib/python3.12/site-packages/robot_description-0.0.0-py3.12.egg-info/dependency_links.txt
/home/azakaria/Documents/sim_v2/ros2_ws/install/robot_description/lib/robot_description/camera_subscriber
/home/azakaria/Documents/sim_v2/ros2_ws/install/robot_description/lib/robot_description/obstacle_avoidance
