running egg_info
creating ../../build/static_camera/static_camera.egg-info
writing ../../build/static_camera/static_camera.egg-info/PKG-INFO
writing dependency_links to ../../build/static_camera/static_camera.egg-info/dependency_links.txt
writing requirements to ../../build/static_camera/static_camera.egg-info/requires.txt
writing top-level names to ../../build/static_camera/static_camera.egg-info/top_level.txt
writing manifest file '../../build/static_camera/static_camera.egg-info/SOURCES.txt'
reading manifest file '../../build/static_camera/static_camera.egg-info/SOURCES.txt'
writing manifest file '../../build/static_camera/static_camera.egg-info/SOURCES.txt'
running build
running build_py
creating /home/azakaria/Documents/sim_v2/ros2_ws/build/static_camera/build
creating /home/azakaria/Documents/sim_v2/ros2_ws/build/static_camera/build/lib
creating /home/azakaria/Documents/sim_v2/ros2_ws/build/static_camera/build/lib/static_camera
copying static_camera/__init__.py -> /home/azakaria/Documents/sim_v2/ros2_ws/build/static_camera/build/lib/static_camera
running install
running install_lib
creating /home/azakaria/Documents/sim_v2/ros2_ws/install/static_camera/lib/python3.12/site-packages/static_camera
copying /home/azakaria/Documents/sim_v2/ros2_ws/build/static_camera/build/lib/static_camera/__init__.py -> /home/azakaria/Documents/sim_v2/ros2_ws/install/static_camera/lib/python3.12/site-packages/static_camera
byte-compiling /home/azakaria/Documents/sim_v2/ros2_ws/install/static_camera/lib/python3.12/site-packages/static_camera/__init__.py to __init__.cpython-312.pyc
running install_data
creating /home/azakaria/Documents/sim_v2/ros2_ws/install/static_camera/share/ament_index
creating /home/azakaria/Documents/sim_v2/ros2_ws/install/static_camera/share/ament_index/resource_index
creating /home/azakaria/Documents/sim_v2/ros2_ws/install/static_camera/share/ament_index/resource_index/packages
copying resource/static_camera -> /home/azakaria/Documents/sim_v2/ros2_ws/install/static_camera/share/ament_index/resource_index/packages
copying package.xml -> /home/azakaria/Documents/sim_v2/ros2_ws/install/static_camera/share/static_camera
creating /home/azakaria/Documents/sim_v2/ros2_ws/install/static_camera/share/static_camera/launch
copying launch/spawn_static_cam.launch.py -> /home/azakaria/Documents/sim_v2/ros2_ws/install/static_camera/share/static_camera/launch
creating /home/azakaria/Documents/sim_v2/ros2_ws/install/static_camera/share/static_camera/models
copying models/camera.sdf.xacro -> /home/azakaria/Documents/sim_v2/ros2_ws/install/static_camera/share/static_camera/models
running install_egg_info
Copying ../../build/static_camera/static_camera.egg-info to /home/azakaria/Documents/sim_v2/ros2_ws/install/static_camera/lib/python3.12/site-packages/static_camera-0.0.0-py3.12.egg-info
running install_scripts
writing list of installed files to '/home/azakaria/Documents/sim_v2/ros2_ws/build/static_camera/install.log'
