[0.734s] Invoking command in '/home/azakaria/Documents/sim_v2/ros2_ws/src/static_camera': CONDA_PROMPT_MODIFIER=(base) DEBUGINFOD_URLS=https://debuginfod.ubuntu.com PYTHONPATH=/home/azakaria/Documents/sim_v2/ros2_ws/build/static_camera/prefix_override:/usr/lib/python3/dist-packages/colcon_core/task/python/colcon_distutils_commands:/home/azakaria/Documents/sim_v2/ros2_ws/install/static_camera/lib/python3.12/site-packages:${PYTHONPATH} /usr/bin/python3 -W ignore:setup.py install is deprecated setup.py egg_info --egg-base ../../build/static_camera build --build-base /home/azakaria/Documents/sim_v2/ros2_ws/build/static_camera/build install --record /home/azakaria/Documents/sim_v2/ros2_ws/build/static_camera/install.log --single-version-externally-managed install_data
[0.930s] running egg_info
[0.931s] creating ../../build/static_camera/static_camera.egg-info
[0.945s] writing ../../build/static_camera/static_camera.egg-info/PKG-INFO
[0.946s] writing dependency_links to ../../build/static_camera/static_camera.egg-info/dependency_links.txt
[0.946s] writing requirements to ../../build/static_camera/static_camera.egg-info/requires.txt
[0.946s] writing top-level names to ../../build/static_camera/static_camera.egg-info/top_level.txt
[0.946s] writing manifest file '../../build/static_camera/static_camera.egg-info/SOURCES.txt'
[0.976s] reading manifest file '../../build/static_camera/static_camera.egg-info/SOURCES.txt'
[0.976s] writing manifest file '../../build/static_camera/static_camera.egg-info/SOURCES.txt'
[0.976s] running build
[0.977s] running build_py
[0.977s] creating /home/azakaria/Documents/sim_v2/ros2_ws/build/static_camera/build
[0.977s] creating /home/azakaria/Documents/sim_v2/ros2_ws/build/static_camera/build/lib
[0.977s] creating /home/azakaria/Documents/sim_v2/ros2_ws/build/static_camera/build/lib/static_camera
[0.977s] copying static_camera/__init__.py -> /home/azakaria/Documents/sim_v2/ros2_ws/build/static_camera/build/lib/static_camera
[0.977s] running install
[0.982s] running install_lib
[0.997s] creating /home/azakaria/Documents/sim_v2/ros2_ws/install/static_camera/lib/python3.12/site-packages/static_camera
[0.997s] copying /home/azakaria/Documents/sim_v2/ros2_ws/build/static_camera/build/lib/static_camera/__init__.py -> /home/azakaria/Documents/sim_v2/ros2_ws/install/static_camera/lib/python3.12/site-packages/static_camera
[0.997s] byte-compiling /home/azakaria/Documents/sim_v2/ros2_ws/install/static_camera/lib/python3.12/site-packages/static_camera/__init__.py to __init__.cpython-312.pyc
[0.997s] running install_data
[0.997s] creating /home/azakaria/Documents/sim_v2/ros2_ws/install/static_camera/share/ament_index
[0.998s] creating /home/azakaria/Documents/sim_v2/ros2_ws/install/static_camera/share/ament_index/resource_index
[0.998s] creating /home/azakaria/Documents/sim_v2/ros2_ws/install/static_camera/share/ament_index/resource_index/packages
[0.998s] copying resource/static_camera -> /home/azakaria/Documents/sim_v2/ros2_ws/install/static_camera/share/ament_index/resource_index/packages
[0.998s] copying package.xml -> /home/azakaria/Documents/sim_v2/ros2_ws/install/static_camera/share/static_camera
[0.998s] creating /home/azakaria/Documents/sim_v2/ros2_ws/install/static_camera/share/static_camera/launch
[0.998s] copying launch/spawn_static_cam.launch.py -> /home/azakaria/Documents/sim_v2/ros2_ws/install/static_camera/share/static_camera/launch
[0.998s] creating /home/azakaria/Documents/sim_v2/ros2_ws/install/static_camera/share/static_camera/models
[0.998s] copying models/camera.sdf.xacro -> /home/azakaria/Documents/sim_v2/ros2_ws/install/static_camera/share/static_camera/models
[0.998s] running install_egg_info
[1.015s] Copying ../../build/static_camera/static_camera.egg-info to /home/azakaria/Documents/sim_v2/ros2_ws/install/static_camera/lib/python3.12/site-packages/static_camera-0.0.0-py3.12.egg-info
[1.015s] running install_scripts
[1.115s] writing list of installed files to '/home/azakaria/Documents/sim_v2/ros2_ws/build/static_camera/install.log'
[1.136s] Invoked command in '/home/azakaria/Documents/sim_v2/ros2_ws/src/static_camera' returned '0': CONDA_PROMPT_MODIFIER=(base) DEBUGINFOD_URLS=https://debuginfod.ubuntu.com PYTHONPATH=/home/azakaria/Documents/sim_v2/ros2_ws/build/static_camera/prefix_override:/usr/lib/python3/dist-packages/colcon_core/task/python/colcon_distutils_commands:/home/azakaria/Documents/sim_v2/ros2_ws/install/static_camera/lib/python3.12/site-packages:${PYTHONPATH} /usr/bin/python3 -W ignore:setup.py install is deprecated setup.py egg_info --egg-base ../../build/static_camera build --build-base /home/azakaria/Documents/sim_v2/ros2_ws/build/static_camera/build install --record /home/azakaria/Documents/sim_v2/ros2_ws/build/static_camera/install.log --single-version-externally-managed install_data
