[0.559s] Invoking command in '/home/azakaria/Documents/sim_v2/ros2_ws/src/robot_description': CONDA_PROMPT_MODIFIER=(base) DEBUGINFOD_URLS=https://debuginfod.ubuntu.com PYTHONPATH=/home/azakaria/Documents/sim_v2/ros2_ws/build/robot_description/prefix_override:/usr/lib/python3/dist-packages/colcon_core/task/python/colcon_distutils_commands:/home/azakaria/Documents/sim_v2/ros2_ws/install/robot_description/lib/python3.12/site-packages:${PYTHONPATH} /usr/bin/python3 -W ignore:setup.py install is deprecated setup.py egg_info --egg-base ../../build/robot_description build --build-base /home/azakaria/Documents/sim_v2/ros2_ws/build/robot_description/build install --record /home/azakaria/Documents/sim_v2/ros2_ws/build/robot_description/install.log --single-version-externally-managed install_data
[0.748s] running egg_info
[0.762s] writing ../../build/robot_description/robot_description.egg-info/PKG-INFO
[0.762s] writing dependency_links to ../../build/robot_description/robot_description.egg-info/dependency_links.txt
[0.763s] writing entry points to ../../build/robot_description/robot_description.egg-info/entry_points.txt
[0.763s] writing requirements to ../../build/robot_description/robot_description.egg-info/requires.txt
[0.763s] writing top-level names to ../../build/robot_description/robot_description.egg-info/top_level.txt
[0.792s] reading manifest file '../../build/robot_description/robot_description.egg-info/SOURCES.txt'
[0.794s] writing manifest file '../../build/robot_description/robot_description.egg-info/SOURCES.txt'
[0.794s] running build
[0.794s] running build_py
[0.795s] copying robot_description/multi_robot_control.py -> /home/azakaria/Documents/sim_v2/ros2_ws/build/robot_description/build/lib/robot_description
[0.795s] running install
[0.799s] running install_lib
[0.814s] copying /home/azakaria/Documents/sim_v2/ros2_ws/build/robot_description/build/lib/robot_description/multi_robot_control.py -> /home/azakaria/Documents/sim_v2/ros2_ws/install/robot_description/lib/python3.12/site-packages/robot_description
[0.815s] byte-compiling /home/azakaria/Documents/sim_v2/ros2_ws/install/robot_description/lib/python3.12/site-packages/robot_description/multi_robot_control.py to multi_robot_control.cpython-312.pyc
[0.817s] running install_data
[0.817s] copying urdf/robot.xacro -> /home/azakaria/Documents/sim_v2/ros2_ws/install/robot_description/share/robot_description/urdf
[0.817s] copying urdf/robot _2.xacro -> /home/azakaria/Documents/sim_v2/ros2_ws/install/robot_description/share/robot_description/urdf
[0.817s] copying launch/project_world.launch.py -> /home/azakaria/Documents/sim_v2/ros2_ws/install/robot_description/share/robot_description/launch
[0.817s] copying launch/mape_node_multi_robot.launch.py -> /home/azakaria/Documents/sim_v2/ros2_ws/install/robot_description/share/robot_description/launch
[0.820s] running install_egg_info
[0.835s] removing '/home/azakaria/Documents/sim_v2/ros2_ws/install/robot_description/lib/python3.12/site-packages/robot_description-0.0.0-py3.12.egg-info' (and everything under it)
[0.835s] Copying ../../build/robot_description/robot_description.egg-info to /home/azakaria/Documents/sim_v2/ros2_ws/install/robot_description/lib/python3.12/site-packages/robot_description-0.0.0-py3.12.egg-info
[0.835s] running install_scripts
[0.930s] Installing mape_node script to /home/azakaria/Documents/sim_v2/ros2_ws/install/robot_description/lib/robot_description
[0.930s] Installing multi_robot_control script to /home/azakaria/Documents/sim_v2/ros2_ws/install/robot_description/lib/robot_description
[0.931s] writing list of installed files to '/home/azakaria/Documents/sim_v2/ros2_ws/build/robot_description/install.log'
[0.949s] Invoked command in '/home/azakaria/Documents/sim_v2/ros2_ws/src/robot_description' returned '0': CONDA_PROMPT_MODIFIER=(base) DEBUGINFOD_URLS=https://debuginfod.ubuntu.com PYTHONPATH=/home/azakaria/Documents/sim_v2/ros2_ws/build/robot_description/prefix_override:/usr/lib/python3/dist-packages/colcon_core/task/python/colcon_distutils_commands:/home/azakaria/Documents/sim_v2/ros2_ws/install/robot_description/lib/python3.12/site-packages:${PYTHONPATH} /usr/bin/python3 -W ignore:setup.py install is deprecated setup.py egg_info --egg-base ../../build/robot_description build --build-base /home/azakaria/Documents/sim_v2/ros2_ws/build/robot_description/build install --record /home/azakaria/Documents/sim_v2/ros2_ws/build/robot_description/install.log --single-version-externally-managed install_data
