running egg_info
writing ../../build/robot_description/robot_description.egg-info/PKG-INFO
writing dependency_links to ../../build/robot_description/robot_description.egg-info/dependency_links.txt
writing entry points to ../../build/robot_description/robot_description.egg-info/entry_points.txt
writing requirements to ../../build/robot_description/robot_description.egg-info/requires.txt
writing top-level names to ../../build/robot_description/robot_description.egg-info/top_level.txt
reading manifest file '../../build/robot_description/robot_description.egg-info/SOURCES.txt'
writing manifest file '../../build/robot_description/robot_description.egg-info/SOURCES.txt'
running build
running build_py
running install
running install_lib
creating /workspaces/ros2_ws/install/robot_description/lib/python3.10/site-packages/robot_description
copying /workspaces/ros2_ws/build/robot_description/build/lib/robot_description/__init__.py -> /workspaces/ros2_ws/install/robot_description/lib/python3.10/site-packages/robot_description
copying /workspaces/ros2_ws/build/robot_description/build/lib/robot_description/camera_subscriber.py -> /workspaces/ros2_ws/install/robot_description/lib/python3.10/site-packages/robot_description
copying /workspaces/ros2_ws/build/robot_description/build/lib/robot_description/obstacle_avoidance.py -> /workspaces/ros2_ws/install/robot_description/lib/python3.10/site-packages/robot_description
byte-compiling /workspaces/ros2_ws/install/robot_description/lib/python3.10/site-packages/robot_description/__init__.py to __init__.cpython-310.pyc
byte-compiling /workspaces/ros2_ws/install/robot_description/lib/python3.10/site-packages/robot_description/camera_subscriber.py to camera_subscriber.cpython-310.pyc
byte-compiling /workspaces/ros2_ws/install/robot_description/lib/python3.10/site-packages/robot_description/obstacle_avoidance.py to obstacle_avoidance.cpython-310.pyc
running install_data
running install_egg_info
Copying ../../build/robot_description/robot_description.egg-info to /workspaces/ros2_ws/install/robot_description/lib/python3.10/site-packages/robot_description-0.0.0-py3.10.egg-info
running install_scripts
Installing camera_subscriber script to /workspaces/ros2_ws/install/robot_description/lib/robot_description
Installing obstacle_avoidance script to /workspaces/ros2_ws/install/robot_description/lib/robot_description
writing list of installed files to '/workspaces/ros2_ws/build/robot_description/install.log'
