[0.325s] Invoking command in '/workspaces/ros2_ws/src/robot_description': PYTHONPATH=/workspaces/ros2_ws/build/robot_description/prefix_override:/usr/lib/python3/dist-packages/colcon_core/task/python/colcon_distutils_commands:/workspaces/ros2_ws/install/robot_description/lib/python3.10/site-packages:${PYTHONPATH} /usr/bin/python3 -W ignore:setup.py install is deprecated setup.py egg_info --egg-base ../../build/robot_description build --build-base /workspaces/ros2_ws/build/robot_description/build install --record /workspaces/ros2_ws/build/robot_description/install.log --single-version-externally-managed install_data
[0.448s] running egg_info
[0.448s] writing ../../build/robot_description/robot_description.egg-info/PKG-INFO
[0.448s] writing dependency_links to ../../build/robot_description/robot_description.egg-info/dependency_links.txt
[0.448s] writing entry points to ../../build/robot_description/robot_description.egg-info/entry_points.txt
[0.448s] writing requirements to ../../build/robot_description/robot_description.egg-info/requires.txt
[0.448s] writing top-level names to ../../build/robot_description/robot_description.egg-info/top_level.txt
[0.450s] reading manifest file '../../build/robot_description/robot_description.egg-info/SOURCES.txt'
[0.452s] writing manifest file '../../build/robot_description/robot_description.egg-info/SOURCES.txt'
[0.452s] running build
[0.452s] running build_py
[0.452s] running install
[0.452s] running install_lib
[0.453s] creating /workspaces/ros2_ws/install/robot_description/lib/python3.10/site-packages/robot_description
[0.453s] copying /workspaces/ros2_ws/build/robot_description/build/lib/robot_description/__init__.py -> /workspaces/ros2_ws/install/robot_description/lib/python3.10/site-packages/robot_description
[0.453s] copying /workspaces/ros2_ws/build/robot_description/build/lib/robot_description/camera_subscriber.py -> /workspaces/ros2_ws/install/robot_description/lib/python3.10/site-packages/robot_description
[0.453s] copying /workspaces/ros2_ws/build/robot_description/build/lib/robot_description/obstacle_avoidance.py -> /workspaces/ros2_ws/install/robot_description/lib/python3.10/site-packages/robot_description
[0.453s] byte-compiling /workspaces/ros2_ws/install/robot_description/lib/python3.10/site-packages/robot_description/__init__.py to __init__.cpython-310.pyc
[0.454s] byte-compiling /workspaces/ros2_ws/install/robot_description/lib/python3.10/site-packages/robot_description/camera_subscriber.py to camera_subscriber.cpython-310.pyc
[0.454s] byte-compiling /workspaces/ros2_ws/install/robot_description/lib/python3.10/site-packages/robot_description/obstacle_avoidance.py to obstacle_avoidance.cpython-310.pyc
[0.455s] running install_data
[0.457s] running install_egg_info
[0.458s] Copying ../../build/robot_description/robot_description.egg-info to /workspaces/ros2_ws/install/robot_description/lib/python3.10/site-packages/robot_description-0.0.0-py3.10.egg-info
[0.459s] running install_scripts
[0.472s] Installing camera_subscriber script to /workspaces/ros2_ws/install/robot_description/lib/robot_description
[0.472s] Installing obstacle_avoidance script to /workspaces/ros2_ws/install/robot_description/lib/robot_description
[0.472s] writing list of installed files to '/workspaces/ros2_ws/build/robot_description/install.log'
[0.487s] Invoked command in '/workspaces/ros2_ws/src/robot_description' returned '0': PYTHONPATH=/workspaces/ros2_ws/build/robot_description/prefix_override:/usr/lib/python3/dist-packages/colcon_core/task/python/colcon_distutils_commands:/workspaces/ros2_ws/install/robot_description/lib/python3.10/site-packages:${PYTHONPATH} /usr/bin/python3 -W ignore:setup.py install is deprecated setup.py egg_info --egg-base ../../build/robot_description build --build-base /workspaces/ros2_ws/build/robot_description/build install --record /workspaces/ros2_ws/build/robot_description/install.log --single-version-externally-managed install_data
