running egg_info
creating ../../build/marker_detection_pkg/marker_detection_pkg.egg-info
writing ../../build/marker_detection_pkg/marker_detection_pkg.egg-info/PKG-INFO
writing dependency_links to ../../build/marker_detection_pkg/marker_detection_pkg.egg-info/dependency_links.txt
writing entry points to ../../build/marker_detection_pkg/marker_detection_pkg.egg-info/entry_points.txt
writing requirements to ../../build/marker_detection_pkg/marker_detection_pkg.egg-info/requires.txt
writing top-level names to ../../build/marker_detection_pkg/marker_detection_pkg.egg-info/top_level.txt
writing manifest file '../../build/marker_detection_pkg/marker_detection_pkg.egg-info/SOURCES.txt'
reading manifest file '../../build/marker_detection_pkg/marker_detection_pkg.egg-info/SOURCES.txt'
writing manifest file '../../build/marker_detection_pkg/marker_detection_pkg.egg-info/SOURCES.txt'
running build
running build_py
creating /home/azakaria/Documents/sim_v2/ros2_ws/build/marker_detection_pkg/build
creating /home/azakaria/Documents/sim_v2/ros2_ws/build/marker_detection_pkg/build/lib
creating /home/azakaria/Documents/sim_v2/ros2_ws/build/marker_detection_pkg/build/lib/marker_detection_pkg
copying marker_detection_pkg/marker_detector.py -> /home/azakaria/Documents/sim_v2/ros2_ws/build/marker_detection_pkg/build/lib/marker_detection_pkg
copying marker_detection_pkg/__init__.py -> /home/azakaria/Documents/sim_v2/ros2_ws/build/marker_detection_pkg/build/lib/marker_detection_pkg
running install
running install_lib
creating /home/azakaria/Documents/sim_v2/ros2_ws/install/marker_detection_pkg/lib/python3.12/site-packages/marker_detection_pkg
copying /home/azakaria/Documents/sim_v2/ros2_ws/build/marker_detection_pkg/build/lib/marker_detection_pkg/marker_detector.py -> /home/azakaria/Documents/sim_v2/ros2_ws/install/marker_detection_pkg/lib/python3.12/site-packages/marker_detection_pkg
copying /home/azakaria/Documents/sim_v2/ros2_ws/build/marker_detection_pkg/build/lib/marker_detection_pkg/__init__.py -> /home/azakaria/Documents/sim_v2/ros2_ws/install/marker_detection_pkg/lib/python3.12/site-packages/marker_detection_pkg
byte-compiling /home/azakaria/Documents/sim_v2/ros2_ws/install/marker_detection_pkg/lib/python3.12/site-packages/marker_detection_pkg/marker_detector.py to marker_detector.cpython-312.pyc
byte-compiling /home/azakaria/Documents/sim_v2/ros2_ws/install/marker_detection_pkg/lib/python3.12/site-packages/marker_detection_pkg/__init__.py to __init__.cpython-312.pyc
running install_data
creating /home/azakaria/Documents/sim_v2/ros2_ws/install/marker_detection_pkg/share/ament_index
creating /home/azakaria/Documents/sim_v2/ros2_ws/install/marker_detection_pkg/share/ament_index/resource_index
creating /home/azakaria/Documents/sim_v2/ros2_ws/install/marker_detection_pkg/share/ament_index/resource_index/packages
copying resource/marker_detection_pkg -> /home/azakaria/Documents/sim_v2/ros2_ws/install/marker_detection_pkg/share/ament_index/resource_index/packages
copying package.xml -> /home/azakaria/Documents/sim_v2/ros2_ws/install/marker_detection_pkg/share/marker_detection_pkg
running install_egg_info
Copying ../../build/marker_detection_pkg/marker_detection_pkg.egg-info to /home/azakaria/Documents/sim_v2/ros2_ws/install/marker_detection_pkg/lib/python3.12/site-packages/marker_detection_pkg-0.0.0-py3.12.egg-info
running install_scripts
Installing marker_detector script to /home/azakaria/Documents/sim_v2/ros2_ws/install/marker_detection_pkg/lib/marker_detection_pkg
writing list of installed files to '/home/azakaria/Documents/sim_v2/ros2_ws/build/marker_detection_pkg/install.log'
