[0.864s] Invoking command in '/home/azakaria/Documents/sim_v2/ros2_ws/src/robot_description': CONDA_PROMPT_MODIFIER=(base) DEBUGINFOD_URLS=https://debuginfod.ubuntu.com PYTHONPATH=/home/azakaria/Documents/sim_v2/ros2_ws/build/robot_description/prefix_override:/usr/lib/python3/dist-packages/colcon_core/task/python/colcon_distutils_commands:/home/azakaria/Documents/sim_v2/ros2_ws/install/robot_description/lib/python3.12/site-packages:${PYTHONPATH} /usr/bin/python3 -W ignore:setup.py install is deprecated setup.py egg_info --egg-base ../../build/robot_description build --build-base /home/azakaria/Documents/sim_v2/ros2_ws/build/robot_description/build install --record /home/azakaria/Documents/sim_v2/ros2_ws/build/robot_description/install.log --single-version-externally-managed install_data
[1.052s] running egg_info
[1.066s] writing ../../build/robot_description/robot_description.egg-info/PKG-INFO
[1.066s] writing dependency_links to ../../build/robot_description/robot_description.egg-info/dependency_links.txt
[1.067s] writing entry points to ../../build/robot_description/robot_description.egg-info/entry_points.txt
[1.067s] writing requirements to ../../build/robot_description/robot_description.egg-info/requires.txt
[1.067s] writing top-level names to ../../build/robot_description/robot_description.egg-info/top_level.txt
[1.096s] reading manifest file '../../build/robot_description/robot_description.egg-info/SOURCES.txt'
[1.098s] writing manifest file '../../build/robot_description/robot_description.egg-info/SOURCES.txt'
[1.098s] running build
[1.098s] running build_py
[1.099s] running install
[1.104s] running install_lib
[1.119s] running install_data
[1.121s] running install_egg_info
[1.136s] removing '/home/azakaria/Documents/sim_v2/ros2_ws/install/robot_description/lib/python3.12/site-packages/robot_description-0.0.0-py3.12.egg-info' (and everything under it)
[1.136s] Copying ../../build/robot_description/robot_description.egg-info to /home/azakaria/Documents/sim_v2/ros2_ws/install/robot_description/lib/python3.12/site-packages/robot_description-0.0.0-py3.12.egg-info
[1.137s] running install_scripts
[1.230s] Installing mape_node_v7 script to /home/azakaria/Documents/sim_v2/ros2_ws/install/robot_description/lib/robot_description
[1.231s] writing list of installed files to '/home/azakaria/Documents/sim_v2/ros2_ws/build/robot_description/install.log'
[1.260s] Invoked command in '/home/azakaria/Documents/sim_v2/ros2_ws/src/robot_description' returned '0': CONDA_PROMPT_MODIFIER=(base) DEBUGINFOD_URLS=https://debuginfod.ubuntu.com PYTHONPATH=/home/azakaria/Documents/sim_v2/ros2_ws/build/robot_description/prefix_override:/usr/lib/python3/dist-packages/colcon_core/task/python/colcon_distutils_commands:/home/azakaria/Documents/sim_v2/ros2_ws/install/robot_description/lib/python3.12/site-packages:${PYTHONPATH} /usr/bin/python3 -W ignore:setup.py install is deprecated setup.py egg_info --egg-base ../../build/robot_description build --build-base /home/azakaria/Documents/sim_v2/ros2_ws/build/robot_description/build install --record /home/azakaria/Documents/sim_v2/ros2_ws/build/robot_description/install.log --single-version-externally-managed install_data
