[0.731s] Invoking command in '/home/azakaria/Documents/sim_v2/ros2_ws/src/static_camera': CONDA_PROMPT_MODIFIER=(base) DEBUGINFOD_URLS=https://debuginfod.ubuntu.com PYTHONPATH=/home/azakaria/Documents/sim_v2/ros2_ws/build/static_camera/prefix_override:/usr/lib/python3/dist-packages/colcon_core/task/python/colcon_distutils_commands:/home/azakaria/Documents/sim_v2/ros2_ws/install/static_camera/lib/python3.12/site-packages:${PYTHONPATH} /usr/bin/python3 -W ignore:setup.py install is deprecated setup.py egg_info --egg-base ../../build/static_camera build --build-base /home/azakaria/Documents/sim_v2/ros2_ws/build/static_camera/build install --record /home/azakaria/Documents/sim_v2/ros2_ws/build/static_camera/install.log --single-version-externally-managed install_data
[0.925s] running egg_info
[0.940s] writing ../../build/static_camera/static_camera.egg-info/PKG-INFO
[0.941s] writing dependency_links to ../../build/static_camera/static_camera.egg-info/dependency_links.txt
[0.941s] writing entry points to ../../build/static_camera/static_camera.egg-info/entry_points.txt
[0.941s] writing requirements to ../../build/static_camera/static_camera.egg-info/requires.txt
[0.941s] writing top-level names to ../../build/static_camera/static_camera.egg-info/top_level.txt
[0.971s] reading manifest file '../../build/static_camera/static_camera.egg-info/SOURCES.txt'
[0.972s] writing manifest file '../../build/static_camera/static_camera.egg-info/SOURCES.txt'
[0.972s] running build
[0.972s] running build_py
[0.972s] running install
[0.977s] running install_lib
[0.993s] running install_data
[0.993s] running install_egg_info
[1.010s] removing '/home/azakaria/Documents/sim_v2/ros2_ws/install/static_camera/lib/python3.12/site-packages/static_camera-0.0.0-py3.12.egg-info' (and everything under it)
[1.010s] Copying ../../build/static_camera/static_camera.egg-info to /home/azakaria/Documents/sim_v2/ros2_ws/install/static_camera/lib/python3.12/site-packages/static_camera-0.0.0-py3.12.egg-info
[1.010s] running install_scripts
[1.111s] Installing camera_subscriber script to /home/azakaria/Documents/sim_v2/ros2_ws/install/static_camera/lib/static_camera
[1.112s] writing list of installed files to '/home/azakaria/Documents/sim_v2/ros2_ws/build/static_camera/install.log'
[1.135s] Invoked command in '/home/azakaria/Documents/sim_v2/ros2_ws/src/static_camera' returned '0': CONDA_PROMPT_MODIFIER=(base) DEBUGINFOD_URLS=https://debuginfod.ubuntu.com PYTHONPATH=/home/azakaria/Documents/sim_v2/ros2_ws/build/static_camera/prefix_override:/usr/lib/python3/dist-packages/colcon_core/task/python/colcon_distutils_commands:/home/azakaria/Documents/sim_v2/ros2_ws/install/static_camera/lib/python3.12/site-packages:${PYTHONPATH} /usr/bin/python3 -W ignore:setup.py install is deprecated setup.py egg_info --egg-base ../../build/static_camera build --build-base /home/azakaria/Documents/sim_v2/ros2_ws/build/static_camera/build install --record /home/azakaria/Documents/sim_v2/ros2_ws/build/static_camera/install.log --single-version-externally-managed install_data
