[0.907s] Invoking command in '/home/azakaria/Documents/sim_v2/ros2_ws/src/static_camera': CONDA_PROMPT_MODIFIER=(base) DEBUGINFOD_URLS=https://debuginfod.ubuntu.com PYTHONPATH=/home/azakaria/Documents/sim_v2/ros2_ws/build/static_camera/prefix_override:/usr/lib/python3/dist-packages/colcon_core/task/python/colcon_distutils_commands:/home/azakaria/Documents/sim_v2/ros2_ws/install/static_camera/lib/python3.12/site-packages:${PYTHONPATH} /usr/bin/python3 -W ignore:setup.py install is deprecated setup.py egg_info --egg-base ../../build/static_camera build --build-base /home/azakaria/Documents/sim_v2/ros2_ws/build/static_camera/build install --record /home/azakaria/Documents/sim_v2/ros2_ws/build/static_camera/install.log --single-version-externally-managed install_data
[1.124s] running egg_info
[1.141s] writing ../../build/static_camera/static_camera.egg-info/PKG-INFO
[1.141s] writing dependency_links to ../../build/static_camera/static_camera.egg-info/dependency_links.txt
[1.141s] writing entry points to ../../build/static_camera/static_camera.egg-info/entry_points.txt
[1.142s] writing requirements to ../../build/static_camera/static_camera.egg-info/requires.txt
[1.142s] writing top-level names to ../../build/static_camera/static_camera.egg-info/top_level.txt
[1.176s] reading manifest file '../../build/static_camera/static_camera.egg-info/SOURCES.txt'
[1.177s] writing manifest file '../../build/static_camera/static_camera.egg-info/SOURCES.txt'
[1.177s] running build
[1.177s] running build_py
[1.177s] running install
[1.182s] running install_lib
[1.199s] running install_data
[1.199s] copying launch/spawn_static_cam2.launch.py -> /home/azakaria/Documents/sim_v2/ros2_ws/install/static_camera/share/static_camera/launch
[1.200s] running install_egg_info
[1.219s] removing '/home/azakaria/Documents/sim_v2/ros2_ws/install/static_camera/lib/python3.12/site-packages/static_camera-0.0.0-py3.12.egg-info' (and everything under it)
[1.219s] Copying ../../build/static_camera/static_camera.egg-info to /home/azakaria/Documents/sim_v2/ros2_ws/install/static_camera/lib/python3.12/site-packages/static_camera-0.0.0-py3.12.egg-info
[1.221s] running install_scripts
[1.335s] Installing camera_subscriber script to /home/azakaria/Documents/sim_v2/ros2_ws/install/static_camera/lib/static_camera
[1.335s] writing list of installed files to '/home/azakaria/Documents/sim_v2/ros2_ws/build/static_camera/install.log'
[1.370s] Invoked command in '/home/azakaria/Documents/sim_v2/ros2_ws/src/static_camera' returned '0': CONDA_PROMPT_MODIFIER=(base) DEBUGINFOD_URLS=https://debuginfod.ubuntu.com PYTHONPATH=/home/azakaria/Documents/sim_v2/ros2_ws/build/static_camera/prefix_override:/usr/lib/python3/dist-packages/colcon_core/task/python/colcon_distutils_commands:/home/azakaria/Documents/sim_v2/ros2_ws/install/static_camera/lib/python3.12/site-packages:${PYTHONPATH} /usr/bin/python3 -W ignore:setup.py install is deprecated setup.py egg_info --egg-base ../../build/static_camera build --build-base /home/azakaria/Documents/sim_v2/ros2_ws/build/static_camera/build install --record /home/azakaria/Documents/sim_v2/ros2_ws/build/static_camera/install.log --single-version-externally-managed install_data
