[0.068s] DEBUG:colcon:Command line arguments: ['/usr/bin/colcon', 'build']
[0.068s] DEBUG:colcon:Parsed command line arguments: Namespace(log_base=None, log_level=None, verb_name='build', build_base='build', install_base='install', merge_install=False, symlink_install=False, test_result_base=None, continue_on_error=False, executor='parallel', parallel_workers=16, event_handlers=None, ignore_user_meta=False, metas=['./colcon.meta'], base_paths=['.'], packages_ignore=None, packages_ignore_regex=None, paths=None, packages_up_to=None, packages_up_to_regex=None, packages_above=None, packages_above_and_dependencies=None, packages_above_depth=None, packages_select_by_dep=None, packages_skip_by_dep=None, packages_skip_up_to=None, packages_select_build_failed=False, packages_skip_build_finished=False, packages_select_test_failures=False, packages_skip_test_passed=False, packages_select=None, packages_skip=None, packages_select_regex=None, packages_skip_regex=None, packages_start=None, packages_end=None, allow_overriding=[], cmake_args=None, cmake_target=None, cmake_target_skip_unavailable=False, cmake_clean_cache=False, cmake_clean_first=False, cmake_force_configure=False, ament_cmake_args=None, catkin_cmake_args=None, catkin_skip_building_tests=False, mixin_files=None, mixin=None, verb_parser=<colcon_mixin.mixin.mixin_argument.MixinArgumentDecorator object at 0x73cac9cc4050>, verb_extension=<colcon_core.verb.build.BuildVerb object at 0x73cac9c3f0e0>, main=<bound method BuildVerb.main of <colcon_core.verb.build.BuildVerb object at 0x73cac9c3f0e0>>, mixin_verb=('build',))
[0.091s] Level 1:colcon.colcon_core.package_discovery:discover_packages(colcon_meta) check parameters
[0.091s] Level 1:colcon.colcon_core.package_discovery:discover_packages(recursive) check parameters
[0.091s] Level 1:colcon.colcon_core.package_discovery:discover_packages(ignore) check parameters
[0.091s] Level 1:colcon.colcon_core.package_discovery:discover_packages(path) check parameters
[0.091s] Level 1:colcon.colcon_core.package_discovery:discover_packages(colcon_meta) discover
[0.091s] Level 1:colcon.colcon_core.package_discovery:discover_packages(recursive) discover
[0.091s] INFO:colcon.colcon_core.package_discovery:Crawling recursively for packages in '/home/azakaria/Documents/sim_v2/ros2_ws'
[0.091s] Level 1:colcon.colcon_core.package_identification:_identify(.) by extensions ['ignore', 'ignore_ament_install']
[0.091s] Level 1:colcon.colcon_core.package_identification:_identify(.) by extension 'ignore'
[0.091s] Level 1:colcon.colcon_core.package_identification:_identify(.) by extension 'ignore_ament_install'
[0.091s] Level 1:colcon.colcon_core.package_identification:_identify(.) by extensions ['colcon_pkg']
[0.091s] Level 1:colcon.colcon_core.package_identification:_identify(.) by extension 'colcon_pkg'
[0.091s] Level 1:colcon.colcon_core.package_identification:_identify(.) by extensions ['colcon_meta']
[0.091s] Level 1:colcon.colcon_core.package_identification:_identify(.) by extension 'colcon_meta'
[0.091s] Level 1:colcon.colcon_core.package_identification:_identify(.) by extensions ['ros']
[0.091s] Level 1:colcon.colcon_core.package_identification:_identify(.) by extension 'ros'
[0.108s] Level 1:colcon.colcon_core.package_identification:_identify(.) by extensions ['cmake', 'python']
[0.108s] Level 1:colcon.colcon_core.package_identification:_identify(.) by extension 'cmake'
[0.108s] Level 1:colcon.colcon_core.package_identification:_identify(.) by extension 'python'
[0.108s] Level 1:colcon.colcon_core.package_identification:_identify(.) by extensions ['python_setup_py']
[0.108s] Level 1:colcon.colcon_core.package_identification:_identify(.) by extension 'python_setup_py'
[0.108s] Level 1:colcon.colcon_core.package_identification:_identify(build) by extensions ['ignore', 'ignore_ament_install']
[0.108s] Level 1:colcon.colcon_core.package_identification:_identify(build) by extension 'ignore'
[0.108s] Level 1:colcon.colcon_core.package_identification:_identify(build) ignored
[0.108s] Level 1:colcon.colcon_core.package_identification:_identify(install) by extensions ['ignore', 'ignore_ament_install']
[0.108s] Level 1:colcon.colcon_core.package_identification:_identify(install) by extension 'ignore'
[0.108s] Level 1:colcon.colcon_core.package_identification:_identify(install) ignored
[0.108s] Level 1:colcon.colcon_core.package_identification:_identify(log) by extensions ['ignore', 'ignore_ament_install']
[0.108s] Level 1:colcon.colcon_core.package_identification:_identify(log) by extension 'ignore'
[0.108s] Level 1:colcon.colcon_core.package_identification:_identify(log) ignored
[0.108s] Level 1:colcon.colcon_core.package_identification:_identify(src) by extensions ['ignore', 'ignore_ament_install']
[0.108s] Level 1:colcon.colcon_core.package_identification:_identify(src) by extension 'ignore'
[0.108s] Level 1:colcon.colcon_core.package_identification:_identify(src) by extension 'ignore_ament_install'
[0.108s] Level 1:colcon.colcon_core.package_identification:_identify(src) by extensions ['colcon_pkg']
[0.108s] Level 1:colcon.colcon_core.package_identification:_identify(src) by extension 'colcon_pkg'
[0.108s] Level 1:colcon.colcon_core.package_identification:_identify(src) by extensions ['colcon_meta']
[0.108s] Level 1:colcon.colcon_core.package_identification:_identify(src) by extension 'colcon_meta'
[0.108s] Level 1:colcon.colcon_core.package_identification:_identify(src) by extensions ['ros']
[0.108s] Level 1:colcon.colcon_core.package_identification:_identify(src) by extension 'ros'
[0.109s] Level 1:colcon.colcon_core.package_identification:_identify(src) by extensions ['cmake', 'python']
[0.109s] Level 1:colcon.colcon_core.package_identification:_identify(src) by extension 'cmake'
[0.109s] Level 1:colcon.colcon_core.package_identification:_identify(src) by extension 'python'
[0.109s] Level 1:colcon.colcon_core.package_identification:_identify(src) by extensions ['python_setup_py']
[0.109s] Level 1:colcon.colcon_core.package_identification:_identify(src) by extension 'python_setup_py'
[0.109s] Level 1:colcon.colcon_core.package_identification:_identify(src/camera_pkg) by extensions ['ignore', 'ignore_ament_install']
[0.109s] Level 1:colcon.colcon_core.package_identification:_identify(src/camera_pkg) by extension 'ignore'
[0.109s] Level 1:colcon.colcon_core.package_identification:_identify(src/camera_pkg) by extension 'ignore_ament_install'
[0.109s] Level 1:colcon.colcon_core.package_identification:_identify(src/camera_pkg) by extensions ['colcon_pkg']
[0.109s] Level 1:colcon.colcon_core.package_identification:_identify(src/camera_pkg) by extension 'colcon_pkg'
[0.109s] Level 1:colcon.colcon_core.package_identification:_identify(src/camera_pkg) by extensions ['colcon_meta']
[0.109s] Level 1:colcon.colcon_core.package_identification:_identify(src/camera_pkg) by extension 'colcon_meta'
[0.109s] Level 1:colcon.colcon_core.package_identification:_identify(src/camera_pkg) by extensions ['ros']
[0.109s] Level 1:colcon.colcon_core.package_identification:_identify(src/camera_pkg) by extension 'ros'
[0.110s] DEBUG:colcon.colcon_core.package_identification:Package 'src/camera_pkg' with type 'ros.ament_python' and name 'camera_pkg'
[0.110s] Level 1:colcon.colcon_core.package_identification:_identify(src/ev3_motor_pkg) by extensions ['ignore', 'ignore_ament_install']
[0.110s] Level 1:colcon.colcon_core.package_identification:_identify(src/ev3_motor_pkg) by extension 'ignore'
[0.111s] Level 1:colcon.colcon_core.package_identification:_identify(src/ev3_motor_pkg) by extension 'ignore_ament_install'
[0.111s] Level 1:colcon.colcon_core.package_identification:_identify(src/ev3_motor_pkg) by extensions ['colcon_pkg']
[0.111s] Level 1:colcon.colcon_core.package_identification:_identify(src/ev3_motor_pkg) by extension 'colcon_pkg'
[0.111s] Level 1:colcon.colcon_core.package_identification:_identify(src/ev3_motor_pkg) by extensions ['colcon_meta']
[0.111s] Level 1:colcon.colcon_core.package_identification:_identify(src/ev3_motor_pkg) by extension 'colcon_meta'
[0.111s] Level 1:colcon.colcon_core.package_identification:_identify(src/ev3_motor_pkg) by extensions ['ros']
[0.111s] Level 1:colcon.colcon_core.package_identification:_identify(src/ev3_motor_pkg) by extension 'ros'
[0.111s] DEBUG:colcon.colcon_core.package_identification:Package 'src/ev3_motor_pkg' with type 'ros.ament_python' and name 'ev3_motor_pkg'
[0.111s] Level 1:colcon.colcon_core.package_identification:_identify(src/marker_detection_pkg) by extensions ['ignore', 'ignore_ament_install']
[0.111s] Level 1:colcon.colcon_core.package_identification:_identify(src/marker_detection_pkg) by extension 'ignore'
[0.111s] Level 1:colcon.colcon_core.package_identification:_identify(src/marker_detection_pkg) by extension 'ignore_ament_install'
[0.111s] Level 1:colcon.colcon_core.package_identification:_identify(src/marker_detection_pkg) by extensions ['colcon_pkg']
[0.111s] Level 1:colcon.colcon_core.package_identification:_identify(src/marker_detection_pkg) by extension 'colcon_pkg'
[0.111s] Level 1:colcon.colcon_core.package_identification:_identify(src/marker_detection_pkg) by extensions ['colcon_meta']
[0.111s] Level 1:colcon.colcon_core.package_identification:_identify(src/marker_detection_pkg) by extension 'colcon_meta'
[0.111s] Level 1:colcon.colcon_core.package_identification:_identify(src/marker_detection_pkg) by extensions ['ros']
[0.111s] Level 1:colcon.colcon_core.package_identification:_identify(src/marker_detection_pkg) by extension 'ros'
[0.112s] DEBUG:colcon.colcon_core.package_identification:Package 'src/marker_detection_pkg' with type 'ros.ament_python' and name 'marker_detection_pkg'
[0.112s] Level 1:colcon.colcon_core.package_identification:_identify(src/robot_description) by extensions ['ignore', 'ignore_ament_install']
[0.112s] Level 1:colcon.colcon_core.package_identification:_identify(src/robot_description) by extension 'ignore'
[0.112s] Level 1:colcon.colcon_core.package_identification:_identify(src/robot_description) by extension 'ignore_ament_install'
[0.112s] Level 1:colcon.colcon_core.package_identification:_identify(src/robot_description) by extensions ['colcon_pkg']
[0.112s] Level 1:colcon.colcon_core.package_identification:_identify(src/robot_description) by extension 'colcon_pkg'
[0.112s] Level 1:colcon.colcon_core.package_identification:_identify(src/robot_description) by extensions ['colcon_meta']
[0.112s] Level 1:colcon.colcon_core.package_identification:_identify(src/robot_description) by extension 'colcon_meta'
[0.112s] Level 1:colcon.colcon_core.package_identification:_identify(src/robot_description) by extensions ['ros']
[0.112s] Level 1:colcon.colcon_core.package_identification:_identify(src/robot_description) by extension 'ros'
[0.113s] DEBUG:colcon.colcon_core.package_identification:Package 'src/robot_description' with type 'ros.ament_python' and name 'robot_description'
[0.113s] Level 1:colcon.colcon_core.package_discovery:discover_packages(recursive) using defaults
[0.113s] Level 1:colcon.colcon_core.package_discovery:discover_packages(ignore) discover
[0.113s] Level 1:colcon.colcon_core.package_discovery:discover_packages(ignore) using defaults
[0.113s] Level 1:colcon.colcon_core.package_discovery:discover_packages(path) discover
[0.113s] Level 1:colcon.colcon_core.package_discovery:discover_packages(path) using defaults
[0.124s] Level 1:colcon.colcon_core.package_discovery:discover_packages(prefix_path) check parameters
[0.124s] Level 1:colcon.colcon_core.package_discovery:discover_packages(prefix_path) discover
[0.126s] DEBUG:colcon.colcon_installed_package_information.package_discovery:Found 340 installed packages in /opt/ros/jazzy
[0.127s] Level 1:colcon.colcon_core.package_discovery:discover_packages(prefix_path) using defaults
[0.158s] Level 5:colcon.colcon_core.verb:set package 'camera_pkg' build argument 'cmake_args' from command line to 'None'
[0.158s] Level 5:colcon.colcon_core.verb:set package 'camera_pkg' build argument 'cmake_target' from command line to 'None'
[0.158s] Level 5:colcon.colcon_core.verb:set package 'camera_pkg' build argument 'cmake_target_skip_unavailable' from command line to 'False'
[0.158s] Level 5:colcon.colcon_core.verb:set package 'camera_pkg' build argument 'cmake_clean_cache' from command line to 'False'
[0.158s] Level 5:colcon.colcon_core.verb:set package 'camera_pkg' build argument 'cmake_clean_first' from command line to 'False'
[0.158s] Level 5:colcon.colcon_core.verb:set package 'camera_pkg' build argument 'cmake_force_configure' from command line to 'False'
[0.158s] Level 5:colcon.colcon_core.verb:set package 'camera_pkg' build argument 'ament_cmake_args' from command line to 'None'
[0.158s] Level 5:colcon.colcon_core.verb:set package 'camera_pkg' build argument 'catkin_cmake_args' from command line to 'None'
[0.158s] Level 5:colcon.colcon_core.verb:set package 'camera_pkg' build argument 'catkin_skip_building_tests' from command line to 'False'
[0.158s] DEBUG:colcon.colcon_core.verb:Building package 'camera_pkg' with the following arguments: {'ament_cmake_args': None, 'build_base': '/home/azakaria/Documents/sim_v2/ros2_ws/build/camera_pkg', 'catkin_cmake_args': None, 'catkin_skip_building_tests': False, 'cmake_args': None, 'cmake_clean_cache': False, 'cmake_clean_first': False, 'cmake_force_configure': False, 'cmake_target': None, 'cmake_target_skip_unavailable': False, 'install_base': '/home/azakaria/Documents/sim_v2/ros2_ws/install/camera_pkg', 'merge_install': False, 'path': '/home/azakaria/Documents/sim_v2/ros2_ws/src/camera_pkg', 'symlink_install': False, 'test_result_base': None}
[0.158s] Level 5:colcon.colcon_core.verb:set package 'ev3_motor_pkg' build argument 'cmake_args' from command line to 'None'
[0.158s] Level 5:colcon.colcon_core.verb:set package 'ev3_motor_pkg' build argument 'cmake_target' from command line to 'None'
[0.158s] Level 5:colcon.colcon_core.verb:set package 'ev3_motor_pkg' build argument 'cmake_target_skip_unavailable' from command line to 'False'
[0.158s] Level 5:colcon.colcon_core.verb:set package 'ev3_motor_pkg' build argument 'cmake_clean_cache' from command line to 'False'
[0.158s] Level 5:colcon.colcon_core.verb:set package 'ev3_motor_pkg' build argument 'cmake_clean_first' from command line to 'False'
[0.159s] Level 5:colcon.colcon_core.verb:set package 'ev3_motor_pkg' build argument 'cmake_force_configure' from command line to 'False'
[0.159s] Level 5:colcon.colcon_core.verb:set package 'ev3_motor_pkg' build argument 'ament_cmake_args' from command line to 'None'
[0.159s] Level 5:colcon.colcon_core.verb:set package 'ev3_motor_pkg' build argument 'catkin_cmake_args' from command line to 'None'
[0.159s] Level 5:colcon.colcon_core.verb:set package 'ev3_motor_pkg' build argument 'catkin_skip_building_tests' from command line to 'False'
[0.159s] DEBUG:colcon.colcon_core.verb:Building package 'ev3_motor_pkg' with the following arguments: {'ament_cmake_args': None, 'build_base': '/home/azakaria/Documents/sim_v2/ros2_ws/build/ev3_motor_pkg', 'catkin_cmake_args': None, 'catkin_skip_building_tests': False, 'cmake_args': None, 'cmake_clean_cache': False, 'cmake_clean_first': False, 'cmake_force_configure': False, 'cmake_target': None, 'cmake_target_skip_unavailable': False, 'install_base': '/home/azakaria/Documents/sim_v2/ros2_ws/install/ev3_motor_pkg', 'merge_install': False, 'path': '/home/azakaria/Documents/sim_v2/ros2_ws/src/ev3_motor_pkg', 'symlink_install': False, 'test_result_base': None}
[0.159s] Level 5:colcon.colcon_core.verb:set package 'marker_detection_pkg' build argument 'cmake_args' from command line to 'None'
[0.159s] Level 5:colcon.colcon_core.verb:set package 'marker_detection_pkg' build argument 'cmake_target' from command line to 'None'
[0.159s] Level 5:colcon.colcon_core.verb:set package 'marker_detection_pkg' build argument 'cmake_target_skip_unavailable' from command line to 'False'
[0.159s] Level 5:colcon.colcon_core.verb:set package 'marker_detection_pkg' build argument 'cmake_clean_cache' from command line to 'False'
[0.159s] Level 5:colcon.colcon_core.verb:set package 'marker_detection_pkg' build argument 'cmake_clean_first' from command line to 'False'
[0.159s] Level 5:colcon.colcon_core.verb:set package 'marker_detection_pkg' build argument 'cmake_force_configure' from command line to 'False'
[0.159s] Level 5:colcon.colcon_core.verb:set package 'marker_detection_pkg' build argument 'ament_cmake_args' from command line to 'None'
[0.159s] Level 5:colcon.colcon_core.verb:set package 'marker_detection_pkg' build argument 'catkin_cmake_args' from command line to 'None'
[0.159s] Level 5:colcon.colcon_core.verb:set package 'marker_detection_pkg' build argument 'catkin_skip_building_tests' from command line to 'False'
[0.159s] DEBUG:colcon.colcon_core.verb:Building package 'marker_detection_pkg' with the following arguments: {'ament_cmake_args': None, 'build_base': '/home/azakaria/Documents/sim_v2/ros2_ws/build/marker_detection_pkg', 'catkin_cmake_args': None, 'catkin_skip_building_tests': False, 'cmake_args': None, 'cmake_clean_cache': False, 'cmake_clean_first': False, 'cmake_force_configure': False, 'cmake_target': None, 'cmake_target_skip_unavailable': False, 'install_base': '/home/azakaria/Documents/sim_v2/ros2_ws/install/marker_detection_pkg', 'merge_install': False, 'path': '/home/azakaria/Documents/sim_v2/ros2_ws/src/marker_detection_pkg', 'symlink_install': False, 'test_result_base': None}
[0.159s] Level 5:colcon.colcon_core.verb:set package 'robot_description' build argument 'cmake_args' from command line to 'None'
[0.159s] Level 5:colcon.colcon_core.verb:set package 'robot_description' build argument 'cmake_target' from command line to 'None'
[0.159s] Level 5:colcon.colcon_core.verb:set package 'robot_description' build argument 'cmake_target_skip_unavailable' from command line to 'False'
[0.159s] Level 5:colcon.colcon_core.verb:set package 'robot_description' build argument 'cmake_clean_cache' from command line to 'False'
[0.159s] Level 5:colcon.colcon_core.verb:set package 'robot_description' build argument 'cmake_clean_first' from command line to 'False'
[0.159s] Level 5:colcon.colcon_core.verb:set package 'robot_description' build argument 'cmake_force_configure' from command line to 'False'
[0.159s] Level 5:colcon.colcon_core.verb:set package 'robot_description' build argument 'ament_cmake_args' from command line to 'None'
[0.159s] Level 5:colcon.colcon_core.verb:set package 'robot_description' build argument 'catkin_cmake_args' from command line to 'None'
[0.159s] Level 5:colcon.colcon_core.verb:set package 'robot_description' build argument 'catkin_skip_building_tests' from command line to 'False'
[0.159s] DEBUG:colcon.colcon_core.verb:Building package 'robot_description' with the following arguments: {'ament_cmake_args': None, 'build_base': '/home/azakaria/Documents/sim_v2/ros2_ws/build/robot_description', 'catkin_cmake_args': None, 'catkin_skip_building_tests': False, 'cmake_args': None, 'cmake_clean_cache': False, 'cmake_clean_first': False, 'cmake_force_configure': False, 'cmake_target': None, 'cmake_target_skip_unavailable': False, 'install_base': '/home/azakaria/Documents/sim_v2/ros2_ws/install/robot_description', 'merge_install': False, 'path': '/home/azakaria/Documents/sim_v2/ros2_ws/src/robot_description', 'symlink_install': False, 'test_result_base': None}
[0.159s] INFO:colcon.colcon_core.executor:Executing jobs using 'parallel' executor
[0.160s] DEBUG:colcon.colcon_parallel_executor.executor.parallel:run_until_complete
[0.160s] INFO:colcon.colcon_ros.task.ament_python.build:Building ROS package in '/home/azakaria/Documents/sim_v2/ros2_ws/src/camera_pkg' with build type 'ament_python'
[0.160s] Level 1:colcon.colcon_core.shell:create_environment_hook('camera_pkg', 'ament_prefix_path')
[0.161s] INFO:colcon.colcon_core.plugin_system:Skipping extension 'colcon_core.shell.bat': Not used on non-Windows systems
[0.161s] INFO:colcon.colcon_core.shell:Creating environment hook '/home/azakaria/Documents/sim_v2/ros2_ws/install/camera_pkg/share/camera_pkg/hook/ament_prefix_path.ps1'
[0.162s] INFO:colcon.colcon_core.shell:Creating environment descriptor '/home/azakaria/Documents/sim_v2/ros2_ws/install/camera_pkg/share/camera_pkg/hook/ament_prefix_path.dsv'
[0.162s] INFO:colcon.colcon_core.shell:Creating environment hook '/home/azakaria/Documents/sim_v2/ros2_ws/install/camera_pkg/share/camera_pkg/hook/ament_prefix_path.sh'
[0.163s] INFO:colcon.colcon_core.shell:Skip shell extension 'powershell' for command environment: Not usable outside of PowerShell
[0.163s] DEBUG:colcon.colcon_core.shell:Skip shell extension 'dsv' for command environment
[0.165s] INFO:colcon.colcon_ros.task.ament_python.build:Building ROS package in '/home/azakaria/Documents/sim_v2/ros2_ws/src/ev3_motor_pkg' with build type 'ament_python'
[0.165s] Level 1:colcon.colcon_core.shell:create_environment_hook('ev3_motor_pkg', 'ament_prefix_path')
[0.165s] INFO:colcon.colcon_core.shell:Creating environment hook '/home/azakaria/Documents/sim_v2/ros2_ws/install/ev3_motor_pkg/share/ev3_motor_pkg/hook/ament_prefix_path.ps1'
[0.166s] INFO:colcon.colcon_core.shell:Creating environment descriptor '/home/azakaria/Documents/sim_v2/ros2_ws/install/ev3_motor_pkg/share/ev3_motor_pkg/hook/ament_prefix_path.dsv'
[0.166s] INFO:colcon.colcon_core.shell:Creating environment hook '/home/azakaria/Documents/sim_v2/ros2_ws/install/ev3_motor_pkg/share/ev3_motor_pkg/hook/ament_prefix_path.sh'
[0.166s] INFO:colcon.colcon_core.shell:Skip shell extension 'powershell' for command environment: Not usable outside of PowerShell
[0.166s] DEBUG:colcon.colcon_core.shell:Skip shell extension 'dsv' for command environment
[0.168s] INFO:colcon.colcon_ros.task.ament_python.build:Building ROS package in '/home/azakaria/Documents/sim_v2/ros2_ws/src/marker_detection_pkg' with build type 'ament_python'
[0.169s] Level 1:colcon.colcon_core.shell:create_environment_hook('marker_detection_pkg', 'ament_prefix_path')
[0.169s] INFO:colcon.colcon_core.shell:Creating environment hook '/home/azakaria/Documents/sim_v2/ros2_ws/install/marker_detection_pkg/share/marker_detection_pkg/hook/ament_prefix_path.ps1'
[0.169s] INFO:colcon.colcon_core.shell:Creating environment descriptor '/home/azakaria/Documents/sim_v2/ros2_ws/install/marker_detection_pkg/share/marker_detection_pkg/hook/ament_prefix_path.dsv'
[0.169s] INFO:colcon.colcon_core.shell:Creating environment hook '/home/azakaria/Documents/sim_v2/ros2_ws/install/marker_detection_pkg/share/marker_detection_pkg/hook/ament_prefix_path.sh'
[0.170s] INFO:colcon.colcon_core.shell:Skip shell extension 'powershell' for command environment: Not usable outside of PowerShell
[0.170s] DEBUG:colcon.colcon_core.shell:Skip shell extension 'dsv' for command environment
[0.172s] INFO:colcon.colcon_ros.task.ament_python.build:Building ROS package in '/home/azakaria/Documents/sim_v2/ros2_ws/src/robot_description' with build type 'ament_python'
[0.172s] Level 1:colcon.colcon_core.shell:create_environment_hook('robot_description', 'ament_prefix_path')
[0.173s] INFO:colcon.colcon_core.shell:Creating environment hook '/home/azakaria/Documents/sim_v2/ros2_ws/install/robot_description/share/robot_description/hook/ament_prefix_path.ps1'
[0.173s] INFO:colcon.colcon_core.shell:Creating environment descriptor '/home/azakaria/Documents/sim_v2/ros2_ws/install/robot_description/share/robot_description/hook/ament_prefix_path.dsv'
[0.173s] INFO:colcon.colcon_core.shell:Creating environment hook '/home/azakaria/Documents/sim_v2/ros2_ws/install/robot_description/share/robot_description/hook/ament_prefix_path.sh'
[0.174s] INFO:colcon.colcon_core.shell:Skip shell extension 'powershell' for command environment: Not usable outside of PowerShell
[0.174s] DEBUG:colcon.colcon_core.shell:Skip shell extension 'dsv' for command environment
[0.321s] INFO:colcon.colcon_core.task.python.build:Building Python package in '/home/azakaria/Documents/sim_v2/ros2_ws/src/camera_pkg'
[0.321s] INFO:colcon.colcon_core.shell:Skip shell extension 'powershell' for command environment: Not usable outside of PowerShell
[0.321s] DEBUG:colcon.colcon_core.shell:Skip shell extension 'dsv' for command environment
[0.465s] INFO:colcon.colcon_core.task.python.build:Building Python package in '/home/azakaria/Documents/sim_v2/ros2_ws/src/ev3_motor_pkg'
[0.466s] INFO:colcon.colcon_core.shell:Skip shell extension 'powershell' for command environment: Not usable outside of PowerShell
[0.466s] DEBUG:colcon.colcon_core.shell:Skip shell extension 'dsv' for command environment
[0.607s] INFO:colcon.colcon_core.task.python.build:Building Python package in '/home/azakaria/Documents/sim_v2/ros2_ws/src/marker_detection_pkg'
[0.608s] INFO:colcon.colcon_core.shell:Skip shell extension 'powershell' for command environment: Not usable outside of PowerShell
[0.608s] DEBUG:colcon.colcon_core.shell:Skip shell extension 'dsv' for command environment
[0.759s] INFO:colcon.colcon_core.task.python.build:Building Python package in '/home/azakaria/Documents/sim_v2/ros2_ws/src/robot_description'
[0.760s] INFO:colcon.colcon_core.shell:Skip shell extension 'powershell' for command environment: Not usable outside of PowerShell
[0.760s] DEBUG:colcon.colcon_core.shell:Skip shell extension 'dsv' for command environment
[1.194s] DEBUG:colcon.colcon_core.event_handler.log_command:Invoking command in '/home/azakaria/Documents/sim_v2/ros2_ws/src/ev3_motor_pkg': CONDA_PROMPT_MODIFIER=(base) DEBUGINFOD_URLS=https://debuginfod.ubuntu.com PYTHONPATH=/home/azakaria/Documents/sim_v2/ros2_ws/build/ev3_motor_pkg/prefix_override:/usr/lib/python3/dist-packages/colcon_core/task/python/colcon_distutils_commands:/home/azakaria/Documents/sim_v2/ros2_ws/install/ev3_motor_pkg/lib/python3.12/site-packages:${PYTHONPATH} /usr/bin/python3 -W ignore:setup.py install is deprecated setup.py egg_info --egg-base ../../build/ev3_motor_pkg build --build-base /home/azakaria/Documents/sim_v2/ros2_ws/build/ev3_motor_pkg/build install --record /home/azakaria/Documents/sim_v2/ros2_ws/build/ev3_motor_pkg/install.log --single-version-externally-managed install_data
[1.196s] DEBUG:colcon.colcon_core.event_handler.log_command:Invoking command in '/home/azakaria/Documents/sim_v2/ros2_ws/src/marker_detection_pkg': CONDA_PROMPT_MODIFIER=(base) DEBUGINFOD_URLS=https://debuginfod.ubuntu.com PYTHONPATH=/home/azakaria/Documents/sim_v2/ros2_ws/build/marker_detection_pkg/prefix_override:/usr/lib/python3/dist-packages/colcon_core/task/python/colcon_distutils_commands:/home/azakaria/Documents/sim_v2/ros2_ws/install/marker_detection_pkg/lib/python3.12/site-packages:${PYTHONPATH} /usr/bin/python3 -W ignore:setup.py install is deprecated setup.py egg_info --egg-base ../../build/marker_detection_pkg build --build-base /home/azakaria/Documents/sim_v2/ros2_ws/build/marker_detection_pkg/build install --record /home/azakaria/Documents/sim_v2/ros2_ws/build/marker_detection_pkg/install.log --single-version-externally-managed install_data
[1.197s] DEBUG:colcon.colcon_core.event_handler.log_command:Invoking command in '/home/azakaria/Documents/sim_v2/ros2_ws/src/robot_description': CONDA_PROMPT_MODIFIER=(base) DEBUGINFOD_URLS=https://debuginfod.ubuntu.com PYTHONPATH=/home/azakaria/Documents/sim_v2/ros2_ws/build/robot_description/prefix_override:/usr/lib/python3/dist-packages/colcon_core/task/python/colcon_distutils_commands:/home/azakaria/Documents/sim_v2/ros2_ws/install/robot_description/lib/python3.12/site-packages:${PYTHONPATH} /usr/bin/python3 -W ignore:setup.py install is deprecated setup.py egg_info --egg-base ../../build/robot_description build --build-base /home/azakaria/Documents/sim_v2/ros2_ws/build/robot_description/build install --record /home/azakaria/Documents/sim_v2/ros2_ws/build/robot_description/install.log --single-version-externally-managed install_data
[1.198s] DEBUG:colcon.colcon_core.event_handler.log_command:Invoking command in '/home/azakaria/Documents/sim_v2/ros2_ws/src/camera_pkg': CONDA_PROMPT_MODIFIER=(base) DEBUGINFOD_URLS=https://debuginfod.ubuntu.com PYTHONPATH=/home/azakaria/Documents/sim_v2/ros2_ws/build/camera_pkg/prefix_override:/usr/lib/python3/dist-packages/colcon_core/task/python/colcon_distutils_commands:/home/azakaria/Documents/sim_v2/ros2_ws/install/camera_pkg/lib/python3.12/site-packages:${PYTHONPATH} /usr/bin/python3 -W ignore:setup.py install is deprecated setup.py egg_info --egg-base ../../build/camera_pkg build --build-base /home/azakaria/Documents/sim_v2/ros2_ws/build/camera_pkg/build install --record /home/azakaria/Documents/sim_v2/ros2_ws/build/camera_pkg/install.log --single-version-externally-managed install_data
[1.588s] DEBUG:colcon.colcon_core.event_handler.log_command:Invoked command in '/home/azakaria/Documents/sim_v2/ros2_ws/src/marker_detection_pkg' returned '0': CONDA_PROMPT_MODIFIER=(base) DEBUGINFOD_URLS=https://debuginfod.ubuntu.com PYTHONPATH=/home/azakaria/Documents/sim_v2/ros2_ws/build/marker_detection_pkg/prefix_override:/usr/lib/python3/dist-packages/colcon_core/task/python/colcon_distutils_commands:/home/azakaria/Documents/sim_v2/ros2_ws/install/marker_detection_pkg/lib/python3.12/site-packages:${PYTHONPATH} /usr/bin/python3 -W ignore:setup.py install is deprecated setup.py egg_info --egg-base ../../build/marker_detection_pkg build --build-base /home/azakaria/Documents/sim_v2/ros2_ws/build/marker_detection_pkg/build install --record /home/azakaria/Documents/sim_v2/ros2_ws/build/marker_detection_pkg/install.log --single-version-externally-managed install_data
[1.590s] Level 1:colcon.colcon_core.environment:checking '/home/azakaria/Documents/sim_v2/ros2_ws/install/marker_detection_pkg' for CMake module files
[1.591s] Level 1:colcon.colcon_core.environment:checking '/home/azakaria/Documents/sim_v2/ros2_ws/install/marker_detection_pkg' for CMake config files
[1.591s] Level 1:colcon.colcon_core.environment:checking '/home/azakaria/Documents/sim_v2/ros2_ws/install/marker_detection_pkg/lib'
[1.591s] Level 1:colcon.colcon_core.environment:checking '/home/azakaria/Documents/sim_v2/ros2_ws/install/marker_detection_pkg/bin'
[1.591s] Level 1:colcon.colcon_core.environment:checking '/home/azakaria/Documents/sim_v2/ros2_ws/install/marker_detection_pkg/lib/pkgconfig/marker_detection_pkg.pc'
[1.592s] Level 1:colcon.colcon_core.environment:checking '/home/azakaria/Documents/sim_v2/ros2_ws/install/marker_detection_pkg/lib/python3.12/site-packages'
[1.592s] Level 1:colcon.colcon_core.shell:create_environment_hook('marker_detection_pkg', 'pythonpath')
[1.592s] INFO:colcon.colcon_core.shell:Creating environment hook '/home/azakaria/Documents/sim_v2/ros2_ws/install/marker_detection_pkg/share/marker_detection_pkg/hook/pythonpath.ps1'
[1.592s] INFO:colcon.colcon_core.shell:Creating environment descriptor '/home/azakaria/Documents/sim_v2/ros2_ws/install/marker_detection_pkg/share/marker_detection_pkg/hook/pythonpath.dsv'
[1.592s] INFO:colcon.colcon_core.shell:Creating environment hook '/home/azakaria/Documents/sim_v2/ros2_ws/install/marker_detection_pkg/share/marker_detection_pkg/hook/pythonpath.sh'
[1.593s] Level 1:colcon.colcon_core.environment:checking '/home/azakaria/Documents/sim_v2/ros2_ws/install/marker_detection_pkg/bin'
[1.593s] Level 1:colcon.colcon_core.environment:create_environment_scripts_only(marker_detection_pkg)
[1.593s] INFO:colcon.colcon_core.shell:Creating package script '/home/azakaria/Documents/sim_v2/ros2_ws/install/marker_detection_pkg/share/marker_detection_pkg/package.ps1'
[1.593s] INFO:colcon.colcon_core.shell:Creating package descriptor '/home/azakaria/Documents/sim_v2/ros2_ws/install/marker_detection_pkg/share/marker_detection_pkg/package.dsv'
[1.594s] INFO:colcon.colcon_core.shell:Creating package script '/home/azakaria/Documents/sim_v2/ros2_ws/install/marker_detection_pkg/share/marker_detection_pkg/package.sh'
[1.594s] INFO:colcon.colcon_core.shell:Creating package script '/home/azakaria/Documents/sim_v2/ros2_ws/install/marker_detection_pkg/share/marker_detection_pkg/package.bash'
[1.594s] INFO:colcon.colcon_core.shell:Creating package script '/home/azakaria/Documents/sim_v2/ros2_ws/install/marker_detection_pkg/share/marker_detection_pkg/package.zsh'
[1.595s] Level 1:colcon.colcon_core.environment:create_file_with_runtime_dependencies(/home/azakaria/Documents/sim_v2/ros2_ws/install/marker_detection_pkg/share/colcon-core/packages/marker_detection_pkg)
[1.596s] Level 1:colcon.colcon_core.environment:checking '/home/azakaria/Documents/sim_v2/ros2_ws/install/ev3_motor_pkg' for CMake module files
[1.596s] Level 1:colcon.colcon_core.environment:checking '/home/azakaria/Documents/sim_v2/ros2_ws/install/ev3_motor_pkg' for CMake config files
[1.596s] DEBUG:colcon.colcon_core.event_handler.log_command:Invoked command in '/home/azakaria/Documents/sim_v2/ros2_ws/src/ev3_motor_pkg' returned '0': CONDA_PROMPT_MODIFIER=(base) DEBUGINFOD_URLS=https://debuginfod.ubuntu.com PYTHONPATH=/home/azakaria/Documents/sim_v2/ros2_ws/build/ev3_motor_pkg/prefix_override:/usr/lib/python3/dist-packages/colcon_core/task/python/colcon_distutils_commands:/home/azakaria/Documents/sim_v2/ros2_ws/install/ev3_motor_pkg/lib/python3.12/site-packages:${PYTHONPATH} /usr/bin/python3 -W ignore:setup.py install is deprecated setup.py egg_info --egg-base ../../build/ev3_motor_pkg build --build-base /home/azakaria/Documents/sim_v2/ros2_ws/build/ev3_motor_pkg/build install --record /home/azakaria/Documents/sim_v2/ros2_ws/build/ev3_motor_pkg/install.log --single-version-externally-managed install_data
[1.597s] Level 1:colcon.colcon_core.environment:checking '/home/azakaria/Documents/sim_v2/ros2_ws/install/ev3_motor_pkg/lib'
[1.597s] Level 1:colcon.colcon_core.environment:checking '/home/azakaria/Documents/sim_v2/ros2_ws/install/ev3_motor_pkg/bin'
[1.597s] Level 1:colcon.colcon_core.environment:checking '/home/azakaria/Documents/sim_v2/ros2_ws/install/ev3_motor_pkg/lib/pkgconfig/ev3_motor_pkg.pc'
[1.597s] Level 1:colcon.colcon_core.environment:checking '/home/azakaria/Documents/sim_v2/ros2_ws/install/ev3_motor_pkg/lib/python3.12/site-packages'
[1.597s] Level 1:colcon.colcon_core.shell:create_environment_hook('ev3_motor_pkg', 'pythonpath')
[1.598s] INFO:colcon.colcon_core.shell:Creating environment hook '/home/azakaria/Documents/sim_v2/ros2_ws/install/ev3_motor_pkg/share/ev3_motor_pkg/hook/pythonpath.ps1'
[1.598s] INFO:colcon.colcon_core.shell:Creating environment descriptor '/home/azakaria/Documents/sim_v2/ros2_ws/install/ev3_motor_pkg/share/ev3_motor_pkg/hook/pythonpath.dsv'
[1.598s] INFO:colcon.colcon_core.shell:Creating environment hook '/home/azakaria/Documents/sim_v2/ros2_ws/install/ev3_motor_pkg/share/ev3_motor_pkg/hook/pythonpath.sh'
[1.599s] Level 1:colcon.colcon_core.environment:checking '/home/azakaria/Documents/sim_v2/ros2_ws/install/ev3_motor_pkg/bin'
[1.599s] Level 1:colcon.colcon_core.environment:create_environment_scripts_only(ev3_motor_pkg)
[1.599s] INFO:colcon.colcon_core.shell:Creating package script '/home/azakaria/Documents/sim_v2/ros2_ws/install/ev3_motor_pkg/share/ev3_motor_pkg/package.ps1'
[1.600s] INFO:colcon.colcon_core.shell:Creating package descriptor '/home/azakaria/Documents/sim_v2/ros2_ws/install/ev3_motor_pkg/share/ev3_motor_pkg/package.dsv'
[1.600s] INFO:colcon.colcon_core.shell:Creating package script '/home/azakaria/Documents/sim_v2/ros2_ws/install/ev3_motor_pkg/share/ev3_motor_pkg/package.sh'
[1.600s] INFO:colcon.colcon_core.shell:Creating package script '/home/azakaria/Documents/sim_v2/ros2_ws/install/ev3_motor_pkg/share/ev3_motor_pkg/package.bash'
[1.600s] INFO:colcon.colcon_core.shell:Creating package script '/home/azakaria/Documents/sim_v2/ros2_ws/install/ev3_motor_pkg/share/ev3_motor_pkg/package.zsh'
[1.601s] Level 1:colcon.colcon_core.environment:create_file_with_runtime_dependencies(/home/azakaria/Documents/sim_v2/ros2_ws/install/ev3_motor_pkg/share/colcon-core/packages/ev3_motor_pkg)
[1.613s] Level 1:colcon.colcon_core.environment:checking '/home/azakaria/Documents/sim_v2/ros2_ws/install/camera_pkg' for CMake module files
[1.613s] DEBUG:colcon.colcon_core.event_handler.log_command:Invoked command in '/home/azakaria/Documents/sim_v2/ros2_ws/src/camera_pkg' returned '0': CONDA_PROMPT_MODIFIER=(base) DEBUGINFOD_URLS=https://debuginfod.ubuntu.com PYTHONPATH=/home/azakaria/Documents/sim_v2/ros2_ws/build/camera_pkg/prefix_override:/usr/lib/python3/dist-packages/colcon_core/task/python/colcon_distutils_commands:/home/azakaria/Documents/sim_v2/ros2_ws/install/camera_pkg/lib/python3.12/site-packages:${PYTHONPATH} /usr/bin/python3 -W ignore:setup.py install is deprecated setup.py egg_info --egg-base ../../build/camera_pkg build --build-base /home/azakaria/Documents/sim_v2/ros2_ws/build/camera_pkg/build install --record /home/azakaria/Documents/sim_v2/ros2_ws/build/camera_pkg/install.log --single-version-externally-managed install_data
[1.614s] Level 1:colcon.colcon_core.environment:checking '/home/azakaria/Documents/sim_v2/ros2_ws/install/camera_pkg' for CMake config files
[1.614s] Level 1:colcon.colcon_core.environment:checking '/home/azakaria/Documents/sim_v2/ros2_ws/install/camera_pkg/lib'
[1.614s] Level 1:colcon.colcon_core.environment:checking '/home/azakaria/Documents/sim_v2/ros2_ws/install/camera_pkg/bin'
[1.614s] Level 1:colcon.colcon_core.environment:checking '/home/azakaria/Documents/sim_v2/ros2_ws/install/camera_pkg/lib/pkgconfig/camera_pkg.pc'
[1.615s] Level 1:colcon.colcon_core.environment:checking '/home/azakaria/Documents/sim_v2/ros2_ws/install/camera_pkg/lib/python3.12/site-packages'
[1.615s] Level 1:colcon.colcon_core.shell:create_environment_hook('camera_pkg', 'pythonpath')
[1.615s] INFO:colcon.colcon_core.shell:Creating environment hook '/home/azakaria/Documents/sim_v2/ros2_ws/install/camera_pkg/share/camera_pkg/hook/pythonpath.ps1'
[1.615s] INFO:colcon.colcon_core.shell:Creating environment descriptor '/home/azakaria/Documents/sim_v2/ros2_ws/install/camera_pkg/share/camera_pkg/hook/pythonpath.dsv'
[1.615s] INFO:colcon.colcon_core.shell:Creating environment hook '/home/azakaria/Documents/sim_v2/ros2_ws/install/camera_pkg/share/camera_pkg/hook/pythonpath.sh'
[1.616s] Level 1:colcon.colcon_core.environment:checking '/home/azakaria/Documents/sim_v2/ros2_ws/install/camera_pkg/bin'
[1.616s] Level 1:colcon.colcon_core.environment:create_environment_scripts_only(camera_pkg)
[1.616s] INFO:colcon.colcon_core.shell:Creating package script '/home/azakaria/Documents/sim_v2/ros2_ws/install/camera_pkg/share/camera_pkg/package.ps1'
[1.616s] INFO:colcon.colcon_core.shell:Creating package descriptor '/home/azakaria/Documents/sim_v2/ros2_ws/install/camera_pkg/share/camera_pkg/package.dsv'
[1.617s] INFO:colcon.colcon_core.shell:Creating package script '/home/azakaria/Documents/sim_v2/ros2_ws/install/camera_pkg/share/camera_pkg/package.sh'
[1.617s] INFO:colcon.colcon_core.shell:Creating package script '/home/azakaria/Documents/sim_v2/ros2_ws/install/camera_pkg/share/camera_pkg/package.bash'
[1.617s] INFO:colcon.colcon_core.shell:Creating package script '/home/azakaria/Documents/sim_v2/ros2_ws/install/camera_pkg/share/camera_pkg/package.zsh'
[1.618s] Level 1:colcon.colcon_core.environment:create_file_with_runtime_dependencies(/home/azakaria/Documents/sim_v2/ros2_ws/install/camera_pkg/share/colcon-core/packages/camera_pkg)
[1.619s] Level 1:colcon.colcon_core.environment:checking '/home/azakaria/Documents/sim_v2/ros2_ws/install/robot_description' for CMake module files
[1.619s] DEBUG:colcon.colcon_core.event_handler.log_command:Invoked command in '/home/azakaria/Documents/sim_v2/ros2_ws/src/robot_description' returned '0': CONDA_PROMPT_MODIFIER=(base) DEBUGINFOD_URLS=https://debuginfod.ubuntu.com PYTHONPATH=/home/azakaria/Documents/sim_v2/ros2_ws/build/robot_description/prefix_override:/usr/lib/python3/dist-packages/colcon_core/task/python/colcon_distutils_commands:/home/azakaria/Documents/sim_v2/ros2_ws/install/robot_description/lib/python3.12/site-packages:${PYTHONPATH} /usr/bin/python3 -W ignore:setup.py install is deprecated setup.py egg_info --egg-base ../../build/robot_description build --build-base /home/azakaria/Documents/sim_v2/ros2_ws/build/robot_description/build install --record /home/azakaria/Documents/sim_v2/ros2_ws/build/robot_description/install.log --single-version-externally-managed install_data
[1.619s] Level 1:colcon.colcon_core.environment:checking '/home/azakaria/Documents/sim_v2/ros2_ws/install/robot_description' for CMake config files
[1.620s] Level 1:colcon.colcon_core.environment:checking '/home/azakaria/Documents/sim_v2/ros2_ws/install/robot_description/lib'
[1.620s] Level 1:colcon.colcon_core.environment:checking '/home/azakaria/Documents/sim_v2/ros2_ws/install/robot_description/bin'
[1.621s] Level 1:colcon.colcon_core.environment:checking '/home/azakaria/Documents/sim_v2/ros2_ws/install/robot_description/lib/pkgconfig/robot_description.pc'
[1.621s] Level 1:colcon.colcon_core.environment:checking '/home/azakaria/Documents/sim_v2/ros2_ws/install/robot_description/lib/python3.12/site-packages'
[1.621s] Level 1:colcon.colcon_core.shell:create_environment_hook('robot_description', 'pythonpath')
[1.621s] INFO:colcon.colcon_core.shell:Creating environment hook '/home/azakaria/Documents/sim_v2/ros2_ws/install/robot_description/share/robot_description/hook/pythonpath.ps1'
[1.621s] INFO:colcon.colcon_core.shell:Creating environment descriptor '/home/azakaria/Documents/sim_v2/ros2_ws/install/robot_description/share/robot_description/hook/pythonpath.dsv'
[1.622s] INFO:colcon.colcon_core.shell:Creating environment hook '/home/azakaria/Documents/sim_v2/ros2_ws/install/robot_description/share/robot_description/hook/pythonpath.sh'
[1.622s] Level 1:colcon.colcon_core.environment:checking '/home/azakaria/Documents/sim_v2/ros2_ws/install/robot_description/bin'
[1.622s] Level 1:colcon.colcon_core.environment:create_environment_scripts_only(robot_description)
[1.622s] INFO:colcon.colcon_core.shell:Creating package script '/home/azakaria/Documents/sim_v2/ros2_ws/install/robot_description/share/robot_description/package.ps1'
[1.623s] INFO:colcon.colcon_core.shell:Creating package descriptor '/home/azakaria/Documents/sim_v2/ros2_ws/install/robot_description/share/robot_description/package.dsv'
[1.623s] INFO:colcon.colcon_core.shell:Creating package script '/home/azakaria/Documents/sim_v2/ros2_ws/install/robot_description/share/robot_description/package.sh'
[1.623s] INFO:colcon.colcon_core.shell:Creating package script '/home/azakaria/Documents/sim_v2/ros2_ws/install/robot_description/share/robot_description/package.bash'
[1.623s] INFO:colcon.colcon_core.shell:Creating package script '/home/azakaria/Documents/sim_v2/ros2_ws/install/robot_description/share/robot_description/package.zsh'
[1.624s] Level 1:colcon.colcon_core.environment:create_file_with_runtime_dependencies(/home/azakaria/Documents/sim_v2/ros2_ws/install/robot_description/share/colcon-core/packages/robot_description)
[1.624s] DEBUG:colcon.colcon_parallel_executor.executor.parallel:closing loop
[1.624s] DEBUG:colcon.colcon_parallel_executor.executor.parallel:loop closed
[1.624s] DEBUG:colcon.colcon_parallel_executor.executor.parallel:run_until_complete finished with '0'
[1.624s] DEBUG:colcon.colcon_core.event_reactor:joining thread
[1.627s] INFO:colcon.colcon_core.plugin_system:Skipping extension 'colcon_notification.desktop_notification.terminal_notifier': Not used on non-Darwin systems
[1.628s] INFO:colcon.colcon_core.plugin_system:Skipping extension 'colcon_notification.desktop_notification.win32': Not used on non-Windows systems
[1.628s] INFO:colcon.colcon_notification.desktop_notification:Sending desktop notification using 'notify2'
[1.638s] DEBUG:colcon.colcon_core.event_reactor:joined thread
[1.638s] INFO:colcon.colcon_core.shell:Creating prefix script '/home/azakaria/Documents/sim_v2/ros2_ws/install/local_setup.ps1'
[1.639s] INFO:colcon.colcon_core.shell:Creating prefix util module '/home/azakaria/Documents/sim_v2/ros2_ws/install/_local_setup_util_ps1.py'
[1.639s] INFO:colcon.colcon_core.shell:Creating prefix chain script '/home/azakaria/Documents/sim_v2/ros2_ws/install/setup.ps1'
[1.640s] INFO:colcon.colcon_core.shell:Creating prefix script '/home/azakaria/Documents/sim_v2/ros2_ws/install/local_setup.sh'
[1.640s] INFO:colcon.colcon_core.shell:Creating prefix util module '/home/azakaria/Documents/sim_v2/ros2_ws/install/_local_setup_util_sh.py'
[1.640s] INFO:colcon.colcon_core.shell:Creating prefix chain script '/home/azakaria/Documents/sim_v2/ros2_ws/install/setup.sh'
[1.641s] INFO:colcon.colcon_core.shell:Creating prefix script '/home/azakaria/Documents/sim_v2/ros2_ws/install/local_setup.bash'
[1.641s] INFO:colcon.colcon_core.shell:Creating prefix chain script '/home/azakaria/Documents/sim_v2/ros2_ws/install/setup.bash'
[1.642s] INFO:colcon.colcon_core.shell:Creating prefix script '/home/azakaria/Documents/sim_v2/ros2_ws/install/local_setup.zsh'
[1.642s] INFO:colcon.colcon_core.shell:Creating prefix chain script '/home/azakaria/Documents/sim_v2/ros2_ws/install/setup.zsh'
