[0.554s] Invoking command in '/home/azakaria/Documents/sim_v2/ros2_ws/src/robot_description': CONDA_PROMPT_MODIFIER=(base) DEBUGINFOD_URLS=https://debuginfod.ubuntu.com PYTHONPATH=/home/azakaria/Documents/sim_v2/ros2_ws/build/robot_description/prefix_override:/usr/lib/python3/dist-packages/colcon_core/task/python/colcon_distutils_commands:/home/azakaria/Documents/sim_v2/ros2_ws/install/robot_description/lib/python3.12/site-packages:${PYTHONPATH} /usr/bin/python3 -W ignore:setup.py install is deprecated setup.py egg_info --egg-base ../../build/robot_description build --build-base /home/azakaria/Documents/sim_v2/ros2_ws/build/robot_description/build install --record /home/azakaria/Documents/sim_v2/ros2_ws/build/robot_description/install.log --single-version-externally-managed install_data
[0.738s] running egg_info
[0.752s] writing ../../build/robot_description/robot_description.egg-info/PKG-INFO
[0.752s] writing dependency_links to ../../build/robot_description/robot_description.egg-info/dependency_links.txt
[0.753s] writing entry points to ../../build/robot_description/robot_description.egg-info/entry_points.txt
[0.753s] writing requirements to ../../build/robot_description/robot_description.egg-info/requires.txt
[0.753s] writing top-level names to ../../build/robot_description/robot_description.egg-info/top_level.txt
[0.782s] reading manifest file '../../build/robot_description/robot_description.egg-info/SOURCES.txt'
[0.783s] writing manifest file '../../build/robot_description/robot_description.egg-info/SOURCES.txt'
[0.783s] running build
[0.783s] running build_py
[0.783s] running install
[0.788s] running install_lib
[0.802s] running install_data
[0.803s] copying worlds/project_world.sdf -> /home/azakaria/Documents/sim_v2/ros2_ws/install/robot_description/share/robot_description/worlds
[0.803s] creating /home/azakaria/Documents/sim_v2/ros2_ws/install/robot_description/share/robot_description/models/ArucoMarker1
[0.803s] copying models/ArucoMarker1/model.config -> /home/azakaria/Documents/sim_v2/ros2_ws/install/robot_description/share/robot_description/models/ArucoMarker1
[0.803s] copying models/ArucoMarker1/model.sdf -> /home/azakaria/Documents/sim_v2/ros2_ws/install/robot_description/share/robot_description/models/ArucoMarker1
[0.803s] creating /home/azakaria/Documents/sim_v2/ros2_ws/install/robot_description/share/robot_description/models/ArucoMarker1/materials
[0.803s] creating /home/azakaria/Documents/sim_v2/ros2_ws/install/robot_description/share/robot_description/models/ArucoMarker1/materials/scripts
[0.804s] copying models/ArucoMarker1/materials/scripts/aruco_visual_marker_1_marker.material -> /home/azakaria/Documents/sim_v2/ros2_ws/install/robot_description/share/robot_description/models/ArucoMarker1/materials/scripts
[0.804s] creating /home/azakaria/Documents/sim_v2/ros2_ws/install/robot_description/share/robot_description/models/ArucoMarker1/materials/textures
[0.804s] copying models/ArucoMarker1/materials/textures/aruco_mark_1.png -> /home/azakaria/Documents/sim_v2/ros2_ws/install/robot_description/share/robot_description/models/ArucoMarker1/materials/textures
[0.804s] running install_egg_info
[0.820s] removing '/home/azakaria/Documents/sim_v2/ros2_ws/install/robot_description/lib/python3.12/site-packages/robot_description-0.0.0-py3.12.egg-info' (and everything under it)
[0.820s] Copying ../../build/robot_description/robot_description.egg-info to /home/azakaria/Documents/sim_v2/ros2_ws/install/robot_description/lib/python3.12/site-packages/robot_description-0.0.0-py3.12.egg-info
[0.821s] running install_scripts
[0.915s] Installing camera_subscriber script to /home/azakaria/Documents/sim_v2/ros2_ws/install/robot_description/lib/robot_description
[0.916s] Installing obstacle_avoidance script to /home/azakaria/Documents/sim_v2/ros2_ws/install/robot_description/lib/robot_description
[0.916s] writing list of installed files to '/home/azakaria/Documents/sim_v2/ros2_ws/build/robot_description/install.log'
[0.936s] Invoked command in '/home/azakaria/Documents/sim_v2/ros2_ws/src/robot_description' returned '0': CONDA_PROMPT_MODIFIER=(base) DEBUGINFOD_URLS=https://debuginfod.ubuntu.com PYTHONPATH=/home/azakaria/Documents/sim_v2/ros2_ws/build/robot_description/prefix_override:/usr/lib/python3/dist-packages/colcon_core/task/python/colcon_distutils_commands:/home/azakaria/Documents/sim_v2/ros2_ws/install/robot_description/lib/python3.12/site-packages:${PYTHONPATH} /usr/bin/python3 -W ignore:setup.py install is deprecated setup.py egg_info --egg-base ../../build/robot_description build --build-base /home/azakaria/Documents/sim_v2/ros2_ws/build/robot_description/build install --record /home/azakaria/Documents/sim_v2/ros2_ws/build/robot_description/install.log --single-version-externally-managed install_data
