running egg_info
writing ../../build/robot_description/robot_description.egg-info/PKG-INFO
writing dependency_links to ../../build/robot_description/robot_description.egg-info/dependency_links.txt
writing entry points to ../../build/robot_description/robot_description.egg-info/entry_points.txt
writing requirements to ../../build/robot_description/robot_description.egg-info/requires.txt
writing top-level names to ../../build/robot_description/robot_description.egg-info/top_level.txt
reading manifest file '../../build/robot_description/robot_description.egg-info/SOURCES.txt'
writing manifest file '../../build/robot_description/robot_description.egg-info/SOURCES.txt'
running build
running build_py
running install
running install_lib
running install_data
copying worlds/project_world.sdf -> /home/azakaria/Documents/sim_v2/ros2_ws/install/robot_description/share/robot_description/worlds
copying models/marker0/model.config -> /home/azakaria/Documents/sim_v2/ros2_ws/install/robot_description/share/robot_description/models/marker0
copying models/marker0/model-1_4.sdf -> /home/azakaria/Documents/sim_v2/ros2_ws/install/robot_description/share/robot_description/models/marker0
copying models/marker0/model.sdf -> /home/azakaria/Documents/sim_v2/ros2_ws/install/robot_description/share/robot_description/models/marker0
copying models/marker0/model-1_5.sdf -> /home/azakaria/Documents/sim_v2/ros2_ws/install/robot_description/share/robot_description/models/marker0
copying models/marker0/materials/textures/Marker0.png -> /home/azakaria/Documents/sim_v2/ros2_ws/install/robot_description/share/robot_description/models/marker0/materials/textures
copying models/marker0/meshes/Marker0.dae -> /home/azakaria/Documents/sim_v2/ros2_ws/install/robot_description/share/robot_description/models/marker0/meshes
creating /home/azakaria/Documents/sim_v2/ros2_ws/install/robot_description/share/robot_description/models/marker1
copying models/marker1/model.config -> /home/azakaria/Documents/sim_v2/ros2_ws/install/robot_description/share/robot_description/models/marker1
copying models/marker1/model-1_4.sdf -> /home/azakaria/Documents/sim_v2/ros2_ws/install/robot_description/share/robot_description/models/marker1
copying models/marker1/model.sdf -> /home/azakaria/Documents/sim_v2/ros2_ws/install/robot_description/share/robot_description/models/marker1
copying models/marker1/model-1_5.sdf -> /home/azakaria/Documents/sim_v2/ros2_ws/install/robot_description/share/robot_description/models/marker1
creating /home/azakaria/Documents/sim_v2/ros2_ws/install/robot_description/share/robot_description/models/marker1/materials
creating /home/azakaria/Documents/sim_v2/ros2_ws/install/robot_description/share/robot_description/models/marker1/materials/textures
copying models/marker1/materials/textures/Marker1.png -> /home/azakaria/Documents/sim_v2/ros2_ws/install/robot_description/share/robot_description/models/marker1/materials/textures
creating /home/azakaria/Documents/sim_v2/ros2_ws/install/robot_description/share/robot_description/models/marker1/meshes
copying models/marker1/meshes/Marker1.dae -> /home/azakaria/Documents/sim_v2/ros2_ws/install/robot_description/share/robot_description/models/marker1/meshes
creating /home/azakaria/Documents/sim_v2/ros2_ws/install/robot_description/share/robot_description/models/marker2
copying models/marker2/model.config -> /home/azakaria/Documents/sim_v2/ros2_ws/install/robot_description/share/robot_description/models/marker2
copying models/marker2/model-1_4.sdf -> /home/azakaria/Documents/sim_v2/ros2_ws/install/robot_description/share/robot_description/models/marker2
copying models/marker2/model.sdf -> /home/azakaria/Documents/sim_v2/ros2_ws/install/robot_description/share/robot_description/models/marker2
copying models/marker2/model-1_5.sdf -> /home/azakaria/Documents/sim_v2/ros2_ws/install/robot_description/share/robot_description/models/marker2
creating /home/azakaria/Documents/sim_v2/ros2_ws/install/robot_description/share/robot_description/models/marker2/materials
creating /home/azakaria/Documents/sim_v2/ros2_ws/install/robot_description/share/robot_description/models/marker2/materials/textures
copying models/marker2/materials/textures/Marker2.png -> /home/azakaria/Documents/sim_v2/ros2_ws/install/robot_description/share/robot_description/models/marker2/materials/textures
creating /home/azakaria/Documents/sim_v2/ros2_ws/install/robot_description/share/robot_description/models/marker2/meshes
copying models/marker2/meshes/Marker2.dae -> /home/azakaria/Documents/sim_v2/ros2_ws/install/robot_description/share/robot_description/models/marker2/meshes
creating /home/azakaria/Documents/sim_v2/ros2_ws/install/robot_description/share/robot_description/models/marker3
copying models/marker3/model.config -> /home/azakaria/Documents/sim_v2/ros2_ws/install/robot_description/share/robot_description/models/marker3
copying models/marker3/model-1_4.sdf -> /home/azakaria/Documents/sim_v2/ros2_ws/install/robot_description/share/robot_description/models/marker3
copying models/marker3/model.sdf -> /home/azakaria/Documents/sim_v2/ros2_ws/install/robot_description/share/robot_description/models/marker3
copying models/marker3/model-1_5.sdf -> /home/azakaria/Documents/sim_v2/ros2_ws/install/robot_description/share/robot_description/models/marker3
creating /home/azakaria/Documents/sim_v2/ros2_ws/install/robot_description/share/robot_description/models/marker3/materials
creating /home/azakaria/Documents/sim_v2/ros2_ws/install/robot_description/share/robot_description/models/marker3/materials/textures
copying models/marker3/materials/textures/Marker3.png -> /home/azakaria/Documents/sim_v2/ros2_ws/install/robot_description/share/robot_description/models/marker3/materials/textures
creating /home/azakaria/Documents/sim_v2/ros2_ws/install/robot_description/share/robot_description/models/marker3/meshes
copying models/marker3/meshes/Marker3.dae -> /home/azakaria/Documents/sim_v2/ros2_ws/install/robot_description/share/robot_description/models/marker3/meshes
creating /home/azakaria/Documents/sim_v2/ros2_ws/install/robot_description/share/robot_description/models/marker4
copying models/marker4/model.config -> /home/azakaria/Documents/sim_v2/ros2_ws/install/robot_description/share/robot_description/models/marker4
copying models/marker4/model-1_4.sdf -> /home/azakaria/Documents/sim_v2/ros2_ws/install/robot_description/share/robot_description/models/marker4
copying models/marker4/model.sdf -> /home/azakaria/Documents/sim_v2/ros2_ws/install/robot_description/share/robot_description/models/marker4
copying models/marker4/model-1_5.sdf -> /home/azakaria/Documents/sim_v2/ros2_ws/install/robot_description/share/robot_description/models/marker4
creating /home/azakaria/Documents/sim_v2/ros2_ws/install/robot_description/share/robot_description/models/marker4/materials
creating /home/azakaria/Documents/sim_v2/ros2_ws/install/robot_description/share/robot_description/models/marker4/materials/textures
copying models/marker4/materials/textures/Marker4.png -> /home/azakaria/Documents/sim_v2/ros2_ws/install/robot_description/share/robot_description/models/marker4/materials/textures
creating /home/azakaria/Documents/sim_v2/ros2_ws/install/robot_description/share/robot_description/models/marker4/meshes
copying models/marker4/meshes/Marker4.dae -> /home/azakaria/Documents/sim_v2/ros2_ws/install/robot_description/share/robot_description/models/marker4/meshes
running install_egg_info
removing '/home/azakaria/Documents/sim_v2/ros2_ws/install/robot_description/lib/python3.12/site-packages/robot_description-0.0.0-py3.12.egg-info' (and everything under it)
Copying ../../build/robot_description/robot_description.egg-info to /home/azakaria/Documents/sim_v2/ros2_ws/install/robot_description/lib/python3.12/site-packages/robot_description-0.0.0-py3.12.egg-info
running install_scripts
Installing camera_subscriber script to /home/azakaria/Documents/sim_v2/ros2_ws/install/robot_description/lib/robot_description
Installing obstacle_avoidance script to /home/azakaria/Documents/sim_v2/ros2_ws/install/robot_description/lib/robot_description
writing list of installed files to '/home/azakaria/Documents/sim_v2/ros2_ws/build/robot_description/install.log'
