[0.551s] Invoking command in '/home/azakaria/Documents/sim_v2/ros2_ws/src/robot_description': CONDA_PROMPT_MODIFIER=(base) DEBUGINFOD_URLS=https://debuginfod.ubuntu.com PYTHONPATH=/home/azakaria/Documents/sim_v2/ros2_ws/build/robot_description/prefix_override:/usr/lib/python3/dist-packages/colcon_core/task/python/colcon_distutils_commands:/home/azakaria/Documents/sim_v2/ros2_ws/install/robot_description/lib/python3.12/site-packages:${PYTHONPATH} /usr/bin/python3 -W ignore:setup.py install is deprecated setup.py egg_info --egg-base ../../build/robot_description build --build-base /home/azakaria/Documents/sim_v2/ros2_ws/build/robot_description/build install --record /home/azakaria/Documents/sim_v2/ros2_ws/build/robot_description/install.log --single-version-externally-managed install_data
[0.734s] running egg_info
[0.747s] writing ../../build/robot_description/robot_description.egg-info/PKG-INFO
[0.748s] writing dependency_links to ../../build/robot_description/robot_description.egg-info/dependency_links.txt
[0.748s] writing entry points to ../../build/robot_description/robot_description.egg-info/entry_points.txt
[0.748s] writing requirements to ../../build/robot_description/robot_description.egg-info/requires.txt
[0.748s] writing top-level names to ../../build/robot_description/robot_description.egg-info/top_level.txt
[0.776s] reading manifest file '../../build/robot_description/robot_description.egg-info/SOURCES.txt'
[0.777s] writing manifest file '../../build/robot_description/robot_description.egg-info/SOURCES.txt'
[0.777s] running build
[0.778s] running build_py
[0.778s] running install
[0.782s] running install_lib
[0.796s] running install_data
[0.796s] copying worlds/project_world.sdf -> /home/azakaria/Documents/sim_v2/ros2_ws/install/robot_description/share/robot_description/worlds
[0.797s] copying models/marker0/model.config -> /home/azakaria/Documents/sim_v2/ros2_ws/install/robot_description/share/robot_description/models/marker0
[0.797s] copying models/marker0/model-1_4.sdf -> /home/azakaria/Documents/sim_v2/ros2_ws/install/robot_description/share/robot_description/models/marker0
[0.797s] copying models/marker0/model.sdf -> /home/azakaria/Documents/sim_v2/ros2_ws/install/robot_description/share/robot_description/models/marker0
[0.797s] copying models/marker0/model-1_5.sdf -> /home/azakaria/Documents/sim_v2/ros2_ws/install/robot_description/share/robot_description/models/marker0
[0.797s] copying models/marker0/materials/textures/Marker0.png -> /home/azakaria/Documents/sim_v2/ros2_ws/install/robot_description/share/robot_description/models/marker0/materials/textures
[0.797s] copying models/marker0/meshes/Marker0.dae -> /home/azakaria/Documents/sim_v2/ros2_ws/install/robot_description/share/robot_description/models/marker0/meshes
[0.797s] creating /home/azakaria/Documents/sim_v2/ros2_ws/install/robot_description/share/robot_description/models/marker1
[0.797s] copying models/marker1/model.config -> /home/azakaria/Documents/sim_v2/ros2_ws/install/robot_description/share/robot_description/models/marker1
[0.798s] copying models/marker1/model-1_4.sdf -> /home/azakaria/Documents/sim_v2/ros2_ws/install/robot_description/share/robot_description/models/marker1
[0.798s] copying models/marker1/model.sdf -> /home/azakaria/Documents/sim_v2/ros2_ws/install/robot_description/share/robot_description/models/marker1
[0.798s] copying models/marker1/model-1_5.sdf -> /home/azakaria/Documents/sim_v2/ros2_ws/install/robot_description/share/robot_description/models/marker1
[0.798s] creating /home/azakaria/Documents/sim_v2/ros2_ws/install/robot_description/share/robot_description/models/marker1/materials
[0.798s] creating /home/azakaria/Documents/sim_v2/ros2_ws/install/robot_description/share/robot_description/models/marker1/materials/textures
[0.798s] copying models/marker1/materials/textures/Marker1.png -> /home/azakaria/Documents/sim_v2/ros2_ws/install/robot_description/share/robot_description/models/marker1/materials/textures
[0.798s] creating /home/azakaria/Documents/sim_v2/ros2_ws/install/robot_description/share/robot_description/models/marker1/meshes
[0.798s] copying models/marker1/meshes/Marker1.dae -> /home/azakaria/Documents/sim_v2/ros2_ws/install/robot_description/share/robot_description/models/marker1/meshes
[0.798s] creating /home/azakaria/Documents/sim_v2/ros2_ws/install/robot_description/share/robot_description/models/marker2
[0.798s] copying models/marker2/model.config -> /home/azakaria/Documents/sim_v2/ros2_ws/install/robot_description/share/robot_description/models/marker2
[0.798s] copying models/marker2/model-1_4.sdf -> /home/azakaria/Documents/sim_v2/ros2_ws/install/robot_description/share/robot_description/models/marker2
[0.798s] copying models/marker2/model.sdf -> /home/azakaria/Documents/sim_v2/ros2_ws/install/robot_description/share/robot_description/models/marker2
[0.798s] copying models/marker2/model-1_5.sdf -> /home/azakaria/Documents/sim_v2/ros2_ws/install/robot_description/share/robot_description/models/marker2
[0.798s] creating /home/azakaria/Documents/sim_v2/ros2_ws/install/robot_description/share/robot_description/models/marker2/materials
[0.798s] creating /home/azakaria/Documents/sim_v2/ros2_ws/install/robot_description/share/robot_description/models/marker2/materials/textures
[0.798s] copying models/marker2/materials/textures/Marker2.png -> /home/azakaria/Documents/sim_v2/ros2_ws/install/robot_description/share/robot_description/models/marker2/materials/textures
[0.798s] creating /home/azakaria/Documents/sim_v2/ros2_ws/install/robot_description/share/robot_description/models/marker2/meshes
[0.799s] copying models/marker2/meshes/Marker2.dae -> /home/azakaria/Documents/sim_v2/ros2_ws/install/robot_description/share/robot_description/models/marker2/meshes
[0.799s] creating /home/azakaria/Documents/sim_v2/ros2_ws/install/robot_description/share/robot_description/models/marker3
[0.799s] copying models/marker3/model.config -> /home/azakaria/Documents/sim_v2/ros2_ws/install/robot_description/share/robot_description/models/marker3
[0.799s] copying models/marker3/model-1_4.sdf -> /home/azakaria/Documents/sim_v2/ros2_ws/install/robot_description/share/robot_description/models/marker3
[0.799s] copying models/marker3/model.sdf -> /home/azakaria/Documents/sim_v2/ros2_ws/install/robot_description/share/robot_description/models/marker3
[0.799s] copying models/marker3/model-1_5.sdf -> /home/azakaria/Documents/sim_v2/ros2_ws/install/robot_description/share/robot_description/models/marker3
[0.799s] creating /home/azakaria/Documents/sim_v2/ros2_ws/install/robot_description/share/robot_description/models/marker3/materials
[0.799s] creating /home/azakaria/Documents/sim_v2/ros2_ws/install/robot_description/share/robot_description/models/marker3/materials/textures
[0.799s] copying models/marker3/materials/textures/Marker3.png -> /home/azakaria/Documents/sim_v2/ros2_ws/install/robot_description/share/robot_description/models/marker3/materials/textures
[0.799s] creating /home/azakaria/Documents/sim_v2/ros2_ws/install/robot_description/share/robot_description/models/marker3/meshes
[0.799s] copying models/marker3/meshes/Marker3.dae -> /home/azakaria/Documents/sim_v2/ros2_ws/install/robot_description/share/robot_description/models/marker3/meshes
[0.799s] creating /home/azakaria/Documents/sim_v2/ros2_ws/install/robot_description/share/robot_description/models/marker4
[0.799s] copying models/marker4/model.config -> /home/azakaria/Documents/sim_v2/ros2_ws/install/robot_description/share/robot_description/models/marker4
[0.799s] copying models/marker4/model-1_4.sdf -> /home/azakaria/Documents/sim_v2/ros2_ws/install/robot_description/share/robot_description/models/marker4
[0.799s] copying models/marker4/model.sdf -> /home/azakaria/Documents/sim_v2/ros2_ws/install/robot_description/share/robot_description/models/marker4
[0.799s] copying models/marker4/model-1_5.sdf -> /home/azakaria/Documents/sim_v2/ros2_ws/install/robot_description/share/robot_description/models/marker4
[0.799s] creating /home/azakaria/Documents/sim_v2/ros2_ws/install/robot_description/share/robot_description/models/marker4/materials
[0.799s] creating /home/azakaria/Documents/sim_v2/ros2_ws/install/robot_description/share/robot_description/models/marker4/materials/textures
[0.799s] copying models/marker4/materials/textures/Marker4.png -> /home/azakaria/Documents/sim_v2/ros2_ws/install/robot_description/share/robot_description/models/marker4/materials/textures
[0.800s] creating /home/azakaria/Documents/sim_v2/ros2_ws/install/robot_description/share/robot_description/models/marker4/meshes
[0.800s] copying models/marker4/meshes/Marker4.dae -> /home/azakaria/Documents/sim_v2/ros2_ws/install/robot_description/share/robot_description/models/marker4/meshes
[0.800s] running install_egg_info
[0.815s] removing '/home/azakaria/Documents/sim_v2/ros2_ws/install/robot_description/lib/python3.12/site-packages/robot_description-0.0.0-py3.12.egg-info' (and everything under it)
[0.815s] Copying ../../build/robot_description/robot_description.egg-info to /home/azakaria/Documents/sim_v2/ros2_ws/install/robot_description/lib/python3.12/site-packages/robot_description-0.0.0-py3.12.egg-info
[0.816s] running install_scripts
[0.908s] Installing camera_subscriber script to /home/azakaria/Documents/sim_v2/ros2_ws/install/robot_description/lib/robot_description
[0.909s] Installing obstacle_avoidance script to /home/azakaria/Documents/sim_v2/ros2_ws/install/robot_description/lib/robot_description
[0.909s] writing list of installed files to '/home/azakaria/Documents/sim_v2/ros2_ws/build/robot_description/install.log'
[0.927s] Invoked command in '/home/azakaria/Documents/sim_v2/ros2_ws/src/robot_description' returned '0': CONDA_PROMPT_MODIFIER=(base) DEBUGINFOD_URLS=https://debuginfod.ubuntu.com PYTHONPATH=/home/azakaria/Documents/sim_v2/ros2_ws/build/robot_description/prefix_override:/usr/lib/python3/dist-packages/colcon_core/task/python/colcon_distutils_commands:/home/azakaria/Documents/sim_v2/ros2_ws/install/robot_description/lib/python3.12/site-packages:${PYTHONPATH} /usr/bin/python3 -W ignore:setup.py install is deprecated setup.py egg_info --egg-base ../../build/robot_description build --build-base /home/azakaria/Documents/sim_v2/ros2_ws/build/robot_description/build install --record /home/azakaria/Documents/sim_v2/ros2_ws/build/robot_description/install.log --single-version-externally-managed install_data
