running egg_info
creating ../../build/robot_description/robot_description.egg-info
writing ../../build/robot_description/robot_description.egg-info/PKG-INFO
writing dependency_links to ../../build/robot_description/robot_description.egg-info/dependency_links.txt
writing entry points to ../../build/robot_description/robot_description.egg-info/entry_points.txt
writing requirements to ../../build/robot_description/robot_description.egg-info/requires.txt
writing top-level names to ../../build/robot_description/robot_description.egg-info/top_level.txt
writing manifest file '../../build/robot_description/robot_description.egg-info/SOURCES.txt'
reading manifest file '../../build/robot_description/robot_description.egg-info/SOURCES.txt'
writing manifest file '../../build/robot_description/robot_description.egg-info/SOURCES.txt'
running build
running build_py
creating /home/azakaria/Documents/sim_v2/ros2_ws/build/robot_description/build
creating /home/azakaria/Documents/sim_v2/ros2_ws/build/robot_description/build/lib
creating /home/azakaria/Documents/sim_v2/ros2_ws/build/robot_description/build/lib/robot_description
copying robot_description/__init__.py -> /home/azakaria/Documents/sim_v2/ros2_ws/build/robot_description/build/lib/robot_description
copying robot_description/aruco_detection_pose_estimation.py -> /home/azakaria/Documents/sim_v2/ros2_ws/build/robot_description/build/lib/robot_description
copying robot_description/camera_subscriber.py -> /home/azakaria/Documents/sim_v2/ros2_ws/build/robot_description/build/lib/robot_description
copying robot_description/obstacle_avoidance.py -> /home/azakaria/Documents/sim_v2/ros2_ws/build/robot_description/build/lib/robot_description
running install
running install_lib
creating /home/azakaria/Documents/sim_v2/ros2_ws/install/robot_description/lib/python3.12/site-packages/robot_description
copying /home/azakaria/Documents/sim_v2/ros2_ws/build/robot_description/build/lib/robot_description/__init__.py -> /home/azakaria/Documents/sim_v2/ros2_ws/install/robot_description/lib/python3.12/site-packages/robot_description
copying /home/azakaria/Documents/sim_v2/ros2_ws/build/robot_description/build/lib/robot_description/aruco_detection_pose_estimation.py -> /home/azakaria/Documents/sim_v2/ros2_ws/install/robot_description/lib/python3.12/site-packages/robot_description
copying /home/azakaria/Documents/sim_v2/ros2_ws/build/robot_description/build/lib/robot_description/camera_subscriber.py -> /home/azakaria/Documents/sim_v2/ros2_ws/install/robot_description/lib/python3.12/site-packages/robot_description
copying /home/azakaria/Documents/sim_v2/ros2_ws/build/robot_description/build/lib/robot_description/obstacle_avoidance.py -> /home/azakaria/Documents/sim_v2/ros2_ws/install/robot_description/lib/python3.12/site-packages/robot_description
byte-compiling /home/azakaria/Documents/sim_v2/ros2_ws/install/robot_description/lib/python3.12/site-packages/robot_description/__init__.py to __init__.cpython-312.pyc
byte-compiling /home/azakaria/Documents/sim_v2/ros2_ws/install/robot_description/lib/python3.12/site-packages/robot_description/aruco_detection_pose_estimation.py to aruco_detection_pose_estimation.cpython-312.pyc
byte-compiling /home/azakaria/Documents/sim_v2/ros2_ws/install/robot_description/lib/python3.12/site-packages/robot_description/camera_subscriber.py to camera_subscriber.cpython-312.pyc
byte-compiling /home/azakaria/Documents/sim_v2/ros2_ws/install/robot_description/lib/python3.12/site-packages/robot_description/obstacle_avoidance.py to obstacle_avoidance.cpython-312.pyc
running install_data
creating /home/azakaria/Documents/sim_v2/ros2_ws/install/robot_description/share/ament_index
creating /home/azakaria/Documents/sim_v2/ros2_ws/install/robot_description/share/ament_index/resource_index
creating /home/azakaria/Documents/sim_v2/ros2_ws/install/robot_description/share/ament_index/resource_index/packages
copying resource/robot_description -> /home/azakaria/Documents/sim_v2/ros2_ws/install/robot_description/share/ament_index/resource_index/packages
copying package.xml -> /home/azakaria/Documents/sim_v2/ros2_ws/install/robot_description/share/robot_description
creating /home/azakaria/Documents/sim_v2/ros2_ws/install/robot_description/share/robot_description/urdf
copying urdf/robot.urdf -> /home/azakaria/Documents/sim_v2/ros2_ws/install/robot_description/share/robot_description/urdf
copying urdf/robot.xacro -> /home/azakaria/Documents/sim_v2/ros2_ws/install/robot_description/share/robot_description/urdf
copying urdf/robot.gazebo -> /home/azakaria/Documents/sim_v2/ros2_ws/install/robot_description/share/robot_description/urdf
copying urdf/marker.xacro -> /home/azakaria/Documents/sim_v2/ros2_ws/install/robot_description/share/robot_description/urdf
creating /home/azakaria/Documents/sim_v2/ros2_ws/install/robot_description/share/robot_description/rviz
copying rviz/config.rviz -> /home/azakaria/Documents/sim_v2/ros2_ws/install/robot_description/share/robot_description/rviz
creating /home/azakaria/Documents/sim_v2/ros2_ws/install/robot_description/share/robot_description/meshes
copying meshes/chassis.stl -> /home/azakaria/Documents/sim_v2/ros2_ws/install/robot_description/share/robot_description/meshes
copying meshes/wheel.stl -> /home/azakaria/Documents/sim_v2/ros2_ws/install/robot_description/share/robot_description/meshes
creating /home/azakaria/Documents/sim_v2/ros2_ws/install/robot_description/share/robot_description/worlds
copying worlds/project_world.sdf -> /home/azakaria/Documents/sim_v2/ros2_ws/install/robot_description/share/robot_description/worlds
creating /home/azakaria/Documents/sim_v2/ros2_ws/install/robot_description/share/robot_description/launch
copying launch/rviz.launch.py -> /home/azakaria/Documents/sim_v2/ros2_ws/install/robot_description/share/robot_description/launch
copying launch/project_world.launch.py -> /home/azakaria/Documents/sim_v2/ros2_ws/install/robot_description/share/robot_description/launch
copying launch/empty_world.launch.py -> /home/azakaria/Documents/sim_v2/ros2_ws/install/robot_description/share/robot_description/launch
copying launch/project.launch.py -> /home/azakaria/Documents/sim_v2/ros2_ws/install/robot_description/share/robot_description/launch
copying launch/spawn.launch.py -> /home/azakaria/Documents/sim_v2/ros2_ws/install/robot_description/share/robot_description/launch
creating /home/azakaria/Documents/sim_v2/ros2_ws/install/robot_description/share/robot_description/models
creating /home/azakaria/Documents/sim_v2/ros2_ws/install/robot_description/share/robot_description/models/Camera
copying models/Camera/model.config -> /home/azakaria/Documents/sim_v2/ros2_ws/install/robot_description/share/robot_description/models/Camera
copying models/Camera/model.sdf -> /home/azakaria/Documents/sim_v2/ros2_ws/install/robot_description/share/robot_description/models/Camera
creating /home/azakaria/Documents/sim_v2/ros2_ws/install/robot_description/share/robot_description/models/Chair
copying models/Chair/model.config -> /home/azakaria/Documents/sim_v2/ros2_ws/install/robot_description/share/robot_description/models/Chair
copying models/Chair/model.sdf -> /home/azakaria/Documents/sim_v2/ros2_ws/install/robot_description/share/robot_description/models/Chair
creating /home/azakaria/Documents/sim_v2/ros2_ws/install/robot_description/share/robot_description/models/Chair/meshes
copying models/Chair/meshes/Chair_Normal.png -> /home/azakaria/Documents/sim_v2/ros2_ws/install/robot_description/share/robot_description/models/Chair/meshes
copying models/Chair/meshes/Chair_Diffuse.png -> /home/azakaria/Documents/sim_v2/ros2_ws/install/robot_description/share/robot_description/models/Chair/meshes
copying models/Chair/meshes/Chair_SpecGloss.png -> /home/azakaria/Documents/sim_v2/ros2_ws/install/robot_description/share/robot_description/models/Chair/meshes
copying models/Chair/meshes/Chair.png -> /home/azakaria/Documents/sim_v2/ros2_ws/install/robot_description/share/robot_description/models/Chair/meshes
copying models/Chair/meshes/Chair.mtl -> /home/azakaria/Documents/sim_v2/ros2_ws/install/robot_description/share/robot_description/models/Chair/meshes
copying models/Chair/meshes/Chair.obj -> /home/azakaria/Documents/sim_v2/ros2_ws/install/robot_description/share/robot_description/models/Chair/meshes
creating /home/azakaria/Documents/sim_v2/ros2_ws/install/robot_description/share/robot_description/models/Chair/thumbnails
copying models/Chair/thumbnails/4.png -> /home/azakaria/Documents/sim_v2/ros2_ws/install/robot_description/share/robot_description/models/Chair/thumbnails
copying models/Chair/thumbnails/3.png -> /home/azakaria/Documents/sim_v2/ros2_ws/install/robot_description/share/robot_description/models/Chair/thumbnails
copying models/Chair/thumbnails/5.png -> /home/azakaria/Documents/sim_v2/ros2_ws/install/robot_description/share/robot_description/models/Chair/thumbnails
copying models/Chair/thumbnails/1.png -> /home/azakaria/Documents/sim_v2/ros2_ws/install/robot_description/share/robot_description/models/Chair/thumbnails
copying models/Chair/thumbnails/2.png -> /home/azakaria/Documents/sim_v2/ros2_ws/install/robot_description/share/robot_description/models/Chair/thumbnails
creating /home/azakaria/Documents/sim_v2/ros2_ws/install/robot_description/share/robot_description/models/ChildVisitor
copying models/ChildVisitor/model.config -> /home/azakaria/Documents/sim_v2/ros2_ws/install/robot_description/share/robot_description/models/ChildVisitor
copying models/ChildVisitor/model.sdf -> /home/azakaria/Documents/sim_v2/ros2_ws/install/robot_description/share/robot_description/models/ChildVisitor
creating /home/azakaria/Documents/sim_v2/ros2_ws/install/robot_description/share/robot_description/models/ChildVisitor/meshes
copying models/ChildVisitor/meshes/VisitorKidWalk.dae -> /home/azakaria/Documents/sim_v2/ros2_ws/install/robot_description/share/robot_description/models/ChildVisitor/meshes
copying models/ChildVisitor/meshes/VisitorKid.png -> /home/azakaria/Documents/sim_v2/ros2_ws/install/robot_description/share/robot_description/models/ChildVisitor/meshes
creating /home/azakaria/Documents/sim_v2/ros2_ws/install/robot_description/share/robot_description/models/Desk
copying models/Desk/model.config -> /home/azakaria/Documents/sim_v2/ros2_ws/install/robot_description/share/robot_description/models/Desk
copying models/Desk/model.sdf -> /home/azakaria/Documents/sim_v2/ros2_ws/install/robot_description/share/robot_description/models/Desk
creating /home/azakaria/Documents/sim_v2/ros2_ws/install/robot_description/share/robot_description/models/Desk/meshes
copying models/Desk/meshes/Desk_Diffuse.png -> /home/azakaria/Documents/sim_v2/ros2_ws/install/robot_description/share/robot_description/models/Desk/meshes
copying models/Desk/meshes/desk.mtl -> /home/azakaria/Documents/sim_v2/ros2_ws/install/robot_description/share/robot_description/models/Desk/meshes
copying models/Desk/meshes/desk.obj -> /home/azakaria/Documents/sim_v2/ros2_ws/install/robot_description/share/robot_description/models/Desk/meshes
creating /home/azakaria/Documents/sim_v2/ros2_ws/install/robot_description/share/robot_description/models/Desk/thumbnails
copying models/Desk/thumbnails/4.png -> /home/azakaria/Documents/sim_v2/ros2_ws/install/robot_description/share/robot_description/models/Desk/thumbnails
copying models/Desk/thumbnails/3.png -> /home/azakaria/Documents/sim_v2/ros2_ws/install/robot_description/share/robot_description/models/Desk/thumbnails
copying models/Desk/thumbnails/5.png -> /home/azakaria/Documents/sim_v2/ros2_ws/install/robot_description/share/robot_description/models/Desk/thumbnails
copying models/Desk/thumbnails/1.png -> /home/azakaria/Documents/sim_v2/ros2_ws/install/robot_description/share/robot_description/models/Desk/thumbnails
copying models/Desk/thumbnails/2.png -> /home/azakaria/Documents/sim_v2/ros2_ws/install/robot_description/share/robot_description/models/Desk/thumbnails
creating /home/azakaria/Documents/sim_v2/ros2_ws/install/robot_description/share/robot_description/models/FemaleVisitor
copying models/FemaleVisitor/model.config -> /home/azakaria/Documents/sim_v2/ros2_ws/install/robot_description/share/robot_description/models/FemaleVisitor
copying models/FemaleVisitor/model.sdf -> /home/azakaria/Documents/sim_v2/ros2_ws/install/robot_description/share/robot_description/models/FemaleVisitor
creating /home/azakaria/Documents/sim_v2/ros2_ws/install/robot_description/share/robot_description/models/FemaleVisitor/meshes
copying models/FemaleVisitor/meshes/FemaleVisitor.png -> /home/azakaria/Documents/sim_v2/ros2_ws/install/robot_description/share/robot_description/models/FemaleVisitor/meshes
copying models/FemaleVisitor/meshes/FemaleVisitorWalk.dae -> /home/azakaria/Documents/sim_v2/ros2_ws/install/robot_description/share/robot_description/models/FemaleVisitor/meshes
copying models/FemaleVisitor/meshes/Handbag.png -> /home/azakaria/Documents/sim_v2/ros2_ws/install/robot_description/share/robot_description/models/FemaleVisitor/meshes
creating /home/azakaria/Documents/sim_v2/ros2_ws/install/robot_description/share/robot_description/models/MaleVisitor
copying models/MaleVisitor/model.config -> /home/azakaria/Documents/sim_v2/ros2_ws/install/robot_description/share/robot_description/models/MaleVisitor
copying models/MaleVisitor/model.sdf -> /home/azakaria/Documents/sim_v2/ros2_ws/install/robot_description/share/robot_description/models/MaleVisitor
creating /home/azakaria/Documents/sim_v2/ros2_ws/install/robot_description/share/robot_description/models/MaleVisitor/materials
creating /home/azakaria/Documents/sim_v2/ros2_ws/install/robot_description/share/robot_description/models/MaleVisitor/materials/textures
copying models/MaleVisitor/materials/textures/MaleVisitor.png -> /home/azakaria/Documents/sim_v2/ros2_ws/install/robot_description/share/robot_description/models/MaleVisitor/materials/textures
creating /home/azakaria/Documents/sim_v2/ros2_ws/install/robot_description/share/robot_description/models/MaleVisitor/meshes
copying models/MaleVisitor/meshes/MaleVisitorWalk.dae -> /home/azakaria/Documents/sim_v2/ros2_ws/install/robot_description/share/robot_description/models/MaleVisitor/meshes
creating /home/azakaria/Documents/sim_v2/ros2_ws/install/robot_description/share/robot_description/models/MaleVisitor/thumbnails
copying models/MaleVisitor/thumbnails/1.png -> /home/azakaria/Documents/sim_v2/ros2_ws/install/robot_description/share/robot_description/models/MaleVisitor/thumbnails
copying models/MaleVisitor/thumbnails/2.png -> /home/azakaria/Documents/sim_v2/ros2_ws/install/robot_description/share/robot_description/models/MaleVisitor/thumbnails
creating /home/azakaria/Documents/sim_v2/ros2_ws/install/robot_description/share/robot_description/models/Sofa
copying models/Sofa/model.config -> /home/azakaria/Documents/sim_v2/ros2_ws/install/robot_description/share/robot_description/models/Sofa
copying models/Sofa/model.sdf -> /home/azakaria/Documents/sim_v2/ros2_ws/install/robot_description/share/robot_description/models/Sofa
creating /home/azakaria/Documents/sim_v2/ros2_ws/install/robot_description/share/robot_description/models/Sofa/meshes
copying models/Sofa/meshes/Sofa.obj -> /home/azakaria/Documents/sim_v2/ros2_ws/install/robot_description/share/robot_description/models/Sofa/meshes
copying models/Sofa/meshes/Sofa.mtl -> /home/azakaria/Documents/sim_v2/ros2_ws/install/robot_description/share/robot_description/models/Sofa/meshes
copying models/Sofa/meshes/SofaDiffuse.png -> /home/azakaria/Documents/sim_v2/ros2_ws/install/robot_description/share/robot_description/models/Sofa/meshes
creating /home/azakaria/Documents/sim_v2/ros2_ws/install/robot_description/share/robot_description/models/Sofa/thumbnails
copying models/Sofa/thumbnails/4.png -> /home/azakaria/Documents/sim_v2/ros2_ws/install/robot_description/share/robot_description/models/Sofa/thumbnails
copying models/Sofa/thumbnails/3.png -> /home/azakaria/Documents/sim_v2/ros2_ws/install/robot_description/share/robot_description/models/Sofa/thumbnails
copying models/Sofa/thumbnails/5.png -> /home/azakaria/Documents/sim_v2/ros2_ws/install/robot_description/share/robot_description/models/Sofa/thumbnails
copying models/Sofa/thumbnails/1.png -> /home/azakaria/Documents/sim_v2/ros2_ws/install/robot_description/share/robot_description/models/Sofa/thumbnails
copying models/Sofa/thumbnails/2.png -> /home/azakaria/Documents/sim_v2/ros2_ws/install/robot_description/share/robot_description/models/Sofa/thumbnails
creating /home/azakaria/Documents/sim_v2/ros2_ws/install/robot_description/share/robot_description/models/TVStand
copying models/TVStand/model.config -> /home/azakaria/Documents/sim_v2/ros2_ws/install/robot_description/share/robot_description/models/TVStand
copying models/TVStand/model.sdf -> /home/azakaria/Documents/sim_v2/ros2_ws/install/robot_description/share/robot_description/models/TVStand
creating /home/azakaria/Documents/sim_v2/ros2_ws/install/robot_description/share/robot_description/models/TVStand/meshes
copying models/TVStand/meshes/TVStand_Col.obj -> /home/azakaria/Documents/sim_v2/ros2_ws/install/robot_description/share/robot_description/models/TVStand/meshes
copying models/TVStand/meshes/TVStand.mtl -> /home/azakaria/Documents/sim_v2/ros2_ws/install/robot_description/share/robot_description/models/TVStand/meshes
copying models/TVStand/meshes/TVStand_Diffuse.png -> /home/azakaria/Documents/sim_v2/ros2_ws/install/robot_description/share/robot_description/models/TVStand/meshes
copying models/TVStand/meshes/TVStand_Col.mtl -> /home/azakaria/Documents/sim_v2/ros2_ws/install/robot_description/share/robot_description/models/TVStand/meshes
copying models/TVStand/meshes/TVStand.obj -> /home/azakaria/Documents/sim_v2/ros2_ws/install/robot_description/share/robot_description/models/TVStand/meshes
creating /home/azakaria/Documents/sim_v2/ros2_ws/install/robot_description/share/robot_description/models/TVStand/thumbnails
copying models/TVStand/thumbnails/4.png -> /home/azakaria/Documents/sim_v2/ros2_ws/install/robot_description/share/robot_description/models/TVStand/thumbnails
copying models/TVStand/thumbnails/3.png -> /home/azakaria/Documents/sim_v2/ros2_ws/install/robot_description/share/robot_description/models/TVStand/thumbnails
copying models/TVStand/thumbnails/5.png -> /home/azakaria/Documents/sim_v2/ros2_ws/install/robot_description/share/robot_description/models/TVStand/thumbnails
copying models/TVStand/thumbnails/1.png -> /home/azakaria/Documents/sim_v2/ros2_ws/install/robot_description/share/robot_description/models/TVStand/thumbnails
copying models/TVStand/thumbnails/2.png -> /home/azakaria/Documents/sim_v2/ros2_ws/install/robot_description/share/robot_description/models/TVStand/thumbnails
creating /home/azakaria/Documents/sim_v2/ros2_ws/install/robot_description/share/robot_description/models/Wall
copying models/Wall/model.config -> /home/azakaria/Documents/sim_v2/ros2_ws/install/robot_description/share/robot_description/models/Wall
copying models/Wall/model.sdf -> /home/azakaria/Documents/sim_v2/ros2_ws/install/robot_description/share/robot_description/models/Wall
creating /home/azakaria/Documents/sim_v2/ros2_ws/install/robot_description/share/robot_description/models/marker0
copying models/marker0/model.config -> /home/azakaria/Documents/sim_v2/ros2_ws/install/robot_description/share/robot_description/models/marker0
copying models/marker0/model-1_4.sdf -> /home/azakaria/Documents/sim_v2/ros2_ws/install/robot_description/share/robot_description/models/marker0
copying models/marker0/model.sdf -> /home/azakaria/Documents/sim_v2/ros2_ws/install/robot_description/share/robot_description/models/marker0
copying models/marker0/model-1_5.sdf -> /home/azakaria/Documents/sim_v2/ros2_ws/install/robot_description/share/robot_description/models/marker0
creating /home/azakaria/Documents/sim_v2/ros2_ws/install/robot_description/share/robot_description/models/marker0/materials
creating /home/azakaria/Documents/sim_v2/ros2_ws/install/robot_description/share/robot_description/models/marker0/materials/textures
copying models/marker0/materials/textures/Marker0.png -> /home/azakaria/Documents/sim_v2/ros2_ws/install/robot_description/share/robot_description/models/marker0/materials/textures
creating /home/azakaria/Documents/sim_v2/ros2_ws/install/robot_description/share/robot_description/models/marker0/meshes
copying models/marker0/meshes/Marker0.dae -> /home/azakaria/Documents/sim_v2/ros2_ws/install/robot_description/share/robot_description/models/marker0/meshes
creating /home/azakaria/Documents/sim_v2/ros2_ws/install/robot_description/share/robot_description/models/marker1
copying models/marker1/model.config -> /home/azakaria/Documents/sim_v2/ros2_ws/install/robot_description/share/robot_description/models/marker1
copying models/marker1/model-1_4.sdf -> /home/azakaria/Documents/sim_v2/ros2_ws/install/robot_description/share/robot_description/models/marker1
copying models/marker1/model.sdf -> /home/azakaria/Documents/sim_v2/ros2_ws/install/robot_description/share/robot_description/models/marker1
copying models/marker1/model-1_5.sdf -> /home/azakaria/Documents/sim_v2/ros2_ws/install/robot_description/share/robot_description/models/marker1
creating /home/azakaria/Documents/sim_v2/ros2_ws/install/robot_description/share/robot_description/models/marker1/materials
creating /home/azakaria/Documents/sim_v2/ros2_ws/install/robot_description/share/robot_description/models/marker1/materials/textures
copying models/marker1/materials/textures/Marker1.png -> /home/azakaria/Documents/sim_v2/ros2_ws/install/robot_description/share/robot_description/models/marker1/materials/textures
creating /home/azakaria/Documents/sim_v2/ros2_ws/install/robot_description/share/robot_description/models/marker1/meshes
copying models/marker1/meshes/Marker1.dae -> /home/azakaria/Documents/sim_v2/ros2_ws/install/robot_description/share/robot_description/models/marker1/meshes
creating /home/azakaria/Documents/sim_v2/ros2_ws/install/robot_description/share/robot_description/models/marker10
copying models/marker10/model.config -> /home/azakaria/Documents/sim_v2/ros2_ws/install/robot_description/share/robot_description/models/marker10
copying models/marker10/model-1_4.sdf -> /home/azakaria/Documents/sim_v2/ros2_ws/install/robot_description/share/robot_description/models/marker10
copying models/marker10/model.sdf -> /home/azakaria/Documents/sim_v2/ros2_ws/install/robot_description/share/robot_description/models/marker10
copying models/marker10/model-1_5.sdf -> /home/azakaria/Documents/sim_v2/ros2_ws/install/robot_description/share/robot_description/models/marker10
creating /home/azakaria/Documents/sim_v2/ros2_ws/install/robot_description/share/robot_description/models/marker10/materials
creating /home/azakaria/Documents/sim_v2/ros2_ws/install/robot_description/share/robot_description/models/marker10/materials/textures
copying models/marker10/materials/textures/Marker10.png -> /home/azakaria/Documents/sim_v2/ros2_ws/install/robot_description/share/robot_description/models/marker10/materials/textures
creating /home/azakaria/Documents/sim_v2/ros2_ws/install/robot_description/share/robot_description/models/marker10/meshes
copying models/marker10/meshes/Marker10.dae -> /home/azakaria/Documents/sim_v2/ros2_ws/install/robot_description/share/robot_description/models/marker10/meshes
creating /home/azakaria/Documents/sim_v2/ros2_ws/install/robot_description/share/robot_description/models/marker12
copying models/marker12/model.config -> /home/azakaria/Documents/sim_v2/ros2_ws/install/robot_description/share/robot_description/models/marker12
copying models/marker12/model-1_4.sdf -> /home/azakaria/Documents/sim_v2/ros2_ws/install/robot_description/share/robot_description/models/marker12
copying models/marker12/model.sdf -> /home/azakaria/Documents/sim_v2/ros2_ws/install/robot_description/share/robot_description/models/marker12
copying models/marker12/model-1_5.sdf -> /home/azakaria/Documents/sim_v2/ros2_ws/install/robot_description/share/robot_description/models/marker12
creating /home/azakaria/Documents/sim_v2/ros2_ws/install/robot_description/share/robot_description/models/marker12/materials
creating /home/azakaria/Documents/sim_v2/ros2_ws/install/robot_description/share/robot_description/models/marker12/materials/textures
copying models/marker12/materials/textures/Marker12.png -> /home/azakaria/Documents/sim_v2/ros2_ws/install/robot_description/share/robot_description/models/marker12/materials/textures
creating /home/azakaria/Documents/sim_v2/ros2_ws/install/robot_description/share/robot_description/models/marker12/meshes
copying models/marker12/meshes/Marker12.dae -> /home/azakaria/Documents/sim_v2/ros2_ws/install/robot_description/share/robot_description/models/marker12/meshes
creating /home/azakaria/Documents/sim_v2/ros2_ws/install/robot_description/share/robot_description/models/marker13
copying models/marker13/model.config -> /home/azakaria/Documents/sim_v2/ros2_ws/install/robot_description/share/robot_description/models/marker13
copying models/marker13/model-1_4.sdf -> /home/azakaria/Documents/sim_v2/ros2_ws/install/robot_description/share/robot_description/models/marker13
copying models/marker13/model.sdf -> /home/azakaria/Documents/sim_v2/ros2_ws/install/robot_description/share/robot_description/models/marker13
copying models/marker13/model-1_5.sdf -> /home/azakaria/Documents/sim_v2/ros2_ws/install/robot_description/share/robot_description/models/marker13
creating /home/azakaria/Documents/sim_v2/ros2_ws/install/robot_description/share/robot_description/models/marker13/materials
creating /home/azakaria/Documents/sim_v2/ros2_ws/install/robot_description/share/robot_description/models/marker13/materials/textures
copying models/marker13/materials/textures/Marker13.png -> /home/azakaria/Documents/sim_v2/ros2_ws/install/robot_description/share/robot_description/models/marker13/materials/textures
creating /home/azakaria/Documents/sim_v2/ros2_ws/install/robot_description/share/robot_description/models/marker13/meshes
copying models/marker13/meshes/Marker13.dae -> /home/azakaria/Documents/sim_v2/ros2_ws/install/robot_description/share/robot_description/models/marker13/meshes
creating /home/azakaria/Documents/sim_v2/ros2_ws/install/robot_description/share/robot_description/models/marker14
copying models/marker14/model.config -> /home/azakaria/Documents/sim_v2/ros2_ws/install/robot_description/share/robot_description/models/marker14
copying models/marker14/model-1_4.sdf -> /home/azakaria/Documents/sim_v2/ros2_ws/install/robot_description/share/robot_description/models/marker14
copying models/marker14/model.sdf -> /home/azakaria/Documents/sim_v2/ros2_ws/install/robot_description/share/robot_description/models/marker14
copying models/marker14/model-1_5.sdf -> /home/azakaria/Documents/sim_v2/ros2_ws/install/robot_description/share/robot_description/models/marker14
creating /home/azakaria/Documents/sim_v2/ros2_ws/install/robot_description/share/robot_description/models/marker14/materials
creating /home/azakaria/Documents/sim_v2/ros2_ws/install/robot_description/share/robot_description/models/marker14/materials/textures
copying models/marker14/materials/textures/Marker14.png -> /home/azakaria/Documents/sim_v2/ros2_ws/install/robot_description/share/robot_description/models/marker14/materials/textures
creating /home/azakaria/Documents/sim_v2/ros2_ws/install/robot_description/share/robot_description/models/marker14/meshes
copying models/marker14/meshes/Marker14.dae -> /home/azakaria/Documents/sim_v2/ros2_ws/install/robot_description/share/robot_description/models/marker14/meshes
creating /home/azakaria/Documents/sim_v2/ros2_ws/install/robot_description/share/robot_description/models/marker15
copying models/marker15/model.config -> /home/azakaria/Documents/sim_v2/ros2_ws/install/robot_description/share/robot_description/models/marker15
copying models/marker15/model-1_4.sdf -> /home/azakaria/Documents/sim_v2/ros2_ws/install/robot_description/share/robot_description/models/marker15
copying models/marker15/model.sdf -> /home/azakaria/Documents/sim_v2/ros2_ws/install/robot_description/share/robot_description/models/marker15
copying models/marker15/model-1_5.sdf -> /home/azakaria/Documents/sim_v2/ros2_ws/install/robot_description/share/robot_description/models/marker15
creating /home/azakaria/Documents/sim_v2/ros2_ws/install/robot_description/share/robot_description/models/marker15/materials
creating /home/azakaria/Documents/sim_v2/ros2_ws/install/robot_description/share/robot_description/models/marker15/materials/textures
copying models/marker15/materials/textures/Marker15.png -> /home/azakaria/Documents/sim_v2/ros2_ws/install/robot_description/share/robot_description/models/marker15/materials/textures
creating /home/azakaria/Documents/sim_v2/ros2_ws/install/robot_description/share/robot_description/models/marker15/meshes
copying models/marker15/meshes/Marker15.dae -> /home/azakaria/Documents/sim_v2/ros2_ws/install/robot_description/share/robot_description/models/marker15/meshes
creating /home/azakaria/Documents/sim_v2/ros2_ws/install/robot_description/share/robot_description/models/marker16
copying models/marker16/model.config -> /home/azakaria/Documents/sim_v2/ros2_ws/install/robot_description/share/robot_description/models/marker16
copying models/marker16/model-1_4.sdf -> /home/azakaria/Documents/sim_v2/ros2_ws/install/robot_description/share/robot_description/models/marker16
copying models/marker16/model.sdf -> /home/azakaria/Documents/sim_v2/ros2_ws/install/robot_description/share/robot_description/models/marker16
copying models/marker16/model-1_5.sdf -> /home/azakaria/Documents/sim_v2/ros2_ws/install/robot_description/share/robot_description/models/marker16
creating /home/azakaria/Documents/sim_v2/ros2_ws/install/robot_description/share/robot_description/models/marker16/materials
creating /home/azakaria/Documents/sim_v2/ros2_ws/install/robot_description/share/robot_description/models/marker16/materials/textures
copying models/marker16/materials/textures/Marker16.png -> /home/azakaria/Documents/sim_v2/ros2_ws/install/robot_description/share/robot_description/models/marker16/materials/textures
creating /home/azakaria/Documents/sim_v2/ros2_ws/install/robot_description/share/robot_description/models/marker16/meshes
copying models/marker16/meshes/Marker16.dae -> /home/azakaria/Documents/sim_v2/ros2_ws/install/robot_description/share/robot_description/models/marker16/meshes
creating /home/azakaria/Documents/sim_v2/ros2_ws/install/robot_description/share/robot_description/models/marker17
copying models/marker17/model.config -> /home/azakaria/Documents/sim_v2/ros2_ws/install/robot_description/share/robot_description/models/marker17
copying models/marker17/model-1_4.sdf -> /home/azakaria/Documents/sim_v2/ros2_ws/install/robot_description/share/robot_description/models/marker17
copying models/marker17/model.sdf -> /home/azakaria/Documents/sim_v2/ros2_ws/install/robot_description/share/robot_description/models/marker17
copying models/marker17/model-1_5.sdf -> /home/azakaria/Documents/sim_v2/ros2_ws/install/robot_description/share/robot_description/models/marker17
creating /home/azakaria/Documents/sim_v2/ros2_ws/install/robot_description/share/robot_description/models/marker17/materials
creating /home/azakaria/Documents/sim_v2/ros2_ws/install/robot_description/share/robot_description/models/marker17/materials/textures
copying models/marker17/materials/textures/Marker17.png -> /home/azakaria/Documents/sim_v2/ros2_ws/install/robot_description/share/robot_description/models/marker17/materials/textures
creating /home/azakaria/Documents/sim_v2/ros2_ws/install/robot_description/share/robot_description/models/marker17/meshes
copying models/marker17/meshes/Marker17.dae -> /home/azakaria/Documents/sim_v2/ros2_ws/install/robot_description/share/robot_description/models/marker17/meshes
creating /home/azakaria/Documents/sim_v2/ros2_ws/install/robot_description/share/robot_description/models/marker18
copying models/marker18/model.config -> /home/azakaria/Documents/sim_v2/ros2_ws/install/robot_description/share/robot_description/models/marker18
copying models/marker18/model-1_4.sdf -> /home/azakaria/Documents/sim_v2/ros2_ws/install/robot_description/share/robot_description/models/marker18
copying models/marker18/model.sdf -> /home/azakaria/Documents/sim_v2/ros2_ws/install/robot_description/share/robot_description/models/marker18
copying models/marker18/model-1_5.sdf -> /home/azakaria/Documents/sim_v2/ros2_ws/install/robot_description/share/robot_description/models/marker18
creating /home/azakaria/Documents/sim_v2/ros2_ws/install/robot_description/share/robot_description/models/marker18/materials
creating /home/azakaria/Documents/sim_v2/ros2_ws/install/robot_description/share/robot_description/models/marker18/materials/textures
copying models/marker18/materials/textures/Marker18.png -> /home/azakaria/Documents/sim_v2/ros2_ws/install/robot_description/share/robot_description/models/marker18/materials/textures
creating /home/azakaria/Documents/sim_v2/ros2_ws/install/robot_description/share/robot_description/models/marker18/meshes
copying models/marker18/meshes/Marker18.dae -> /home/azakaria/Documents/sim_v2/ros2_ws/install/robot_description/share/robot_description/models/marker18/meshes
creating /home/azakaria/Documents/sim_v2/ros2_ws/install/robot_description/share/robot_description/models/marker19
copying models/marker19/model.config -> /home/azakaria/Documents/sim_v2/ros2_ws/install/robot_description/share/robot_description/models/marker19
copying models/marker19/model-1_4.sdf -> /home/azakaria/Documents/sim_v2/ros2_ws/install/robot_description/share/robot_description/models/marker19
copying models/marker19/model.sdf -> /home/azakaria/Documents/sim_v2/ros2_ws/install/robot_description/share/robot_description/models/marker19
copying models/marker19/model-1_5.sdf -> /home/azakaria/Documents/sim_v2/ros2_ws/install/robot_description/share/robot_description/models/marker19
creating /home/azakaria/Documents/sim_v2/ros2_ws/install/robot_description/share/robot_description/models/marker19/materials
creating /home/azakaria/Documents/sim_v2/ros2_ws/install/robot_description/share/robot_description/models/marker19/materials/textures
copying models/marker19/materials/textures/Marker19.png -> /home/azakaria/Documents/sim_v2/ros2_ws/install/robot_description/share/robot_description/models/marker19/materials/textures
creating /home/azakaria/Documents/sim_v2/ros2_ws/install/robot_description/share/robot_description/models/marker19/meshes
copying models/marker19/meshes/Marker19.dae -> /home/azakaria/Documents/sim_v2/ros2_ws/install/robot_description/share/robot_description/models/marker19/meshes
creating /home/azakaria/Documents/sim_v2/ros2_ws/install/robot_description/share/robot_description/models/marker2
copying models/marker2/model.config -> /home/azakaria/Documents/sim_v2/ros2_ws/install/robot_description/share/robot_description/models/marker2
copying models/marker2/model-1_4.sdf -> /home/azakaria/Documents/sim_v2/ros2_ws/install/robot_description/share/robot_description/models/marker2
copying models/marker2/model.sdf -> /home/azakaria/Documents/sim_v2/ros2_ws/install/robot_description/share/robot_description/models/marker2
copying models/marker2/model-1_5.sdf -> /home/azakaria/Documents/sim_v2/ros2_ws/install/robot_description/share/robot_description/models/marker2
creating /home/azakaria/Documents/sim_v2/ros2_ws/install/robot_description/share/robot_description/models/marker2/materials
creating /home/azakaria/Documents/sim_v2/ros2_ws/install/robot_description/share/robot_description/models/marker2/materials/textures
copying models/marker2/materials/textures/Marker2.png -> /home/azakaria/Documents/sim_v2/ros2_ws/install/robot_description/share/robot_description/models/marker2/materials/textures
creating /home/azakaria/Documents/sim_v2/ros2_ws/install/robot_description/share/robot_description/models/marker2/meshes
copying models/marker2/meshes/Marker2.dae -> /home/azakaria/Documents/sim_v2/ros2_ws/install/robot_description/share/robot_description/models/marker2/meshes
creating /home/azakaria/Documents/sim_v2/ros2_ws/install/robot_description/share/robot_description/models/marker3
copying models/marker3/model.config -> /home/azakaria/Documents/sim_v2/ros2_ws/install/robot_description/share/robot_description/models/marker3
copying models/marker3/model-1_4.sdf -> /home/azakaria/Documents/sim_v2/ros2_ws/install/robot_description/share/robot_description/models/marker3
copying models/marker3/model.sdf -> /home/azakaria/Documents/sim_v2/ros2_ws/install/robot_description/share/robot_description/models/marker3
copying models/marker3/model-1_5.sdf -> /home/azakaria/Documents/sim_v2/ros2_ws/install/robot_description/share/robot_description/models/marker3
creating /home/azakaria/Documents/sim_v2/ros2_ws/install/robot_description/share/robot_description/models/marker3/materials
creating /home/azakaria/Documents/sim_v2/ros2_ws/install/robot_description/share/robot_description/models/marker3/materials/textures
copying models/marker3/materials/textures/Marker3.png -> /home/azakaria/Documents/sim_v2/ros2_ws/install/robot_description/share/robot_description/models/marker3/materials/textures
creating /home/azakaria/Documents/sim_v2/ros2_ws/install/robot_description/share/robot_description/models/marker3/meshes
copying models/marker3/meshes/Marker3.dae -> /home/azakaria/Documents/sim_v2/ros2_ws/install/robot_description/share/robot_description/models/marker3/meshes
creating /home/azakaria/Documents/sim_v2/ros2_ws/install/robot_description/share/robot_description/models/marker4
copying models/marker4/model.config -> /home/azakaria/Documents/sim_v2/ros2_ws/install/robot_description/share/robot_description/models/marker4
copying models/marker4/model-1_4.sdf -> /home/azakaria/Documents/sim_v2/ros2_ws/install/robot_description/share/robot_description/models/marker4
copying models/marker4/model.sdf -> /home/azakaria/Documents/sim_v2/ros2_ws/install/robot_description/share/robot_description/models/marker4
copying models/marker4/model-1_5.sdf -> /home/azakaria/Documents/sim_v2/ros2_ws/install/robot_description/share/robot_description/models/marker4
creating /home/azakaria/Documents/sim_v2/ros2_ws/install/robot_description/share/robot_description/models/marker4/materials
creating /home/azakaria/Documents/sim_v2/ros2_ws/install/robot_description/share/robot_description/models/marker4/materials/textures
copying models/marker4/materials/textures/Marker4.png -> /home/azakaria/Documents/sim_v2/ros2_ws/install/robot_description/share/robot_description/models/marker4/materials/textures
creating /home/azakaria/Documents/sim_v2/ros2_ws/install/robot_description/share/robot_description/models/marker4/meshes
copying models/marker4/meshes/Marker4.dae -> /home/azakaria/Documents/sim_v2/ros2_ws/install/robot_description/share/robot_description/models/marker4/meshes
creating /home/azakaria/Documents/sim_v2/ros2_ws/install/robot_description/share/robot_description/models/marker5
copying models/marker5/model.config -> /home/azakaria/Documents/sim_v2/ros2_ws/install/robot_description/share/robot_description/models/marker5
copying models/marker5/model-1_4.sdf -> /home/azakaria/Documents/sim_v2/ros2_ws/install/robot_description/share/robot_description/models/marker5
copying models/marker5/model.sdf -> /home/azakaria/Documents/sim_v2/ros2_ws/install/robot_description/share/robot_description/models/marker5
copying models/marker5/model-1_5.sdf -> /home/azakaria/Documents/sim_v2/ros2_ws/install/robot_description/share/robot_description/models/marker5
creating /home/azakaria/Documents/sim_v2/ros2_ws/install/robot_description/share/robot_description/models/marker5/materials
creating /home/azakaria/Documents/sim_v2/ros2_ws/install/robot_description/share/robot_description/models/marker5/materials/textures
copying models/marker5/materials/textures/Marker5.png -> /home/azakaria/Documents/sim_v2/ros2_ws/install/robot_description/share/robot_description/models/marker5/materials/textures
creating /home/azakaria/Documents/sim_v2/ros2_ws/install/robot_description/share/robot_description/models/marker5/meshes
copying models/marker5/meshes/Marker5.dae -> /home/azakaria/Documents/sim_v2/ros2_ws/install/robot_description/share/robot_description/models/marker5/meshes
creating /home/azakaria/Documents/sim_v2/ros2_ws/install/robot_description/share/robot_description/models/marker6
copying models/marker6/model.config -> /home/azakaria/Documents/sim_v2/ros2_ws/install/robot_description/share/robot_description/models/marker6
copying models/marker6/model-1_4.sdf -> /home/azakaria/Documents/sim_v2/ros2_ws/install/robot_description/share/robot_description/models/marker6
copying models/marker6/model.sdf -> /home/azakaria/Documents/sim_v2/ros2_ws/install/robot_description/share/robot_description/models/marker6
copying models/marker6/model-1_5.sdf -> /home/azakaria/Documents/sim_v2/ros2_ws/install/robot_description/share/robot_description/models/marker6
creating /home/azakaria/Documents/sim_v2/ros2_ws/install/robot_description/share/robot_description/models/marker6/materials
creating /home/azakaria/Documents/sim_v2/ros2_ws/install/robot_description/share/robot_description/models/marker6/materials/textures
copying models/marker6/materials/textures/Marker6.png -> /home/azakaria/Documents/sim_v2/ros2_ws/install/robot_description/share/robot_description/models/marker6/materials/textures
creating /home/azakaria/Documents/sim_v2/ros2_ws/install/robot_description/share/robot_description/models/marker6/meshes
copying models/marker6/meshes/Marker6.dae -> /home/azakaria/Documents/sim_v2/ros2_ws/install/robot_description/share/robot_description/models/marker6/meshes
creating /home/azakaria/Documents/sim_v2/ros2_ws/install/robot_description/share/robot_description/models/marker7
copying models/marker7/model.config -> /home/azakaria/Documents/sim_v2/ros2_ws/install/robot_description/share/robot_description/models/marker7
copying models/marker7/model-1_4.sdf -> /home/azakaria/Documents/sim_v2/ros2_ws/install/robot_description/share/robot_description/models/marker7
copying models/marker7/model.sdf -> /home/azakaria/Documents/sim_v2/ros2_ws/install/robot_description/share/robot_description/models/marker7
copying models/marker7/model-1_5.sdf -> /home/azakaria/Documents/sim_v2/ros2_ws/install/robot_description/share/robot_description/models/marker7
creating /home/azakaria/Documents/sim_v2/ros2_ws/install/robot_description/share/robot_description/models/marker7/materials
creating /home/azakaria/Documents/sim_v2/ros2_ws/install/robot_description/share/robot_description/models/marker7/materials/textures
copying models/marker7/materials/textures/Marker7.png -> /home/azakaria/Documents/sim_v2/ros2_ws/install/robot_description/share/robot_description/models/marker7/materials/textures
creating /home/azakaria/Documents/sim_v2/ros2_ws/install/robot_description/share/robot_description/models/marker7/meshes
copying models/marker7/meshes/Marker7.dae -> /home/azakaria/Documents/sim_v2/ros2_ws/install/robot_description/share/robot_description/models/marker7/meshes
creating /home/azakaria/Documents/sim_v2/ros2_ws/install/robot_description/share/robot_description/models/marker8
copying models/marker8/model.config -> /home/azakaria/Documents/sim_v2/ros2_ws/install/robot_description/share/robot_description/models/marker8
copying models/marker8/model-1_4.sdf -> /home/azakaria/Documents/sim_v2/ros2_ws/install/robot_description/share/robot_description/models/marker8
copying models/marker8/model.sdf -> /home/azakaria/Documents/sim_v2/ros2_ws/install/robot_description/share/robot_description/models/marker8
copying models/marker8/model-1_5.sdf -> /home/azakaria/Documents/sim_v2/ros2_ws/install/robot_description/share/robot_description/models/marker8
creating /home/azakaria/Documents/sim_v2/ros2_ws/install/robot_description/share/robot_description/models/marker8/materials
creating /home/azakaria/Documents/sim_v2/ros2_ws/install/robot_description/share/robot_description/models/marker8/materials/textures
copying models/marker8/materials/textures/Marker8.png -> /home/azakaria/Documents/sim_v2/ros2_ws/install/robot_description/share/robot_description/models/marker8/materials/textures
creating /home/azakaria/Documents/sim_v2/ros2_ws/install/robot_description/share/robot_description/models/marker8/meshes
copying models/marker8/meshes/Marker8.dae -> /home/azakaria/Documents/sim_v2/ros2_ws/install/robot_description/share/robot_description/models/marker8/meshes
creating /home/azakaria/Documents/sim_v2/ros2_ws/install/robot_description/share/robot_description/models/marker9
copying models/marker9/model.config -> /home/azakaria/Documents/sim_v2/ros2_ws/install/robot_description/share/robot_description/models/marker9
copying models/marker9/model-1_4.sdf -> /home/azakaria/Documents/sim_v2/ros2_ws/install/robot_description/share/robot_description/models/marker9
copying models/marker9/model.sdf -> /home/azakaria/Documents/sim_v2/ros2_ws/install/robot_description/share/robot_description/models/marker9
copying models/marker9/model-1_5.sdf -> /home/azakaria/Documents/sim_v2/ros2_ws/install/robot_description/share/robot_description/models/marker9
creating /home/azakaria/Documents/sim_v2/ros2_ws/install/robot_description/share/robot_description/models/marker9/materials
creating /home/azakaria/Documents/sim_v2/ros2_ws/install/robot_description/share/robot_description/models/marker9/materials/textures
copying models/marker9/materials/textures/Marker9.png -> /home/azakaria/Documents/sim_v2/ros2_ws/install/robot_description/share/robot_description/models/marker9/materials/textures
creating /home/azakaria/Documents/sim_v2/ros2_ws/install/robot_description/share/robot_description/models/marker9/meshes
copying models/marker9/meshes/Marker9.dae -> /home/azakaria/Documents/sim_v2/ros2_ws/install/robot_description/share/robot_description/models/marker9/meshes
running install_egg_info
Copying ../../build/robot_description/robot_description.egg-info to /home/azakaria/Documents/sim_v2/ros2_ws/install/robot_description/lib/python3.12/site-packages/robot_description-0.0.0-py3.12.egg-info
running install_scripts
Installing aruco_detection_pose_estimation script to /home/azakaria/Documents/sim_v2/ros2_ws/install/robot_description/lib/robot_description
Installing camera_subscriber script to /home/azakaria/Documents/sim_v2/ros2_ws/install/robot_description/lib/robot_description
Installing obstacle_avoidance script to /home/azakaria/Documents/sim_v2/ros2_ws/install/robot_description/lib/robot_description
writing list of installed files to '/home/azakaria/Documents/sim_v2/ros2_ws/build/robot_description/install.log'
